{"/Users/kentestrada/dev/kent/unimore/manufacturing-execution-system/backend/src/repositories/inventory.repository.ts": {"path":"/Users/kentestrada/dev/kent/unimore/manufacturing-execution-system/backend/src/repositories/inventory.repository.ts","statementMap":{"0":{"start":{"line":1,"column":0},"end":{"line":1,"column":44}},"1":{"start":{"line":2,"column":0},"end":{"line":2,"column":51}},"2":{"start":{"line":3,"column":0},"end":{"line":3,"column":47}},"3":{"start":{"line":4,"column":0},"end":{"line":4,"column":74}},"4":{"start":{"line":5,"column":0},"end":{"line":5,"column":87}},"5":{"start":{"line":6,"column":0},"end":{"line":6,"column":40}},"6":{"start":{"line":9,"column":7},"end":{"line":181,"column":null}},"7":{"start":{"line":15,"column":4},"end":{"line":15,"column":56}},"8":{"start":{"line":13,"column":32},"end":{"line":13,"column":44}},"9":{"start":{"line":19,"column":21},"end":{"line":19,"column":39}},"10":{"start":{"line":20,"column":4},"end":{"line":24,"column":7}},"11":{"start":{"line":28,"column":21},"end":{"line":28,"column":39}},"12":{"start":{"line":29,"column":4},"end":{"line":33,"column":7}},"13":{"start":{"line":37,"column":21},"end":{"line":37,"column":39}},"14":{"start":{"line":38,"column":4},"end":{"line":41,"column":7}},"15":{"start":{"line":45,"column":21},"end":{"line":45,"column":39}},"16":{"start":{"line":46,"column":4},"end":{"line":49,"column":7}},"17":{"start":{"line":53,"column":21},"end":{"line":53,"column":39}},"18":{"start":{"line":54,"column":4},"end":{"line":57,"column":7}},"19":{"start":{"line":61,"column":21},"end":{"line":61,"column":39}},"20":{"start":{"line":62,"column":18},"end":{"line":62,"column":28}},"21":{"start":{"line":63,"column":4},"end":{"line":70,"column":7}},"22":{"start":{"line":74,"column":21},"end":{"line":74,"column":39}},"23":{"start":{"line":75,"column":23},"end":{"line":75,"column":33}},"24":{"start":{"line":76,"column":4},"end":{"line":76,"column":57}},"25":{"start":{"line":78,"column":4},"end":{"line":85,"column":7}},"26":{"start":{"line":89,"column":21},"end":{"line":89,"column":39}},"27":{"start":{"line":90,"column":18},"end":{"line":96,"column":6}},"28":{"start":{"line":98,"column":4},"end":{"line":98,"column":80}},"29":{"start":{"line":98,"column":39},"end":{"line":98,"column":75}},"30":{"start":{"line":102,"column":21},"end":{"line":102,"column":39}},"31":{"start":{"line":103,"column":18},"end":{"line":105,"column":6}},"32":{"start":{"line":107,"column":4},"end":{"line":107,"column":77}},"33":{"start":{"line":107,"column":39},"end":{"line":107,"column":72}},"34":{"start":{"line":116,"column":21},"end":{"line":116,"column":39}},"35":{"start":{"line":117,"column":22},"end":{"line":125,"column":6}},"36":{"start":{"line":127,"column":4},"end":{"line":129,"column":5}},"37":{"start":{"line":128,"column":6},"end":{"line":128,"column":18}},"38":{"start":{"line":131,"column":4},"end":{"line":131,"column":44}},"39":{"start":{"line":132,"column":4},"end":{"line":132,"column":43}},"40":{"start":{"line":134,"column":4},"end":{"line":134,"column":43}},"41":{"start":{"line":143,"column":21},"end":{"line":143,"column":39}},"42":{"start":{"line":144,"column":4},"end":{"line":147,"column":6}},"43":{"start":{"line":148,"column":20},"end":{"line":150,"column":6}},"44":{"start":{"line":151,"column":4},"end":{"line":153,"column":5}},"45":{"start":{"line":152,"column":6},"end":{"line":152,"column":45}},"46":{"start":{"line":154,"column":4},"end":{"line":154,"column":19}},"47":{"start":{"line":158,"column":21},"end":{"line":158,"column":39}},"48":{"start":{"line":159,"column":4},"end":{"line":165,"column":17}},"49":{"start":{"line":169,"column":21},"end":{"line":169,"column":39}},"50":{"start":{"line":170,"column":19},"end":{"line":177,"column":19}},"51":{"start":{"line":179,"column":4},"end":{"line":179,"column":18}},"52":{"start":{"line":9,"column":13},"end":{"line":9,"column":32}},"53":{"start":{"line":9,"column":13},"end":{"line":181,"column":null}}},"fnMap":{"0":{"name":"(anonymous_4)","decl":{"start":{"line":10,"column":2},"end":{"line":10,"column":null}},"loc":{"start":{"line":13,"column":54},"end":{"line":16,"column":3}}},"1":{"name":"(anonymous_5)","decl":{"start":{"line":18,"column":2},"end":{"line":18,"column":7}},"loc":{"start":{"line":18,"column":39},"end":{"line":25,"column":3}}},"2":{"name":"(anonymous_6)","decl":{"start":{"line":27,"column":2},"end":{"line":27,"column":7}},"loc":{"start":{"line":27,"column":45},"end":{"line":34,"column":3}}},"3":{"name":"(anonymous_7)","decl":{"start":{"line":36,"column":2},"end":{"line":36,"column":7}},"loc":{"start":{"line":36,"column":66},"end":{"line":42,"column":3}}},"4":{"name":"(anonymous_8)","decl":{"start":{"line":44,"column":2},"end":{"line":44,"column":7}},"loc":{"start":{"line":44,"column":41},"end":{"line":50,"column":3}}},"5":{"name":"(anonymous_9)","decl":{"start":{"line":52,"column":2},"end":{"line":52,"column":7}},"loc":{"start":{"line":52,"column":44},"end":{"line":58,"column":3}}},"6":{"name":"(anonymous_10)","decl":{"start":{"line":60,"column":2},"end":{"line":60,"column":7}},"loc":{"start":{"line":60,"column":24},"end":{"line":71,"column":3}}},"7":{"name":"(anonymous_11)","decl":{"start":{"line":73,"column":2},"end":{"line":73,"column":7}},"loc":{"start":{"line":73,"column":43},"end":{"line":86,"column":3}}},"8":{"name":"(anonymous_12)","decl":{"start":{"line":88,"column":2},"end":{"line":88,"column":7}},"loc":{"start":{"line":88,"column":46},"end":{"line":99,"column":3}}},"9":{"name":"(anonymous_13)","decl":{"start":{"line":98,"column":24},"end":{"line":98,"column":25}},"loc":{"start":{"line":98,"column":39},"end":{"line":98,"column":75}}},"10":{"name":"(anonymous_14)","decl":{"start":{"line":101,"column":2},"end":{"line":101,"column":7}},"loc":{"start":{"line":101,"column":42},"end":{"line":108,"column":3}}},"11":{"name":"(anonymous_15)","decl":{"start":{"line":107,"column":24},"end":{"line":107,"column":25}},"loc":{"start":{"line":107,"column":39},"end":{"line":107,"column":72}}},"12":{"name":"(anonymous_16)","decl":{"start":{"line":110,"column":2},"end":{"line":110,"column":7}},"loc":{"start":{"line":114,"column":20},"end":{"line":135,"column":3}}},"13":{"name":"(anonymous_17)","decl":{"start":{"line":137,"column":2},"end":{"line":137,"column":7}},"loc":{"start":{"line":141,"column":28},"end":{"line":155,"column":3}}},"14":{"name":"(anonymous_18)","decl":{"start":{"line":157,"column":2},"end":{"line":157,"column":7}},"loc":{"start":{"line":157,"column":43},"end":{"line":166,"column":3}}},"15":{"name":"(anonymous_19)","decl":{"start":{"line":168,"column":2},"end":{"line":168,"column":7}},"loc":{"start":{"line":168,"column":29},"end":{"line":180,"column":3}}}},"branchMap":{"0":{"loc":{"start":{"line":127,"column":4},"end":{"line":129,"column":5}},"type":"if","locations":[{"start":{"line":127,"column":4},"end":{"line":129,"column":5}},{"start":{},"end":{}}]},"1":{"loc":{"start":{"line":127,"column":8},"end":{"line":127,"column":60}},"type":"binary-expr","locations":[{"start":{"line":127,"column":8},"end":{"line":127,"column":18}},{"start":{"line":127,"column":22},"end":{"line":127,"column":60}}]},"2":{"loc":{"start":{"line":151,"column":4},"end":{"line":153,"column":5}},"type":"if","locations":[{"start":{"line":151,"column":4},"end":{"line":153,"column":5}},{"start":{},"end":{}}]},"3":{"loc":{"start":{"line":12,"column":25},"end":{"line":12,"column":46}},"type":"cond-expr","locations":[{"start":{"line":12,"column":35},"end":{"line":12,"column":46}},{"start":{"line":12,"column":35},"end":{"line":12,"column":46}}]},"4":{"loc":{"start":{"line":12,"column":25},"end":{"line":12,"column":35}},"type":"binary-expr","locations":[{"start":{"line":12,"column":25},"end":{"line":12,"column":46}},{"start":{"line":12,"column":25},"end":{"line":12,"column":35}}]},"5":{"loc":{"start":{"line":12,"column":35},"end":{"line":13,"column":null}},"type":"cond-expr","locations":[{"start":{"line":13,"column":54},"end":{"line":13,"column":null}},{"start":{"line":13,"column":54},"end":{"line":13,"column":null}}]},"6":{"loc":{"start":{"line":12,"column":35},"end":{"line":13,"column":54}},"type":"binary-expr","locations":[{"start":{"line":12,"column":35},"end":{"line":13,"column":null}},{"start":{"line":13,"column":44},"end":{"line":13,"column":54}}]}},"s":{"0":1,"1":1,"2":1,"3":1,"4":1,"5":1,"6":1,"7":17,"8":17,"9":1,"10":1,"11":1,"12":1,"13":1,"14":1,"15":1,"16":1,"17":1,"18":1,"19":1,"20":1,"21":1,"22":1,"23":1,"24":1,"25":1,"26":2,"27":2,"28":2,"29":2,"30":1,"31":1,"32":1,"33":2,"34":3,"35":3,"36":3,"37":2,"38":1,"39":1,"40":1,"41":2,"42":2,"43":2,"44":2,"45":1,"46":1,"47":1,"48":1,"49":1,"50":1,"51":1,"52":1,"53":1},"f":{"0":17,"1":1,"2":1,"3":1,"4":1,"5":1,"6":1,"7":1,"8":2,"9":2,"10":1,"11":2,"12":3,"13":2,"14":1,"15":1},"b":{"0":[2,1],"1":[3,2],"2":[1,1],"3":[1,0],"4":[1,1],"5":[1,0],"6":[1,1]}}
,"/Users/kentestrada/dev/kent/unimore/manufacturing-execution-system/backend/src/repositories/product.repository.ts": {"path":"/Users/kentestrada/dev/kent/unimore/manufacturing-execution-system/backend/src/repositories/product.repository.ts","statementMap":{"0":{"start":{"line":1,"column":0},"end":{"line":1,"column":44}},"1":{"start":{"line":2,"column":0},"end":{"line":2,"column":51}},"2":{"start":{"line":3,"column":0},"end":{"line":3,"column":47}},"3":{"start":{"line":4,"column":0},"end":{"line":4,"column":66}},"4":{"start":{"line":5,"column":0},"end":{"line":5,"column":87}},"5":{"start":{"line":6,"column":0},"end":{"line":6,"column":40}},"6":{"start":{"line":9,"column":7},"end":{"line":128,"column":null}},"7":{"start":{"line":15,"column":4},"end":{"line":15,"column":52}},"8":{"start":{"line":13,"column":32},"end":{"line":13,"column":44}},"9":{"start":{"line":19,"column":21},"end":{"line":19,"column":39}},"10":{"start":{"line":20,"column":4},"end":{"line":23,"column":7}},"11":{"start":{"line":27,"column":21},"end":{"line":27,"column":39}},"12":{"start":{"line":28,"column":4},"end":{"line":31,"column":7}},"13":{"start":{"line":35,"column":21},"end":{"line":35,"column":39}},"14":{"start":{"line":36,"column":4},"end":{"line":39,"column":7}},"15":{"start":{"line":43,"column":21},"end":{"line":43,"column":39}},"16":{"start":{"line":44,"column":4},"end":{"line":50,"column":7}},"17":{"start":{"line":54,"column":21},"end":{"line":54,"column":39}},"18":{"start":{"line":55,"column":4},"end":{"line":58,"column":7}},"19":{"start":{"line":67,"column":21},"end":{"line":67,"column":39}},"20":{"start":{"line":68,"column":4},"end":{"line":71,"column":6}},"21":{"start":{"line":72,"column":20},"end":{"line":74,"column":6}},"22":{"start":{"line":75,"column":4},"end":{"line":77,"column":5}},"23":{"start":{"line":76,"column":6},"end":{"line":76,"column":43}},"24":{"start":{"line":78,"column":4},"end":{"line":78,"column":19}},"25":{"start":{"line":82,"column":21},"end":{"line":82,"column":39}},"26":{"start":{"line":83,"column":4},"end":{"line":86,"column":7}},"27":{"start":{"line":90,"column":21},"end":{"line":90,"column":39}},"28":{"start":{"line":91,"column":4},"end":{"line":94,"column":7}},"29":{"start":{"line":102,"column":21},"end":{"line":102,"column":39}},"30":{"start":{"line":103,"column":4},"end":{"line":106,"column":6}},"31":{"start":{"line":107,"column":20},"end":{"line":109,"column":6}},"32":{"start":{"line":110,"column":4},"end":{"line":112,"column":5}},"33":{"start":{"line":111,"column":6},"end":{"line":111,"column":43}},"34":{"start":{"line":113,"column":4},"end":{"line":113,"column":19}},"35":{"start":{"line":117,"column":21},"end":{"line":117,"column":39}},"36":{"start":{"line":118,"column":18},"end":{"line":124,"column":72}},"37":{"start":{"line":126,"column":4},"end":{"line":126,"column":27}},"38":{"start":{"line":9,"column":13},"end":{"line":9,"column":30}},"39":{"start":{"line":9,"column":13},"end":{"line":128,"column":null}}},"fnMap":{"0":{"name":"(anonymous_4)","decl":{"start":{"line":10,"column":2},"end":{"line":10,"column":null}},"loc":{"start":{"line":13,"column":54},"end":{"line":16,"column":3}}},"1":{"name":"(anonymous_5)","decl":{"start":{"line":18,"column":2},"end":{"line":18,"column":7}},"loc":{"start":{"line":18,"column":29},"end":{"line":24,"column":3}}},"2":{"name":"(anonymous_6)","decl":{"start":{"line":26,"column":2},"end":{"line":26,"column":7}},"loc":{"start":{"line":26,"column":41},"end":{"line":32,"column":3}}},"3":{"name":"(anonymous_7)","decl":{"start":{"line":34,"column":2},"end":{"line":34,"column":7}},"loc":{"start":{"line":34,"column":36},"end":{"line":40,"column":3}}},"4":{"name":"(anonymous_8)","decl":{"start":{"line":42,"column":2},"end":{"line":42,"column":7}},"loc":{"start":{"line":42,"column":41},"end":{"line":51,"column":3}}},"5":{"name":"(anonymous_9)","decl":{"start":{"line":53,"column":2},"end":{"line":53,"column":7}},"loc":{"start":{"line":53,"column":43},"end":{"line":59,"column":3}}},"6":{"name":"(anonymous_10)","decl":{"start":{"line":61,"column":2},"end":{"line":61,"column":7}},"loc":{"start":{"line":65,"column":24},"end":{"line":79,"column":3}}},"7":{"name":"(anonymous_11)","decl":{"start":{"line":81,"column":2},"end":{"line":81,"column":7}},"loc":{"start":{"line":81,"column":26},"end":{"line":87,"column":3}}},"8":{"name":"(anonymous_12)","decl":{"start":{"line":89,"column":2},"end":{"line":89,"column":7}},"loc":{"start":{"line":89,"column":31},"end":{"line":95,"column":3}}},"9":{"name":"(anonymous_13)","decl":{"start":{"line":97,"column":2},"end":{"line":97,"column":7}},"loc":{"start":{"line":100,"column":17},"end":{"line":114,"column":3}}},"10":{"name":"(anonymous_14)","decl":{"start":{"line":116,"column":2},"end":{"line":116,"column":7}},"loc":{"start":{"line":116,"column":29},"end":{"line":127,"column":3}}}},"branchMap":{"0":{"loc":{"start":{"line":75,"column":4},"end":{"line":77,"column":5}},"type":"if","locations":[{"start":{"line":75,"column":4},"end":{"line":77,"column":5}},{"start":{},"end":{}}]},"1":{"loc":{"start":{"line":110,"column":4},"end":{"line":112,"column":5}},"type":"if","locations":[{"start":{"line":110,"column":4},"end":{"line":112,"column":5}},{"start":{},"end":{}}]},"2":{"loc":{"start":{"line":12,"column":23},"end":{"line":12,"column":42}},"type":"cond-expr","locations":[{"start":{"line":12,"column":33},"end":{"line":12,"column":42}},{"start":{"line":12,"column":33},"end":{"line":12,"column":42}}]},"3":{"loc":{"start":{"line":12,"column":23},"end":{"line":12,"column":33}},"type":"binary-expr","locations":[{"start":{"line":12,"column":23},"end":{"line":12,"column":42}},{"start":{"line":12,"column":23},"end":{"line":12,"column":33}}]},"4":{"loc":{"start":{"line":12,"column":33},"end":{"line":13,"column":null}},"type":"cond-expr","locations":[{"start":{"line":13,"column":54},"end":{"line":13,"column":null}},{"start":{"line":13,"column":54},"end":{"line":13,"column":null}}]},"5":{"loc":{"start":{"line":12,"column":33},"end":{"line":13,"column":54}},"type":"binary-expr","locations":[{"start":{"line":12,"column":33},"end":{"line":13,"column":null}},{"start":{"line":13,"column":44},"end":{"line":13,"column":54}}]}},"s":{"0":1,"1":1,"2":1,"3":1,"4":1,"5":1,"6":1,"7":14,"8":14,"9":2,"10":2,"11":1,"12":1,"13":1,"14":1,"15":1,"16":1,"17":1,"18":1,"19":2,"20":2,"21":2,"22":2,"23":1,"24":1,"25":1,"26":1,"27":1,"28":1,"29":1,"30":1,"31":1,"32":1,"33":0,"34":1,"35":1,"36":1,"37":1,"38":1,"39":1},"f":{"0":14,"1":2,"2":1,"3":1,"4":1,"5":1,"6":2,"7":1,"8":1,"9":1,"10":1},"b":{"0":[1,1],"1":[0,1],"2":[1,0],"3":[1,1],"4":[1,0],"5":[1,1]}}
,"/Users/kentestrada/dev/kent/unimore/manufacturing-execution-system/backend/src/repositories/production-order.repository.ts": {"path":"/Users/kentestrada/dev/kent/unimore/manufacturing-execution-system/backend/src/repositories/production-order.repository.ts","statementMap":{"0":{"start":{"line":1,"column":0},"end":{"line":1,"column":44}},"1":{"start":{"line":2,"column":0},"end":{"line":2,"column":51}},"2":{"start":{"line":3,"column":0},"end":{"line":3,"column":46}},"3":{"start":{"line":4,"column":0},"end":{"line":4,"column":93}},"4":{"start":{"line":5,"column":0},"end":{"line":5,"column":87}},"5":{"start":{"line":6,"column":0},"end":{"line":6,"column":40}},"6":{"start":{"line":9,"column":7},"end":{"line":153,"column":null}},"7":{"start":{"line":15,"column":4},"end":{"line":15,"column":68}},"8":{"start":{"line":13,"column":32},"end":{"line":13,"column":44}},"9":{"start":{"line":19,"column":21},"end":{"line":19,"column":39}},"10":{"start":{"line":20,"column":4},"end":{"line":23,"column":7}},"11":{"start":{"line":27,"column":21},"end":{"line":27,"column":39}},"12":{"start":{"line":28,"column":4},"end":{"line":32,"column":7}},"13":{"start":{"line":36,"column":21},"end":{"line":36,"column":39}},"14":{"start":{"line":37,"column":4},"end":{"line":41,"column":7}},"15":{"start":{"line":45,"column":21},"end":{"line":45,"column":39}},"16":{"start":{"line":46,"column":4},"end":{"line":53,"column":7}},"17":{"start":{"line":57,"column":21},"end":{"line":57,"column":39}},"18":{"start":{"line":58,"column":4},"end":{"line":69,"column":17}},"19":{"start":{"line":77,"column":21},"end":{"line":77,"column":39}},"20":{"start":{"line":78,"column":4},"end":{"line":81,"column":6}},"21":{"start":{"line":82,"column":20},"end":{"line":84,"column":6}},"22":{"start":{"line":85,"column":4},"end":{"line":87,"column":5}},"23":{"start":{"line":86,"column":6},"end":{"line":86,"column":51}},"24":{"start":{"line":88,"column":4},"end":{"line":88,"column":19}},"25":{"start":{"line":92,"column":21},"end":{"line":92,"column":39}},"26":{"start":{"line":93,"column":4},"end":{"line":99,"column":6}},"27":{"start":{"line":100,"column":20},"end":{"line":102,"column":6}},"28":{"start":{"line":103,"column":4},"end":{"line":105,"column":5}},"29":{"start":{"line":104,"column":6},"end":{"line":104,"column":51}},"30":{"start":{"line":106,"column":4},"end":{"line":106,"column":19}},"31":{"start":{"line":114,"column":21},"end":{"line":114,"column":39}},"32":{"start":{"line":115,"column":4},"end":{"line":123,"column":6}},"33":{"start":{"line":124,"column":20},"end":{"line":126,"column":6}},"34":{"start":{"line":127,"column":4},"end":{"line":129,"column":5}},"35":{"start":{"line":128,"column":6},"end":{"line":128,"column":51}},"36":{"start":{"line":130,"column":4},"end":{"line":130,"column":19}},"37":{"start":{"line":134,"column":18},"end":{"line":136,"column":6}},"38":{"start":{"line":137,"column":4},"end":{"line":137,"column":25}},"39":{"start":{"line":137,"column":16},"end":{"line":137,"column":25}},"40":{"start":{"line":139,"column":18},"end":{"line":139,"column":39}},"41":{"start":{"line":140,"column":21},"end":{"line":140,"column":43}},"42":{"start":{"line":142,"column":4},"end":{"line":142,"column":52}},"43":{"start":{"line":146,"column":21},"end":{"line":146,"column":39}},"44":{"start":{"line":147,"column":4},"end":{"line":151,"column":7}},"45":{"start":{"line":9,"column":13},"end":{"line":9,"column":38}},"46":{"start":{"line":9,"column":13},"end":{"line":153,"column":null}}},"fnMap":{"0":{"name":"(anonymous_4)","decl":{"start":{"line":10,"column":2},"end":{"line":10,"column":null}},"loc":{"start":{"line":13,"column":54},"end":{"line":16,"column":3}}},"1":{"name":"(anonymous_5)","decl":{"start":{"line":18,"column":2},"end":{"line":18,"column":7}},"loc":{"start":{"line":18,"column":45},"end":{"line":24,"column":3}}},"2":{"name":"(anonymous_6)","decl":{"start":{"line":26,"column":2},"end":{"line":26,"column":7}},"loc":{"start":{"line":26,"column":50},"end":{"line":33,"column":3}}},"3":{"name":"(anonymous_7)","decl":{"start":{"line":35,"column":2},"end":{"line":35,"column":7}},"loc":{"start":{"line":35,"column":39},"end":{"line":42,"column":3}}},"4":{"name":"(anonymous_8)","decl":{"start":{"line":44,"column":2},"end":{"line":44,"column":7}},"loc":{"start":{"line":44,"column":54},"end":{"line":54,"column":3}}},"5":{"name":"(anonymous_9)","decl":{"start":{"line":56,"column":2},"end":{"line":56,"column":7}},"loc":{"start":{"line":56,"column":48},"end":{"line":70,"column":3}}},"6":{"name":"(anonymous_10)","decl":{"start":{"line":72,"column":2},"end":{"line":72,"column":7}},"loc":{"start":{"line":75,"column":28},"end":{"line":89,"column":3}}},"7":{"name":"(anonymous_11)","decl":{"start":{"line":91,"column":2},"end":{"line":91,"column":7}},"loc":{"start":{"line":91,"column":39},"end":{"line":107,"column":3}}},"8":{"name":"(anonymous_12)","decl":{"start":{"line":109,"column":2},"end":{"line":109,"column":7}},"loc":{"start":{"line":112,"column":28},"end":{"line":131,"column":3}}},"9":{"name":"(anonymous_13)","decl":{"start":{"line":133,"column":2},"end":{"line":133,"column":7}},"loc":{"start":{"line":133,"column":53},"end":{"line":143,"column":3}}},"10":{"name":"(anonymous_14)","decl":{"start":{"line":145,"column":2},"end":{"line":145,"column":7}},"loc":{"start":{"line":145,"column":51},"end":{"line":152,"column":3}}}},"branchMap":{"0":{"loc":{"start":{"line":56,"column":25},"end":{"line":56,"column":48}},"type":"default-arg","locations":[{"start":{"line":56,"column":47},"end":{"line":56,"column":48}}]},"1":{"loc":{"start":{"line":85,"column":4},"end":{"line":87,"column":5}},"type":"if","locations":[{"start":{"line":85,"column":4},"end":{"line":87,"column":5}},{"start":{},"end":{}}]},"2":{"loc":{"start":{"line":103,"column":4},"end":{"line":105,"column":5}},"type":"if","locations":[{"start":{"line":103,"column":4},"end":{"line":105,"column":5}},{"start":{},"end":{}}]},"3":{"loc":{"start":{"line":127,"column":4},"end":{"line":129,"column":5}},"type":"if","locations":[{"start":{"line":127,"column":4},"end":{"line":129,"column":5}},{"start":{},"end":{}}]},"4":{"loc":{"start":{"line":137,"column":4},"end":{"line":137,"column":25}},"type":"if","locations":[{"start":{"line":137,"column":4},"end":{"line":137,"column":25}},{"start":{},"end":{}}]},"5":{"loc":{"start":{"line":142,"column":11},"end":{"line":142,"column":51}},"type":"cond-expr","locations":[{"start":{"line":142,"column":23},"end":{"line":142,"column":47}},{"start":{"line":142,"column":50},"end":{"line":142,"column":51}}]},"6":{"loc":{"start":{"line":12,"column":31},"end":{"line":12,"column":58}},"type":"cond-expr","locations":[{"start":{"line":12,"column":41},"end":{"line":12,"column":58}},{"start":{"line":12,"column":41},"end":{"line":12,"column":58}}]},"7":{"loc":{"start":{"line":12,"column":31},"end":{"line":12,"column":41}},"type":"binary-expr","locations":[{"start":{"line":12,"column":31},"end":{"line":12,"column":58}},{"start":{"line":12,"column":31},"end":{"line":12,"column":41}}]},"8":{"loc":{"start":{"line":12,"column":41},"end":{"line":13,"column":null}},"type":"cond-expr","locations":[{"start":{"line":13,"column":54},"end":{"line":13,"column":null}},{"start":{"line":13,"column":54},"end":{"line":13,"column":null}}]},"9":{"loc":{"start":{"line":12,"column":41},"end":{"line":13,"column":54}},"type":"binary-expr","locations":[{"start":{"line":12,"column":41},"end":{"line":13,"column":null}},{"start":{"line":13,"column":44},"end":{"line":13,"column":54}}]}},"s":{"0":1,"1":1,"2":1,"3":1,"4":1,"5":1,"6":1,"7":13,"8":13,"9":1,"10":1,"11":1,"12":1,"13":1,"14":1,"15":1,"16":1,"17":2,"18":2,"19":1,"20":1,"21":1,"22":1,"23":0,"24":1,"25":1,"26":1,"27":1,"28":1,"29":0,"30":1,"31":1,"32":1,"33":1,"34":1,"35":0,"36":1,"37":3,"38":3,"39":1,"40":2,"41":2,"42":2,"43":1,"44":1,"45":1,"46":1},"f":{"0":13,"1":1,"2":1,"3":1,"4":1,"5":2,"6":1,"7":1,"8":1,"9":3,"10":1},"b":{"0":[1],"1":[0,1],"2":[0,1],"3":[0,1],"4":[1,2],"5":[1,1],"6":[1,0],"7":[1,1],"8":[1,0],"9":[1,1]}}
,"/Users/kentestrada/dev/kent/unimore/manufacturing-execution-system/backend/src/repositories/quality-metric.repository.ts": {"path":"/Users/kentestrada/dev/kent/unimore/manufacturing-execution-system/backend/src/repositories/quality-metric.repository.ts","statementMap":{"0":{"start":{"line":1,"column":0},"end":{"line":1,"column":44}},"1":{"start":{"line":2,"column":0},"end":{"line":2,"column":51}},"2":{"start":{"line":3,"column":0},"end":{"line":3,"column":37}},"3":{"start":{"line":4,"column":0},"end":{"line":4,"column":66}},"4":{"start":{"line":5,"column":0},"end":{"line":5,"column":87}},"5":{"start":{"line":6,"column":0},"end":{"line":6,"column":40}},"6":{"start":{"line":9,"column":7},"end":{"line":71,"column":null}},"7":{"start":{"line":15,"column":4},"end":{"line":15,"column":64}},"8":{"start":{"line":13,"column":32},"end":{"line":13,"column":44}},"9":{"start":{"line":19,"column":21},"end":{"line":19,"column":39}},"10":{"start":{"line":20,"column":4},"end":{"line":23,"column":7}},"11":{"start":{"line":27,"column":21},"end":{"line":27,"column":39}},"12":{"start":{"line":28,"column":4},"end":{"line":31,"column":7}},"13":{"start":{"line":35,"column":21},"end":{"line":35,"column":39}},"14":{"start":{"line":36,"column":4},"end":{"line":39,"column":7}},"15":{"start":{"line":43,"column":21},"end":{"line":43,"column":39}},"16":{"start":{"line":44,"column":4},"end":{"line":47,"column":7}},"17":{"start":{"line":57,"column":21},"end":{"line":57,"column":39}},"18":{"start":{"line":58,"column":4},"end":{"line":61,"column":6}},"19":{"start":{"line":63,"column":20},"end":{"line":65,"column":6}},"20":{"start":{"line":66,"column":4},"end":{"line":68,"column":5}},"21":{"start":{"line":67,"column":6},"end":{"line":67,"column":49}},"22":{"start":{"line":69,"column":4},"end":{"line":69,"column":19}},"23":{"start":{"line":9,"column":13},"end":{"line":9,"column":36}},"24":{"start":{"line":9,"column":13},"end":{"line":71,"column":null}}},"fnMap":{"0":{"name":"(anonymous_4)","decl":{"start":{"line":10,"column":2},"end":{"line":10,"column":null}},"loc":{"start":{"line":13,"column":54},"end":{"line":16,"column":3}}},"1":{"name":"(anonymous_5)","decl":{"start":{"line":18,"column":2},"end":{"line":18,"column":7}},"loc":{"start":{"line":18,"column":43},"end":{"line":24,"column":3}}},"2":{"name":"(anonymous_6)","decl":{"start":{"line":26,"column":2},"end":{"line":26,"column":7}},"loc":{"start":{"line":26,"column":39},"end":{"line":32,"column":3}}},"3":{"name":"(anonymous_7)","decl":{"start":{"line":34,"column":2},"end":{"line":34,"column":7}},"loc":{"start":{"line":34,"column":27},"end":{"line":40,"column":3}}},"4":{"name":"(anonymous_8)","decl":{"start":{"line":42,"column":2},"end":{"line":42,"column":7}},"loc":{"start":{"line":42,"column":25},"end":{"line":48,"column":3}}},"5":{"name":"(anonymous_9)","decl":{"start":{"line":50,"column":2},"end":{"line":50,"column":7}},"loc":{"start":{"line":55,"column":21},"end":{"line":70,"column":3}}}},"branchMap":{"0":{"loc":{"start":{"line":66,"column":4},"end":{"line":68,"column":5}},"type":"if","locations":[{"start":{"line":66,"column":4},"end":{"line":68,"column":5}},{"start":{},"end":{}}]},"1":{"loc":{"start":{"line":12,"column":29},"end":{"line":12,"column":54}},"type":"cond-expr","locations":[{"start":{"line":12,"column":39},"end":{"line":12,"column":54}},{"start":{"line":12,"column":39},"end":{"line":12,"column":54}}]},"2":{"loc":{"start":{"line":12,"column":29},"end":{"line":12,"column":39}},"type":"binary-expr","locations":[{"start":{"line":12,"column":29},"end":{"line":12,"column":54}},{"start":{"line":12,"column":29},"end":{"line":12,"column":39}}]},"3":{"loc":{"start":{"line":12,"column":39},"end":{"line":13,"column":null}},"type":"cond-expr","locations":[{"start":{"line":13,"column":54},"end":{"line":13,"column":null}},{"start":{"line":13,"column":54},"end":{"line":13,"column":null}}]},"4":{"loc":{"start":{"line":12,"column":39},"end":{"line":13,"column":54}},"type":"binary-expr","locations":[{"start":{"line":12,"column":39},"end":{"line":13,"column":null}},{"start":{"line":13,"column":44},"end":{"line":13,"column":54}}]}},"s":{"0":1,"1":1,"2":1,"3":1,"4":1,"5":1,"6":1,"7":9,"8":9,"9":2,"10":2,"11":1,"12":1,"13":1,"14":1,"15":1,"16":1,"17":2,"18":2,"19":2,"20":2,"21":1,"22":1,"23":1,"24":1},"f":{"0":9,"1":2,"2":1,"3":1,"4":1,"5":2},"b":{"0":[1,1],"1":[1,0],"2":[1,1],"3":[1,0],"4":[1,1]}}
,"/Users/kentestrada/dev/kent/unimore/manufacturing-execution-system/backend/src/repositories/work-order.repository.ts": {"path":"/Users/kentestrada/dev/kent/unimore/manufacturing-execution-system/backend/src/repositories/work-order.repository.ts","statementMap":{"0":{"start":{"line":1,"column":0},"end":{"line":1,"column":44}},"1":{"start":{"line":2,"column":0},"end":{"line":2,"column":51}},"2":{"start":{"line":3,"column":0},"end":{"line":3,"column":60}},"3":{"start":{"line":4,"column":0},"end":{"line":4,"column":75}},"4":{"start":{"line":5,"column":0},"end":{"line":5,"column":87}},"5":{"start":{"line":6,"column":0},"end":{"line":6,"column":40}},"6":{"start":{"line":9,"column":7},"end":{"line":168,"column":null}},"7":{"start":{"line":15,"column":4},"end":{"line":15,"column":56}},"8":{"start":{"line":13,"column":32},"end":{"line":13,"column":44}},"9":{"start":{"line":19,"column":21},"end":{"line":19,"column":39}},"10":{"start":{"line":20,"column":4},"end":{"line":23,"column":7}},"11":{"start":{"line":27,"column":21},"end":{"line":27,"column":39}},"12":{"start":{"line":28,"column":4},"end":{"line":32,"column":7}},"13":{"start":{"line":36,"column":21},"end":{"line":36,"column":39}},"14":{"start":{"line":37,"column":4},"end":{"line":41,"column":7}},"15":{"start":{"line":45,"column":21},"end":{"line":45,"column":39}},"16":{"start":{"line":46,"column":4},"end":{"line":50,"column":7}},"17":{"start":{"line":54,"column":21},"end":{"line":54,"column":39}},"18":{"start":{"line":55,"column":4},"end":{"line":62,"column":7}},"19":{"start":{"line":66,"column":21},"end":{"line":66,"column":39}},"20":{"start":{"line":67,"column":16},"end":{"line":67,"column":26}},"21":{"start":{"line":68,"column":4},"end":{"line":81,"column":7}},"22":{"start":{"line":89,"column":21},"end":{"line":89,"column":39}},"23":{"start":{"line":90,"column":4},"end":{"line":93,"column":6}},"24":{"start":{"line":94,"column":20},"end":{"line":96,"column":6}},"25":{"start":{"line":97,"column":4},"end":{"line":99,"column":5}},"26":{"start":{"line":98,"column":6},"end":{"line":98,"column":45}},"27":{"start":{"line":100,"column":4},"end":{"line":100,"column":19}},"28":{"start":{"line":104,"column":21},"end":{"line":104,"column":39}},"29":{"start":{"line":105,"column":4},"end":{"line":112,"column":6}},"30":{"start":{"line":113,"column":20},"end":{"line":115,"column":6}},"31":{"start":{"line":116,"column":4},"end":{"line":118,"column":5}},"32":{"start":{"line":117,"column":6},"end":{"line":117,"column":45}},"33":{"start":{"line":119,"column":4},"end":{"line":119,"column":19}},"34":{"start":{"line":128,"column":21},"end":{"line":128,"column":39}},"35":{"start":{"line":129,"column":4},"end":{"line":138,"column":6}},"36":{"start":{"line":139,"column":20},"end":{"line":141,"column":6}},"37":{"start":{"line":142,"column":4},"end":{"line":144,"column":5}},"38":{"start":{"line":143,"column":6},"end":{"line":143,"column":45}},"39":{"start":{"line":145,"column":4},"end":{"line":145,"column":19}},"40":{"start":{"line":149,"column":21},"end":{"line":149,"column":39}},"41":{"start":{"line":150,"column":4},"end":{"line":154,"column":7}},"42":{"start":{"line":158,"column":22},"end":{"line":160,"column":6}},"43":{"start":{"line":161,"column":4},"end":{"line":161,"column":29}},"44":{"start":{"line":161,"column":20},"end":{"line":161,"column":29}},"45":{"start":{"line":163,"column":18},"end":{"line":163,"column":43}},"46":{"start":{"line":164,"column":22},"end":{"line":164,"column":49}},"47":{"start":{"line":166,"column":4},"end":{"line":166,"column":53}},"48":{"start":{"line":9,"column":13},"end":{"line":9,"column":32}},"49":{"start":{"line":9,"column":13},"end":{"line":168,"column":null}}},"fnMap":{"0":{"name":"(anonymous_4)","decl":{"start":{"line":10,"column":2},"end":{"line":10,"column":null}},"loc":{"start":{"line":13,"column":54},"end":{"line":16,"column":3}}},"1":{"name":"(anonymous_5)","decl":{"start":{"line":18,"column":2},"end":{"line":18,"column":7}},"loc":{"start":{"line":18,"column":53},"end":{"line":24,"column":3}}},"2":{"name":"(anonymous_6)","decl":{"start":{"line":26,"column":2},"end":{"line":26,"column":7}},"loc":{"start":{"line":26,"column":44},"end":{"line":33,"column":3}}},"3":{"name":"(anonymous_7)","decl":{"start":{"line":35,"column":2},"end":{"line":35,"column":7}},"loc":{"start":{"line":35,"column":45},"end":{"line":42,"column":3}}},"4":{"name":"(anonymous_8)","decl":{"start":{"line":44,"column":2},"end":{"line":44,"column":7}},"loc":{"start":{"line":44,"column":55},"end":{"line":51,"column":3}}},"5":{"name":"(anonymous_9)","decl":{"start":{"line":53,"column":2},"end":{"line":53,"column":7}},"loc":{"start":{"line":53,"column":63},"end":{"line":63,"column":3}}},"6":{"name":"(anonymous_10)","decl":{"start":{"line":65,"column":2},"end":{"line":65,"column":7}},"loc":{"start":{"line":65,"column":19},"end":{"line":82,"column":3}}},"7":{"name":"(anonymous_11)","decl":{"start":{"line":84,"column":2},"end":{"line":84,"column":7}},"loc":{"start":{"line":87,"column":28},"end":{"line":101,"column":3}}},"8":{"name":"(anonymous_12)","decl":{"start":{"line":103,"column":2},"end":{"line":103,"column":7}},"loc":{"start":{"line":103,"column":58},"end":{"line":120,"column":3}}},"9":{"name":"(anonymous_13)","decl":{"start":{"line":122,"column":2},"end":{"line":122,"column":7}},"loc":{"start":{"line":126,"column":28},"end":{"line":146,"column":3}}},"10":{"name":"(anonymous_14)","decl":{"start":{"line":148,"column":2},"end":{"line":148,"column":7}},"loc":{"start":{"line":148,"column":41},"end":{"line":155,"column":3}}},"11":{"name":"(anonymous_15)","decl":{"start":{"line":157,"column":2},"end":{"line":157,"column":7}},"loc":{"start":{"line":157,"column":57},"end":{"line":167,"column":3}}}},"branchMap":{"0":{"loc":{"start":{"line":97,"column":4},"end":{"line":99,"column":5}},"type":"if","locations":[{"start":{"line":97,"column":4},"end":{"line":99,"column":5}},{"start":{},"end":{}}]},"1":{"loc":{"start":{"line":116,"column":4},"end":{"line":118,"column":5}},"type":"if","locations":[{"start":{"line":116,"column":4},"end":{"line":118,"column":5}},{"start":{},"end":{}}]},"2":{"loc":{"start":{"line":142,"column":4},"end":{"line":144,"column":5}},"type":"if","locations":[{"start":{"line":142,"column":4},"end":{"line":144,"column":5}},{"start":{},"end":{}}]},"3":{"loc":{"start":{"line":161,"column":4},"end":{"line":161,"column":29}},"type":"if","locations":[{"start":{"line":161,"column":4},"end":{"line":161,"column":29}},{"start":{},"end":{}}]},"4":{"loc":{"start":{"line":166,"column":11},"end":{"line":166,"column":52}},"type":"cond-expr","locations":[{"start":{"line":166,"column":23},"end":{"line":166,"column":48}},{"start":{"line":166,"column":51},"end":{"line":166,"column":52}}]},"5":{"loc":{"start":{"line":12,"column":25},"end":{"line":12,"column":46}},"type":"cond-expr","locations":[{"start":{"line":12,"column":35},"end":{"line":12,"column":46}},{"start":{"line":12,"column":35},"end":{"line":12,"column":46}}]},"6":{"loc":{"start":{"line":12,"column":25},"end":{"line":12,"column":35}},"type":"binary-expr","locations":[{"start":{"line":12,"column":25},"end":{"line":12,"column":46}},{"start":{"line":12,"column":25},"end":{"line":12,"column":35}}]},"7":{"loc":{"start":{"line":12,"column":35},"end":{"line":13,"column":null}},"type":"cond-expr","locations":[{"start":{"line":13,"column":54},"end":{"line":13,"column":null}},{"start":{"line":13,"column":54},"end":{"line":13,"column":null}}]},"8":{"loc":{"start":{"line":12,"column":35},"end":{"line":13,"column":54}},"type":"binary-expr","locations":[{"start":{"line":12,"column":35},"end":{"line":13,"column":null}},{"start":{"line":13,"column":44},"end":{"line":13,"column":54}}]}},"s":{"0":1,"1":1,"2":1,"3":1,"4":1,"5":1,"6":1,"7":13,"8":13,"9":1,"10":1,"11":1,"12":1,"13":1,"14":1,"15":1,"16":1,"17":1,"18":1,"19":1,"20":1,"21":1,"22":1,"23":1,"24":1,"25":1,"26":0,"27":1,"28":1,"29":1,"30":1,"31":1,"32":0,"33":1,"34":1,"35":1,"36":1,"37":1,"38":0,"39":1,"40":1,"41":1,"42":3,"43":3,"44":1,"45":2,"46":2,"47":2,"48":1,"49":1},"f":{"0":13,"1":1,"2":1,"3":1,"4":1,"5":1,"6":1,"7":1,"8":1,"9":1,"10":1,"11":3},"b":{"0":[0,1],"1":[0,1],"2":[0,1],"3":[1,2],"4":[1,1],"5":[1,0],"6":[1,1],"7":[1,0],"8":[1,1]}}
}
