TN:
SF:src/app.controller.ts
FN:11,(anonymous_2)
FN:25,(anonymous_3)
FN:48,(anonymous_4)
FNF:3
FNH:3
FNDA:5,(anonymous_2)
FNDA:1,(anonymous_3)
FNDA:13,(anonymous_4)
DA:1,5
DA:2,5
DA:3,5
DA:4,5
DA:5,5
DA:6,5
DA:10,5
DA:11,5
DA:25,5
DA:26,1
DA:48,5
DA:49,13
LF:12
LH:12
BRF:0
BRH:0
end_of_record
TN:
SF:src/app.service.ts
FN:5,(anonymous_1)
FNF:1
FNH:1
FNDA:1,(anonymous_1)
DA:1,5
DA:4,5
DA:6,1
LF:3
LH:3
BRF:0
BRH:0
end_of_record
TN:
SF:src/auth/auth-demo.controller.ts
FN:21,(anonymous_4)
FN:32,(anonymous_5)
FN:45,(anonymous_6)
FN:57,(anonymous_7)
FN:68,(anonymous_8)
FN:85,(anonymous_9)
FN:101,(anonymous_10)
FN:115,(anonymous_11)
FN:130,(anonymous_12)
FNF:9
FNH:0
FNDA:0,(anonymous_4)
FNDA:0,(anonymous_5)
FNDA:0,(anonymous_6)
FNDA:0,(anonymous_7)
FNDA:0,(anonymous_8)
FNDA:0,(anonymous_9)
FNDA:0,(anonymous_10)
FNDA:0,(anonymous_11)
FNDA:0,(anonymous_12)
DA:1,5
DA:2,5
DA:3,5
DA:4,5
DA:5,5
DA:6,5
DA:7,5
DA:8,5
DA:9,5
DA:16,5
DA:21,5
DA:22,0
DA:32,5
DA:33,0
DA:45,5
DA:46,0
DA:57,5
DA:58,0
DA:68,5
DA:69,0
DA:85,5
DA:86,0
DA:101,5
DA:102,0
DA:115,5
DA:116,0
DA:130,5
DA:131,0
LF:28
LH:19
BRF:0
BRH:0
end_of_record
TN:
SF:src/auth/auth.controller.ts
FN:11,(anonymous_4)
FN:17,(anonymous_5)
FN:25,(anonymous_6)
FN:36,(anonymous_7)
FN:48,(anonymous_8)
FN:60,(anonymous_9)
FN:71,(anonymous_10)
FNF:7
FNH:1
FNDA:5,(anonymous_4)
FNDA:0,(anonymous_5)
FNDA:0,(anonymous_6)
FNDA:0,(anonymous_7)
FNDA:0,(anonymous_8)
FNDA:0,(anonymous_9)
FNDA:0,(anonymous_10)
DA:1,5
DA:2,5
DA:3,5
DA:4,5
DA:5,5
DA:10,5
DA:11,5
DA:17,5
DA:18,0
DA:25,5
DA:26,0
DA:36,5
DA:37,0
DA:48,5
DA:49,0
DA:60,5
DA:61,0
DA:71,5
DA:72,0
LF:19
LH:13
BRF:0
BRH:0
end_of_record
TN:
SF:src/auth/auth.service.ts
FN:8,(anonymous_2)
FN:10,(anonymous_3)
FN:26,(anonymous_4)
FN:33,(anonymous_5)
FN:38,(anonymous_6)
FN:40,(anonymous_7)
FNF:6
FNH:1
FNDA:5,(anonymous_2)
FNDA:0,(anonymous_3)
FNDA:0,(anonymous_4)
FNDA:0,(anonymous_5)
FNDA:0,(anonymous_6)
FNDA:0,(anonymous_7)
DA:1,5
DA:2,5
DA:5,5
DA:6,5
DA:8,5
DA:11,0
DA:13,0
DA:27,0
DA:28,0
DA:30,0
DA:34,0
DA:35,0
DA:39,0
DA:40,0
LF:14
LH:5
BRDA:27,0,0,0
BRDA:27,0,1,0
BRDA:28,1,0,0
BRDA:28,1,1,0
BRF:4
BRH:0
end_of_record
TN:
SF:src/auth/decorators/current-user.decorator.ts
FN:4,(anonymous_0)
FNF:1
FNH:0
FNDA:0,(anonymous_0)
DA:1,5
DA:3,5
DA:5,0
DA:6,0
DA:8,0
LF:5
LH:2
BRDA:8,0,0,0
BRDA:8,0,1,0
BRF:2
BRH:0
end_of_record
TN:
SF:src/auth/decorators/permissions.decorator.ts
FN:16,(anonymous_0)
FNF:1
FNH:1
FNDA:10,(anonymous_0)
DA:1,5
DA:3,5
DA:16,5
DA:17,10
LF:4
LH:4
BRF:0
BRH:0
end_of_record
TN:
SF:src/auth/decorators/public.decorator.ts
FN:4,(anonymous_0)
FNF:1
FNH:0
FNDA:0,(anonymous_0)
DA:1,5
DA:3,5
DA:4,5
LF:3
LH:3
BRF:0
BRH:0
end_of_record
TN:
SF:src/auth/decorators/roles.decorator.ts
FN:4,(anonymous_0)
FNF:1
FNH:0
FNDA:0,(anonymous_0)
DA:1,5
DA:3,5
DA:4,5
LF:3
LH:3
BRF:0
BRH:0
end_of_record
TN:
SF:src/auth/decorators/tenant.decorator.ts
FN:4,(anonymous_0)
FNF:1
FNH:0
FNDA:0,(anonymous_0)
DA:1,5
DA:3,5
DA:5,0
DA:6,0
DA:9,0
LF:5
LH:2
BRDA:9,0,0,0
BRDA:9,0,1,0
BRF:2
BRH:0
end_of_record
TN:
SF:src/auth/guards/combined-auth.guard.ts
FN:13,(anonymous_2)
FN:17,(anonymous_3)
FNF:2
FNH:1
FNDA:5,(anonymous_2)
FNDA:0,(anonymous_3)
DA:1,5
DA:2,5
DA:3,5
DA:12,5
DA:14,5
DA:19,0
DA:24,0
DA:25,0
DA:29,0
DA:32,0
DA:35,0
DA:39,0
DA:42,0
DA:43,0
DA:46,0
LF:15
LH:5
BRDA:24,0,0,0
BRDA:24,0,1,0
BRDA:32,1,0,0
BRDA:32,1,1,0
BRDA:42,2,0,0
BRDA:42,2,1,0
BRDA:42,3,0,0
BRDA:42,3,1,0
BRF:8
BRH:0
end_of_record
TN:
SF:src/auth/guards/jwt-access.guard.ts
FN:8,(anonymous_2)
FN:12,(anonymous_3)
FNF:2
FNH:1
FNDA:5,(anonymous_2)
FNDA:0,(anonymous_3)
DA:1,5
DA:2,5
DA:3,5
DA:4,5
DA:7,5
DA:8,5
DA:9,5
DA:14,0
DA:19,0
DA:20,0
DA:24,0
LF:11
LH:7
BRDA:19,0,0,0
BRDA:19,0,1,0
BRF:2
BRH:0
end_of_record
TN:
SF:src/auth/guards/jwt-auth.guard.ts
FN:7,(anonymous_2)
FN:9,(anonymous_3)
FNF:2
FNH:0
FNDA:0,(anonymous_2)
FNDA:0,(anonymous_3)
DA:1,0
DA:2,0
DA:3,0
DA:6,0
DA:7,0
DA:10,0
DA:15,0
DA:16,0
DA:21,0
LF:9
LH:0
BRDA:15,0,0,0
BRDA:15,0,1,0
BRF:2
BRH:0
end_of_record
TN:
SF:src/auth/guards/jwt-refresh.guard.ts
FNF:0
FNH:0
DA:1,5
DA:2,5
DA:5,5
LF:3
LH:3
BRF:0
BRH:0
end_of_record
TN:
SF:src/auth/guards/permissions.guard.ts
FN:8,(anonymous_2)
FN:13,(anonymous_3)
FN:44,(anonymous_4)
FNF:3
FNH:1
FNDA:10,(anonymous_2)
FNDA:0,(anonymous_3)
FNDA:0,(anonymous_4)
DA:1,5
DA:2,5
DA:3,5
DA:4,5
DA:7,5
DA:9,10
DA:10,10
DA:14,0
DA:19,0
DA:20,0
DA:23,0
DA:24,0
DA:26,0
DA:27,0
DA:31,0
DA:32,0
DA:34,0
DA:35,0
DA:41,0
DA:49,0
DA:52,0
DA:54,0
DA:55,0
DA:59,0
DA:61,0
DA:62,0
DA:70,0
DA:71,0
LF:28
LH:7
BRDA:19,0,0,0
BRDA:19,0,1,0
BRDA:19,1,0,0
BRDA:19,1,1,0
BRDA:26,2,0,0
BRDA:26,2,1,0
BRDA:34,3,0,0
BRDA:34,3,1,0
BRDA:49,4,0,0
BRDA:49,4,1,0
BRDA:49,4,2,0
BRDA:52,5,0,0
BRDA:52,5,1,0
BRDA:54,6,0,0
BRDA:54,6,1,0
BRDA:54,7,0,0
BRDA:54,7,1,0
BRDA:55,8,0,0
BRDA:55,8,1,0
BRDA:59,9,0,0
BRDA:59,9,1,0
BRDA:61,10,0,0
BRDA:61,10,1,0
BRF:23
BRH:0
end_of_record
TN:
SF:src/auth/guards/roles.guard.ts
FN:8,(anonymous_2)
FN:13,(anonymous_3)
FNF:2
FNH:1
FNDA:10,(anonymous_2)
FNDA:0,(anonymous_3)
DA:1,5
DA:2,5
DA:3,5
DA:4,5
DA:7,5
DA:9,10
DA:10,10
DA:14,0
DA:19,0
DA:20,0
DA:23,0
DA:24,0
DA:26,0
DA:27,0
DA:30,0
LF:15
LH:7
BRDA:19,0,0,0
BRDA:19,0,1,0
BRDA:26,1,0,0
BRDA:26,1,1,0
BRF:4
BRH:0
end_of_record
TN:
SF:src/auth/strategies/jwt.strategy.ts
FN:9,(anonymous_2)
FN:23,(anonymous_3)
FNF:2
FNH:1
FNDA:5,(anonymous_2)
FNDA:0,(anonymous_3)
DA:1,5
DA:2,5
DA:3,5
DA:4,5
DA:5,5
DA:8,5
DA:11,5
DA:12,5
DA:14,5
DA:24,0
DA:25,0
DA:29,0
DA:31,0
DA:32,0
DA:35,0
LF:15
LH:9
BRDA:24,0,0,0
BRDA:24,0,1,0
BRDA:31,1,0,0
BRDA:31,1,1,0
BRF:4
BRH:0
end_of_record
TN:
SF:src/auth/strategies/refresh.strategy.ts
FN:10,(anonymous_2)
FN:19,(anonymous_3)
FNF:2
FNH:1
FNDA:5,(anonymous_2)
FNDA:0,(anonymous_3)
DA:1,5
DA:2,5
DA:3,5
DA:4,5
DA:8,5
DA:10,5
DA:11,5
DA:20,0
DA:22,0
DA:23,0
DA:26,0
LF:11
LH:7
BRDA:22,0,0,0
BRDA:22,0,1,0
BRF:2
BRH:0
end_of_record
TN:
SF:src/common/decorators/rate-limit.decorator.ts
FN:16,(anonymous_0)
FN:22,(anonymous_1)
FN:27,(anonymous_2)
FN:36,(anonymous_3)
FN:45,(anonymous_4)
FN:54,(anonymous_5)
FN:63,(anonymous_6)
FNF:7
FNH:3
FNDA:10,(anonymous_0)
FNDA:0,(anonymous_1)
FNDA:0,(anonymous_2)
FNDA:5,(anonymous_3)
FNDA:0,(anonymous_4)
FNDA:0,(anonymous_5)
FNDA:5,(anonymous_6)
DA:1,5
DA:9,5
DA:10,5
DA:16,5
DA:17,10
DA:22,5
DA:27,5
DA:28,0
DA:36,5
DA:37,5
DA:45,5
DA:46,0
DA:54,5
DA:55,0
DA:63,5
DA:64,5
LF:16
LH:13
BRF:0
BRH:0
end_of_record
TN:
SF:src/common/filters/all-exceptions.filter.ts
FN:20,(anonymous_2)
FN:24,(anonymous_3)
FN:45,(anonymous_4)
FN:81,(anonymous_5)
FN:141,(anonymous_6)
FN:166,(anonymous_7)
FN:187,(anonymous_8)
FN:199,(anonymous_9)
FN:212,(anonymous_10)
FN:225,(anonymous_11)
FN:237,(anonymous_12)
FN:250,(anonymous_13)
FNF:12
FNH:1
FNDA:5,(anonymous_2)
FNDA:0,(anonymous_3)
FNDA:0,(anonymous_4)
FNDA:0,(anonymous_5)
FNDA:0,(anonymous_6)
FNDA:0,(anonymous_7)
FNDA:0,(anonymous_8)
FNDA:0,(anonymous_9)
FNDA:0,(anonymous_10)
FNDA:0,(anonymous_11)
FNDA:0,(anonymous_12)
FNDA:0,(anonymous_13)
DA:1,5
DA:10,5
DA:16,5
DA:17,5
DA:20,5
DA:21,5
DA:25,0
DA:26,0
DA:27,0
DA:30,0
DA:33,0
DA:36,0
DA:39,0
DA:46,0
DA:47,0
DA:51,0
DA:52,0
DA:55,0
DA:56,0
DA:59,0
DA:60,0
DA:63,0
DA:64,0
DA:67,0
DA:68,0
DA:71,0
DA:72,0
DA:75,0
DA:86,0
DA:87,0
DA:88,0
DA:89,0
DA:92,0
DA:101,0
DA:102,0
DA:104,0
DA:105,0
DA:107,0
DA:110,0
DA:111,0
DA:112,0
DA:113,0
DA:116,0
DA:117,0
DA:120,0
DA:121,0
DA:125,0
DA:126,0
DA:135,0
DA:142,0
DA:143,0
DA:154,0
DA:155,0
DA:156,0
DA:157,0
DA:159,0
DA:167,0
DA:168,0
DA:169,0
DA:170,0
DA:174,0
DA:177,0
DA:178,0
DA:181,0
DA:188,0
DA:200,0
DA:213,0
DA:226,0
DA:238,0
DA:251,0
LF:70
LH:6
BRDA:46,0,0,0
BRDA:46,0,1,0
BRDA:51,1,0,0
BRDA:51,1,1,0
BRDA:55,2,0,0
BRDA:55,2,1,0
BRDA:59,3,0,0
BRDA:59,3,1,0
BRDA:63,4,0,0
BRDA:63,4,1,0
BRDA:67,5,0,0
BRDA:67,5,1,0
BRDA:71,6,0,0
BRDA:71,6,1,0
BRDA:101,7,0,0
BRDA:101,7,1,0
BRDA:104,8,0,0
BRDA:104,8,1,0
BRDA:111,9,0,0
BRDA:111,9,1,0
BRDA:116,10,0,0
BRDA:116,10,1,0
BRDA:125,11,0,0
BRDA:125,11,1,0
BRDA:154,12,0,0
BRDA:154,12,1,0
BRDA:155,13,0,0
BRDA:155,13,1,0
BRDA:156,14,0,0
BRDA:156,14,1,0
BRDA:167,15,0,0
BRDA:167,15,1,0
BRDA:169,16,0,0
BRDA:169,16,1,0
BRDA:169,17,0,0
BRDA:169,17,1,0
BRDA:170,18,0,0
BRDA:170,18,1,0
BRDA:177,19,0,0
BRDA:177,19,1,0
BRDA:189,20,0,0
BRDA:189,20,1,0
BRDA:189,20,2,0
BRDA:189,20,3,0
BRDA:201,21,0,0
BRDA:201,21,1,0
BRDA:201,21,2,0
BRDA:201,21,3,0
BRDA:201,21,4,0
BRDA:214,22,0,0
BRDA:214,22,1,0
BRDA:214,22,2,0
BRDA:214,22,3,0
BRDA:214,22,4,0
BRDA:227,23,0,0
BRDA:227,23,1,0
BRDA:227,23,2,0
BRDA:227,23,3,0
BRDA:239,24,0,0
BRDA:239,24,1,0
BRDA:239,24,2,0
BRDA:239,24,3,0
BRDA:239,24,4,0
BRDA:252,25,0,0
BRDA:252,25,1,0
BRDA:252,25,2,0
BRDA:252,25,3,0
BRF:67
BRH:0
end_of_record
TN:
SF:src/common/filters/http-exception.filter.ts
FN:14,(anonymous_1)
FN:17,(anonymous_2)
FN:65,(anonymous_3)
FNF:3
FNH:1
FNDA:5,(anonymous_1)
FNDA:0,(anonymous_2)
FNDA:0,(anonymous_3)
DA:1,5
DA:14,5
DA:15,5
DA:18,0
DA:19,0
DA:20,0
DA:21,0
DA:22,0
DA:25,0
DA:34,0
DA:35,0
DA:36,0
DA:38,0
DA:41,0
DA:42,0
DA:46,0
DA:47,0
DA:48,0
DA:53,0
DA:56,0
DA:59,0
DA:70,0
DA:81,0
DA:82,0
DA:84,0
DA:85,0
DA:86,0
DA:87,0
DA:89,0
LF:29
LH:3
BRDA:34,0,0,0
BRDA:34,0,1,0
BRDA:36,1,0,0
BRDA:36,1,1,0
BRDA:41,2,0,0
BRDA:41,2,1,0
BRDA:42,3,0,0
BRDA:42,3,1,0
BRDA:46,4,0,0
BRDA:46,4,1,0
BRDA:53,5,0,0
BRDA:53,5,1,0
BRDA:84,6,0,0
BRDA:84,6,1,0
BRDA:86,7,0,0
BRDA:86,7,1,0
BRF:16
BRH:0
end_of_record
TN:
SF:src/common/filters/validation-exception.filter.ts
FN:14,(anonymous_1)
FN:17,(anonymous_2)
FN:64,(anonymous_3)
FN:67,(anonymous_4)
FNF:4
FNH:1
FNDA:5,(anonymous_1)
FNDA:0,(anonymous_2)
FNDA:0,(anonymous_3)
FNDA:0,(anonymous_4)
DA:1,5
DA:14,5
DA:15,5
DA:18,0
DA:19,0
DA:20,0
DA:21,0
DA:22,0
DA:25,0
DA:35,0
DA:36,0
DA:38,0
DA:39,0
DA:41,0
DA:44,0
DA:48,0
DA:58,0
DA:65,0
DA:67,0
DA:70,0
DA:72,0
DA:73,0
DA:74,0
DA:75,0
DA:77,0
DA:78,0
DA:82,0
DA:83,0
DA:85,0
DA:89,0
LF:30
LH:3
BRDA:35,0,0,0
BRDA:35,0,1,0
BRDA:36,1,0,0
BRDA:36,1,1,0
BRDA:72,2,0,0
BRDA:72,2,1,0
BRDA:74,3,0,0
BRDA:74,3,1,0
BRDA:74,4,0,0
BRDA:74,4,1,0
BRDA:77,5,0,0
BRDA:77,5,1,0
BRDA:77,6,0,0
BRDA:77,6,1,0
BRDA:82,7,0,0
BRDA:82,7,1,0
BRF:16
BRH:0
end_of_record
TN:
SF:src/common/guards/rate-limit.guard.ts
FN:17,(anonymous_4)
FN:28,(anonymous_5)
FN:96,(anonymous_6)
FN:108,(anonymous_7)
FN:124,(anonymous_8)
FN:134,(anonymous_9)
FN:149,(anonymous_10)
FNF:7
FNH:0
FNDA:0,(anonymous_4)
FNDA:0,(anonymous_5)
FNDA:0,(anonymous_6)
FNDA:0,(anonymous_7)
FNDA:0,(anonymous_8)
FNDA:0,(anonymous_9)
FNDA:0,(anonymous_10)
DA:1,0
DA:8,0
DA:9,0
DA:10,0
DA:16,0
DA:22,0
DA:29,0
DA:30,0
DA:33,0
DA:38,0
DA:39,0
DA:43,0
DA:49,0
DA:50,0
DA:54,0
DA:55,0
DA:58,0
DA:60,0
DA:62,0
DA:70,0
DA:71,0
DA:74,0
DA:76,0
DA:79,0
DA:81,0
DA:98,0
DA:99,0
DA:100,0
DA:102,0
DA:109,0
DA:110,0
DA:111,0
DA:113,0
DA:114,0
DA:115,0
DA:123,0
DA:125,0
DA:133,0
DA:135,0
DA:136,0
DA:138,0
DA:140,0
DA:148,0
DA:150,0
DA:151,0
DA:153,0
DA:155,0
LF:47
LH:0
BRDA:38,0,0,0
BRDA:38,0,1,0
BRDA:49,1,0,0
BRDA:49,1,1,0
BRDA:49,2,0,0
BRDA:49,2,1,0
BRDA:54,3,0,0
BRDA:54,3,1,0
BRDA:58,4,0,0
BRDA:58,4,1,0
BRDA:58,5,0,0
BRDA:58,5,1,0
BRDA:86,6,0,0
BRDA:86,6,1,0
BRDA:98,7,0,0
BRDA:98,7,1,0
BRDA:98,7,2,0
BRDA:99,8,0,0
BRDA:99,8,1,0
BRDA:99,8,2,0
BRDA:100,9,0,0
BRDA:100,9,1,0
BRDA:100,9,2,0
BRDA:110,10,0,0
BRDA:110,10,1,0
BRDA:110,10,2,0
BRDA:111,11,0,0
BRDA:111,11,1,0
BRDA:111,11,2,0
BRDA:125,12,0,0
BRDA:125,12,1,0
BRDA:125,12,2,0
BRDA:135,13,0,0
BRDA:135,13,1,0
BRDA:136,14,0,0
BRDA:136,14,1,0
BRDA:138,15,0,0
BRDA:138,15,1,0
BRDA:138,15,2,0
BRDA:150,16,0,0
BRDA:150,16,1,0
BRDA:151,17,0,0
BRDA:151,17,1,0
BRDA:153,18,0,0
BRDA:153,18,1,0
BRDA:153,18,2,0
BRF:46
BRH:0
end_of_record
TN:
SF:src/common/interceptors/cache.interceptor.ts
FN:19,(anonymous_2)
FN:20,(anonymous_3)
FN:40,(anonymous_4)
FN:45,(anonymous_5)
FN:84,(anonymous_6)
FN:105,(anonymous_7)
FN:131,(anonymous_8)
FNF:7
FNH:0
FNDA:0,(anonymous_2)
FNDA:0,(anonymous_3)
FNDA:0,(anonymous_4)
FNDA:0,(anonymous_5)
FNDA:0,(anonymous_6)
FNDA:0,(anonymous_7)
FNDA:0,(anonymous_8)
DA:1,5
DA:8,5
DA:9,5
DA:10,5
DA:11,5
DA:13,5
DA:14,5
DA:19,5
DA:20,0
DA:21,0
DA:22,0
DA:23,0
DA:24,0
DA:26,0
DA:27,0
DA:28,0
DA:36,5
DA:37,0
DA:38,0
DA:41,0
DA:42,0
DA:49,0
DA:52,0
DA:53,0
DA:57,0
DA:58,0
DA:59,0
DA:63,0
DA:64,0
DA:65,0
DA:66,0
DA:69,0
DA:70,0
DA:71,0
DA:73,0
DA:76,0
DA:80,0
DA:83,0
DA:85,0
DA:86,0
DA:89,0
DA:90,0
DA:91,0
DA:92,0
DA:94,0
DA:96,0
DA:107,0
DA:108,0
DA:109,0
DA:113,0
DA:114,0
DA:115,0
DA:119,0
DA:120,0
DA:121,0
DA:125,0
DA:132,0
DA:135,0
DA:136,0
DA:140,0
DA:141,0
DA:145,0
DA:146,0
DA:148,0
DA:152,0
DA:153,0
DA:154,0
DA:157,0
LF:68
LH:9
BRDA:21,0,0,0
BRDA:21,0,1,0
BRDA:52,1,0,0
BRDA:52,1,1,0
BRDA:58,2,0,0
BRDA:58,2,1,0
BRDA:65,3,0,0
BRDA:65,3,1,0
BRDA:80,4,0,0
BRDA:80,4,1,0
BRDA:108,5,0,0
BRDA:108,5,1,0
BRDA:114,6,0,0
BRDA:114,6,1,0
BRDA:120,7,0,0
BRDA:120,7,1,0
BRDA:135,8,0,0
BRDA:135,8,1,0
BRDA:140,9,0,0
BRDA:140,9,1,0
BRDA:140,10,0,0
BRDA:140,10,1,0
BRDA:145,11,0,0
BRDA:145,11,1,0
BRDA:153,12,0,0
BRDA:153,12,1,0
BRF:26
BRH:0
end_of_record
TN:
SF:src/common/interceptors/response-transform.interceptor.ts
FN:27,(anonymous_1)
FN:32,(anonymous_2)
FN:42,(anonymous_3)
FN:88,(anonymous_4)
FN:98,(anonymous_5)
FN:104,(anonymous_6)
FN:117,(anonymous_7)
FNF:7
FNH:6
FNDA:5,(anonymous_1)
FNDA:32,(anonymous_2)
FNDA:25,(anonymous_3)
FNDA:25,(anonymous_4)
FNDA:57,(anonymous_5)
FNDA:8,(anonymous_6)
FNDA:0,(anonymous_7)
DA:1,5
DA:9,5
DA:27,5
DA:30,5
DA:36,32
DA:37,32
DA:38,32
DA:39,32
DA:41,32
DA:43,25
DA:46,25
DA:47,17
DA:51,8
DA:52,0
DA:61,8
DA:72,8
DA:73,8
DA:76,8
DA:80,8
DA:90,25
DA:98,57
DA:105,8
DA:123,0
LF:23
LH:21
BRDA:46,0,0,17
BRDA:46,0,1,8
BRDA:51,1,0,0
BRDA:51,1,1,8
BRDA:73,2,0,8
BRDA:73,2,1,8
BRDA:106,3,0,8
BRDA:106,3,1,8
BRDA:106,3,2,7
BRDA:106,3,3,0
BRDA:106,3,4,0
BRF:11
BRH:8
end_of_record
TN:
SF:src/common/interceptors/timeout.interceptor.ts
FN:18,(anonymous_2)
FN:19,(anonymous_3)
FN:37,(anonymous_4)
FN:39,(anonymous_5)
FN:51,(anonymous_6)
FN:64,(anonymous_7)
FN:74,(anonymous_8)
FN:82,(anonymous_9)
FNF:8
FNH:5
FNDA:0,(anonymous_2)
FNDA:0,(anonymous_3)
FNDA:5,(anonymous_4)
FNDA:32,(anonymous_5)
FNDA:7,(anonymous_6)
FNDA:0,(anonymous_7)
FNDA:7,(anonymous_8)
FNDA:32,(anonymous_9)
DA:1,5
DA:9,5
DA:10,5
DA:11,5
DA:13,5
DA:18,5
DA:19,0
DA:20,0
DA:21,0
DA:22,0
DA:24,0
DA:25,0
DA:33,5
DA:34,5
DA:35,5
DA:37,5
DA:41,32
DA:46,32
DA:47,32
DA:49,32
DA:52,7
DA:53,0
DA:55,0
DA:63,0
DA:64,0
DA:74,7
DA:83,32
DA:84,32
DA:85,32
DA:88,32
DA:89,0
DA:93,32
DA:94,0
DA:98,32
DA:99,0
DA:103,32
DA:104,24
DA:108,8
LF:38
LH:25
BRDA:20,0,0,0
BRDA:20,0,1,0
BRDA:46,1,0,32
BRDA:46,1,1,32
BRDA:52,2,0,0
BRDA:52,2,1,7
BRDA:88,3,0,0
BRDA:88,3,1,32
BRDA:88,4,0,32
BRDA:88,4,1,32
BRDA:93,5,0,0
BRDA:93,5,1,32
BRDA:93,6,0,32
BRDA:93,6,1,32
BRDA:98,7,0,0
BRDA:98,7,1,32
BRDA:98,8,0,32
BRDA:98,8,1,32
BRDA:103,9,0,24
BRDA:103,9,1,8
BRF:20
BRH:14
end_of_record
TN:
SF:src/common/swagger/swagger.decorators.ts
FN:17,ApiStandardResponses
FN:66,ApiPaginatedResponse
FN:98,ApiAuth
FN:104,(anonymous_3)
FN:114,ApiKeyAuth
FN:126,ApiFile
FN:158,ApiTenant
FN:174,ApiRateLimit
FN:209,ApiWebSocketEvent
FNF:9
FNH:4
FNDA:5,ApiStandardResponses
FNDA:0,ApiPaginatedResponse
FNDA:5,ApiAuth
FNDA:5,(anonymous_3)
FNDA:0,ApiKeyAuth
FNDA:0,ApiFile
FNDA:5,ApiTenant
FNDA:0,ApiRateLimit
FNDA:0,ApiWebSocketEvent
DA:1,5
DA:2,5
DA:17,5
DA:18,5
DA:66,5
DA:70,0
DA:98,5
DA:99,5
DA:100,5
DA:102,5
DA:104,5
DA:114,5
DA:115,0
DA:126,5
DA:131,0
DA:158,5
DA:159,5
DA:174,5
DA:175,0
DA:209,5
DA:210,0
LF:21
LH:16
BRDA:72,0,0,0
BRDA:72,0,1,0
BRDA:99,1,0,5
BRDA:99,1,1,0
BRDA:127,2,0,0
BRDA:128,3,0,0
BRDA:129,4,0,0
BRDA:135,5,0,0
BRDA:135,5,1,0
BRDA:137,6,0,0
BRDA:137,6,1,0
BRDA:213,7,0,0
BRDA:213,7,1,0
BRF:13
BRH:1
end_of_record
TN:
SF:src/config/security.config.ts
FN:7,(anonymous_0)
FN:9,(anonymous_1)
FN:12,(anonymous_2)
FN:57,(anonymous_3)
FN:135,(anonymous_4)
FNF:5
FNH:0
FNDA:0,(anonymous_0)
FNDA:0,(anonymous_1)
FNDA:0,(anonymous_2)
FNDA:0,(anonymous_3)
FNDA:0,(anonymous_4)
DA:7,0
DA:9,0
DA:11,0
DA:14,0
DA:15,0
DA:19,0
DA:20,0
DA:21,0
DA:26,0
DA:28,0
DA:57,0
DA:58,0
DA:60,0
DA:135,0
LF:14
LH:0
BRDA:14,0,0,0
BRDA:14,0,1,0
BRDA:19,1,0,0
BRDA:19,1,1,0
BRDA:21,2,0,0
BRDA:21,2,1,0
BRDA:23,3,0,0
BRDA:23,3,1,0
BRDA:23,3,2,0
BRDA:62,4,0,0
BRDA:62,4,1,0
BRDA:95,5,0,0
BRDA:95,5,1,0
BRF:13
BRH:0
end_of_record
TN:
SF:src/database/data-source.ts
FNF:0
FNH:0
DA:1,0
DA:2,0
DA:3,0
DA:6,0
DA:7,0
DA:9,0
DA:10,0
DA:12,0
DA:57,0
DA:59,0
LF:10
LH:0
BRDA:14,0,0,0
BRDA:14,0,1,0
BRDA:15,1,0,0
BRDA:15,1,1,0
BRDA:16,2,0,0
BRDA:16,2,1,0
BRDA:17,3,0,0
BRDA:17,3,1,0
BRDA:18,4,0,0
BRDA:18,4,1,0
BRDA:35,5,0,0
BRDA:35,5,1,0
BRDA:38,6,0,0
BRDA:38,6,1,0
BRDA:49,7,0,0
BRDA:49,7,1,0
BRDA:50,8,0,0
BRDA:50,8,1,0
BRDA:51,9,0,0
BRDA:51,9,1,0
BRDA:52,10,0,0
BRDA:52,10,1,0
BRF:22
BRH:0
end_of_record
TN:
SF:src/database/database.config.ts
FN:4,(anonymous_0)
FNF:1
FNH:1
FNDA:5,(anonymous_0)
DA:4,5
DA:5,5
DA:6,5
DA:8,5
LF:4
LH:4
BRDA:19,0,0,0
BRDA:19,0,1,5
BRDA:58,1,0,5
BRDA:58,1,1,0
BRDA:63,2,0,0
BRDA:63,2,1,5
BRDA:67,3,0,0
BRDA:67,3,1,5
BRF:8
BRH:4
end_of_record
TN:
SF:src/database/database.health.ts
FN:8,(anonymous_4)
FN:12,(anonymous_5)
FN:74,(anonymous_6)
FN:131,(anonymous_7)
FN:150,(anonymous_8)
FN:155,(anonymous_9)
FN:173,(anonymous_10)
FN:184,(anonymous_11)
FN:192,(anonymous_12)
FNF:9
FNH:5
FNDA:10,(anonymous_4)
FNDA:6,(anonymous_5)
FNDA:4,(anonymous_6)
FNDA:2,(anonymous_7)
FNDA:0,(anonymous_8)
FNDA:0,(anonymous_9)
FNDA:0,(anonymous_10)
FNDA:0,(anonymous_11)
FNDA:4,(anonymous_12)
DA:1,5
DA:2,5
DA:3,5
DA:4,5
DA:7,5
DA:8,10
DA:9,10
DA:13,6
DA:15,6
DA:16,0
DA:25,6
DA:26,6
DA:27,6
DA:30,6
DA:47,0
DA:59,0
DA:61,6
DA:75,4
DA:77,4
DA:86,4
DA:93,4
DA:101,4
DA:102,4
DA:103,4
DA:106,4
DA:108,4
DA:118,0
DA:132,2
DA:133,2
DA:142,2
DA:143,2
DA:149,0
DA:150,0
DA:153,0
DA:155,0
DA:163,0
DA:174,0
DA:175,0
DA:176,0
DA:177,0
DA:178,0
DA:185,0
DA:186,0
DA:197,4
DA:199,4
DA:200,4
DA:202,4
DA:203,0
DA:205,4
DA:206,0
DA:209,4
LF:51
LH:33
BRDA:15,0,0,0
BRDA:15,0,1,6
BRDA:51,1,0,0
BRDA:51,1,1,0
BRDA:54,2,0,0
BRDA:54,2,1,0
BRDA:55,3,0,0
BRDA:55,3,1,0
BRDA:65,4,0,6
BRDA:65,4,1,0
BRDA:101,5,0,4
BRDA:101,5,1,0
BRDA:102,6,0,4
BRDA:102,6,1,0
BRDA:103,7,0,4
BRDA:103,7,1,0
BRDA:106,8,0,4
BRDA:106,8,1,0
BRDA:106,8,2,0
BRDA:109,9,0,0
BRDA:109,9,1,4
BRDA:122,10,0,0
BRDA:122,10,1,0
BRDA:142,11,0,2
BRDA:142,11,1,0
BRDA:150,12,0,0
BRDA:150,12,1,0
BRDA:154,13,0,0
BRDA:154,13,1,0
BRDA:159,14,0,0
BRDA:159,14,1,0
BRDA:174,15,0,0
BRDA:174,15,1,0
BRDA:186,16,0,0
BRDA:186,16,1,0
BRDA:199,17,0,4
BRDA:199,17,1,0
BRDA:202,18,0,0
BRDA:202,18,1,4
BRDA:205,19,0,0
BRDA:205,19,1,4
BRF:41
BRH:11
end_of_record
TN:
SF:src/database/database.service.ts
FN:9,(anonymous_4)
FN:14,(anonymous_5)
FN:21,(anonymous_6)
FN:34,(anonymous_7)
FN:47,(anonymous_8)
FN:81,(anonymous_9)
FN:88,(anonymous_10)
FN:108,(anonymous_11)
FN:115,(anonymous_12)
FN:136,(anonymous_13)
FN:155,(anonymous_14)
FN:174,(anonymous_15)
FN:200,(anonymous_16)
FN:230,(anonymous_17)
FNF:14
FNH:4
FNDA:5,(anonymous_4)
FNDA:0,(anonymous_5)
FNDA:0,(anonymous_6)
FNDA:0,(anonymous_7)
FNDA:0,(anonymous_8)
FNDA:0,(anonymous_9)
FNDA:0,(anonymous_10)
FNDA:0,(anonymous_11)
FNDA:0,(anonymous_12)
FNDA:0,(anonymous_13)
FNDA:5,(anonymous_14)
FNDA:5,(anonymous_15)
FNDA:5,(anonymous_16)
FNDA:0,(anonymous_17)
DA:1,5
DA:2,5
DA:3,5
DA:6,5
DA:7,5
DA:9,5
DA:15,0
DA:22,0
DA:23,0
DA:24,0
DA:26,0
DA:27,0
DA:35,0
DA:36,0
DA:37,0
DA:39,0
DA:40,0
DA:48,0
DA:49,0
DA:65,0
DA:73,0
DA:74,0
DA:82,0
DA:89,0
DA:90,0
DA:91,0
DA:93,0
DA:94,0
DA:95,0
DA:96,0
DA:98,0
DA:99,0
DA:101,0
DA:109,0
DA:116,0
DA:118,0
DA:121,0
DA:127,0
DA:129,0
DA:137,0
DA:139,0
DA:141,0
DA:144,0
DA:146,0
DA:148,0
DA:156,5
DA:158,5
DA:160,5
DA:163,5
DA:165,5
DA:167,0
DA:175,5
DA:177,5
DA:178,15
DA:180,15
DA:185,15
DA:187,0
DA:188,0
DA:192,0
DA:201,5
DA:203,5
DA:208,5
DA:210,0
DA:219,0
DA:223,0
DA:231,0
DA:233,0
DA:234,0
DA:235,0
DA:237,0
DA:239,0
LF:71
LH:19
BRDA:37,0,0,0
BRDA:37,0,1,0
BRDA:66,1,0,0
BRDA:66,1,1,0
BRDA:67,2,0,0
BRDA:67,2,1,0
BRDA:68,3,0,0
BRDA:68,3,1,0
BRDA:69,4,0,0
BRDA:69,4,1,0
BRDA:70,5,0,0
BRDA:70,5,1,0
BRDA:185,6,0,0
BRDA:185,6,1,15
BRDA:208,7,0,0
BRDA:208,7,1,5
BRDA:230,8,0,0
BRDA:231,9,0,0
BRDA:231,9,1,0
BRDA:234,10,0,0
BRDA:234,10,1,0
BRF:21
BRH:2
end_of_record
TN:
SF:src/database/naming.strategy.ts
FN:10,(anonymous_0)
FN:14,(anonymous_1)
FN:18,(anonymous_2)
FN:22,(anonymous_3)
FN:26,(anonymous_4)
FN:31,(anonymous_5)
FN:36,(anonymous_6)
FN:45,(anonymous_7)
FN:51,(anonymous_8)
FN:60,(anonymous_9)
FN:66,(anonymous_10)
FN:72,(anonymous_11)
FN:76,(anonymous_12)
FN:80,(anonymous_13)
FN:84,(anonymous_14)
FN:88,(anonymous_15)
FNF:16
FNH:5
FNDA:95,(anonymous_0)
FNDA:7620,(anonymous_1)
FNDA:0,(anonymous_2)
FNDA:0,(anonymous_3)
FNDA:0,(anonymous_4)
FNDA:105,(anonymous_5)
FNDA:0,(anonymous_6)
FNDA:350,(anonymous_7)
FNDA:355,(anonymous_8)
FNDA:0,(anonymous_9)
FNDA:0,(anonymous_10)
FNDA:0,(anonymous_11)
FNDA:0,(anonymous_12)
FNDA:0,(anonymous_13)
FNDA:0,(anonymous_14)
FNDA:0,(anonymous_15)
DA:1,5
DA:2,5
DA:8,5
DA:11,95
DA:15,7620
DA:19,0
DA:23,0
DA:27,0
DA:28,0
DA:32,105
DA:33,105
DA:37,0
DA:38,0
DA:39,0
DA:40,0
DA:42,0
DA:46,350
DA:47,350
DA:48,350
DA:52,355
DA:53,355
DA:54,355
DA:55,0
DA:57,355
DA:61,0
DA:62,0
DA:63,0
DA:67,0
DA:68,0
DA:69,0
DA:73,0
DA:77,0
DA:81,0
DA:85,0
DA:89,0
LF:35
LH:14
BRDA:11,0,0,95
BRDA:11,0,1,0
BRDA:15,1,0,420
BRDA:15,1,1,7200
BRDA:27,2,0,0
BRDA:27,2,1,0
BRDA:32,3,0,0
BRDA:32,3,1,105
BRDA:37,4,0,0
BRDA:37,4,1,0
BRDA:39,5,0,0
BRDA:39,5,1,0
BRDA:46,6,0,0
BRDA:46,6,1,350
BRDA:52,7,0,0
BRDA:52,7,1,355
BRDA:54,8,0,0
BRDA:54,8,1,355
BRDA:61,9,0,0
BRDA:61,9,1,0
BRDA:67,10,0,0
BRDA:67,10,1,0
BRDA:81,11,0,0
BRDA:81,11,1,0
BRF:24
BRH:7
end_of_record
TN:
SF:src/health/custom-health.indicator.ts
FN:10,(anonymous_2)
FN:17,(anonymous_3)
FN:35,(anonymous_4)
FN:53,(anonymous_5)
FN:72,(anonymous_6)
FN:92,(anonymous_7)
FN:102,(anonymous_8)
FN:118,(anonymous_9)
FN:127,(anonymous_10)
FN:145,(anonymous_11)
FN:169,(anonymous_12)
FN:190,(anonymous_13)
FN:200,(anonymous_14)
FNF:13
FNH:5
FNDA:5,(anonymous_2)
FNDA:2,(anonymous_3)
FNDA:2,(anonymous_4)
FNDA:1,(anonymous_5)
FNDA:2,(anonymous_6)
FNDA:0,(anonymous_7)
FNDA:0,(anonymous_8)
FNDA:0,(anonymous_9)
FNDA:0,(anonymous_10)
FNDA:0,(anonymous_11)
FNDA:0,(anonymous_12)
FNDA:0,(anonymous_13)
FNDA:0,(anonymous_14)
DA:1,5
DA:2,5
DA:3,5
DA:9,5
DA:10,5
DA:11,5
DA:18,2
DA:20,2
DA:26,2
DA:27,2
DA:29,0
DA:36,2
DA:37,2
DA:39,2
DA:44,2
DA:45,0
DA:47,2
DA:54,1
DA:55,1
DA:57,1
DA:63,1
DA:64,0
DA:66,1
DA:73,2
DA:74,2
DA:75,2
DA:77,2
DA:79,0
DA:93,0
DA:102,0
DA:104,0
DA:109,0
DA:110,0
DA:112,0
DA:119,0
DA:127,0
DA:128,0
DA:130,0
DA:136,0
DA:137,0
DA:139,0
DA:146,0
DA:148,0
DA:150,0
DA:156,0
DA:171,0
DA:173,0
DA:175,0
DA:177,0
DA:179,0
DA:181,0
DA:183,0
DA:195,0
DA:197,0
DA:200,0
DA:202,0
DA:208,0
LF:57
LH:24
BRDA:26,0,0,2
BRDA:26,0,1,0
BRDA:40,1,0,0
BRDA:40,1,1,2
BRDA:44,2,0,0
BRDA:44,2,1,2
BRDA:58,3,0,0
BRDA:58,3,1,1
BRDA:63,4,0,0
BRDA:63,4,1,1
BRDA:83,5,0,0
BRDA:83,5,1,0
BRDA:105,6,0,0
BRDA:105,6,1,0
BRDA:109,7,0,0
BRDA:109,7,1,0
BRDA:131,8,0,0
BRDA:131,8,1,0
BRDA:136,9,0,0
BRDA:136,9,1,0
BRDA:151,10,0,0
BRDA:151,10,1,0
BRDA:160,11,0,0
BRDA:160,11,1,0
BRDA:171,12,0,0
BRDA:171,12,1,0
BRDA:171,12,2,0
BRDA:171,12,3,0
BRDA:171,12,4,0
BRDA:171,12,5,0
BRF:30
BRH:5
end_of_record
TN:
SF:src/health/dependency-health.indicator.ts
FN:12,(anonymous_2)
FN:22,(anonymous_3)
FN:68,(anonymous_4)
FN:114,(anonymous_5)
FN:122,(anonymous_6)
FN:130,(anonymous_7)
FN:155,(anonymous_8)
FN:173,(anonymous_9)
FN:216,(anonymous_10)
FN:229,(anonymous_11)
FNF:10
FNH:1
FNDA:5,(anonymous_2)
FNDA:0,(anonymous_3)
FNDA:0,(anonymous_4)
FNDA:0,(anonymous_5)
FNDA:0,(anonymous_6)
FNDA:0,(anonymous_7)
FNDA:0,(anonymous_8)
FNDA:0,(anonymous_9)
FNDA:0,(anonymous_10)
FNDA:0,(anonymous_11)
DA:1,5
DA:2,5
DA:3,5
DA:4,5
DA:5,5
DA:11,5
DA:13,5
DA:14,5
DA:16,5
DA:23,0
DA:25,0
DA:26,0
DA:32,0
DA:33,0
DA:34,0
DA:39,0
DA:41,0
DA:43,0
DA:49,0
DA:50,0
DA:52,0
DA:54,0
DA:69,0
DA:71,0
DA:72,0
DA:78,0
DA:79,0
DA:80,0
DA:85,0
DA:87,0
DA:89,0
DA:95,0
DA:96,0
DA:98,0
DA:100,0
DA:115,0
DA:116,0
DA:119,0
DA:120,0
DA:122,0
DA:127,0
DA:128,0
DA:130,0
DA:138,0
DA:139,0
DA:140,0
DA:141,0
DA:146,0
DA:154,0
DA:155,0
DA:158,0
DA:164,0
DA:165,0
DA:167,0
DA:178,0
DA:179,0
DA:180,0
DA:185,0
DA:187,0
DA:189,0
DA:197,0
DA:198,0
DA:200,0
DA:202,0
DA:220,0
DA:233,0
LF:66
LH:9
BRDA:25,0,0,0
BRDA:25,0,1,0
BRDA:44,1,0,0
BRDA:44,1,1,0
BRDA:49,2,0,0
BRDA:49,2,1,0
BRDA:59,3,0,0
BRDA:59,3,1,0
BRDA:71,4,0,0
BRDA:71,4,1,0
BRDA:90,5,0,0
BRDA:90,5,1,0
BRDA:95,6,0,0
BRDA:95,6,1,0
BRDA:105,7,0,0
BRDA:105,7,1,0
BRDA:119,8,0,0
BRDA:119,8,1,0
BRDA:127,9,0,0
BRDA:127,9,1,0
BRDA:148,10,0,0
BRDA:148,10,1,0
BRDA:159,11,0,0
BRDA:159,11,1,0
BRDA:164,12,0,0
BRDA:164,12,1,0
BRDA:164,13,0,0
BRDA:164,13,1,0
BRDA:176,14,0,0
BRDA:190,15,0,0
BRDA:190,15,1,0
BRDA:197,16,0,0
BRDA:197,16,1,0
BRDA:207,17,0,0
BRDA:207,17,1,0
BRF:35
BRH:0
end_of_record
TN:
SF:src/health/health.controller.ts
FN:25,(anonymous_2)
FN:44,(anonymous_3)
FN:59,(anonymous_4)
FN:61,(anonymous_5)
FN:73,(anonymous_6)
FN:75,(anonymous_7)
FN:76,(anonymous_8)
FN:77,(anonymous_9)
FN:89,(anonymous_10)
FN:91,(anonymous_11)
FN:103,(anonymous_12)
FN:106,(anonymous_13)
FN:107,(anonymous_14)
FN:110,(anonymous_15)
FN:111,(anonymous_16)
FN:112,(anonymous_17)
FN:115,(anonymous_18)
FN:116,(anonymous_19)
FN:117,(anonymous_20)
FN:120,(anonymous_21)
FN:121,(anonymous_22)
FN:122,(anonymous_23)
FN:125,(anonymous_24)
FN:137,(anonymous_25)
FN:139,(anonymous_26)
FN:140,(anonymous_27)
FN:141,(anonymous_28)
FN:153,(anonymous_29)
FN:155,(anonymous_30)
FN:156,(anonymous_31)
FN:157,(anonymous_32)
FN:158,(anonymous_33)
FN:159,(anonymous_34)
FN:171,(anonymous_35)
FN:176,(anonymous_36)
FN:183,(anonymous_37)
FN:189,(anonymous_38)
FN:202,(anonymous_39)
FN:204,(anonymous_40)
FN:205,(anonymous_41)
FN:206,(anonymous_42)
FN:207,(anonymous_43)
FN:208,(anonymous_44)
FN:209,(anonymous_45)
FN:210,(anonymous_46)
FN:222,(anonymous_47)
FN:224,(anonymous_48)
FN:225,(anonymous_49)
FN:226,(anonymous_50)
FN:227,(anonymous_51)
FNF:50
FNH:32
FNDA:5,(anonymous_2)
FNDA:0,(anonymous_3)
FNDA:2,(anonymous_4)
FNDA:2,(anonymous_5)
FNDA:2,(anonymous_6)
FNDA:2,(anonymous_7)
FNDA:2,(anonymous_8)
FNDA:2,(anonymous_9)
FNDA:1,(anonymous_10)
FNDA:1,(anonymous_11)
FNDA:2,(anonymous_12)
FNDA:2,(anonymous_13)
FNDA:2,(anonymous_14)
FNDA:2,(anonymous_15)
FNDA:2,(anonymous_16)
FNDA:2,(anonymous_17)
FNDA:2,(anonymous_18)
FNDA:2,(anonymous_19)
FNDA:2,(anonymous_20)
FNDA:2,(anonymous_21)
FNDA:2,(anonymous_22)
FNDA:2,(anonymous_23)
FNDA:2,(anonymous_24)
FNDA:2,(anonymous_25)
FNDA:2,(anonymous_26)
FNDA:2,(anonymous_27)
FNDA:2,(anonymous_28)
FNDA:2,(anonymous_29)
FNDA:2,(anonymous_30)
FNDA:2,(anonymous_31)
FNDA:2,(anonymous_32)
FNDA:2,(anonymous_33)
FNDA:2,(anonymous_34)
FNDA:0,(anonymous_35)
FNDA:0,(anonymous_36)
FNDA:0,(anonymous_37)
FNDA:0,(anonymous_38)
FNDA:0,(anonymous_39)
FNDA:0,(anonymous_40)
FNDA:0,(anonymous_41)
FNDA:0,(anonymous_42)
FNDA:0,(anonymous_43)
FNDA:0,(anonymous_44)
FNDA:0,(anonymous_45)
FNDA:0,(anonymous_46)
FNDA:0,(anonymous_47)
FNDA:0,(anonymous_48)
FNDA:0,(anonymous_49)
FNDA:0,(anonymous_50)
FNDA:0,(anonymous_51)
DA:1,5
DA:2,5
DA:9,5
DA:10,5
DA:11,5
DA:12,5
DA:13,5
DA:14,5
DA:15,5
DA:24,5
DA:26,5
DA:27,5
DA:28,5
DA:29,5
DA:30,5
DA:31,5
DA:32,5
DA:33,5
DA:34,5
DA:44,5
DA:45,0
DA:59,5
DA:60,2
DA:61,2
DA:73,5
DA:74,2
DA:75,2
DA:76,2
DA:77,2
DA:89,5
DA:90,1
DA:91,1
DA:103,5
DA:104,2
DA:106,2
DA:107,2
DA:110,2
DA:111,2
DA:112,2
DA:115,2
DA:116,2
DA:117,2
DA:120,2
DA:121,2
DA:122,2
DA:125,2
DA:137,5
DA:138,2
DA:139,2
DA:140,2
DA:141,2
DA:153,5
DA:154,2
DA:155,2
DA:156,2
DA:157,2
DA:158,2
DA:159,2
DA:171,5
DA:172,0
DA:175,0
DA:176,0
DA:177,0
DA:182,0
DA:183,0
DA:184,0
DA:189,0
DA:191,0
DA:202,5
DA:203,0
DA:204,0
DA:205,0
DA:206,0
DA:207,0
DA:208,0
DA:209,0
DA:210,0
DA:222,5
DA:223,0
DA:224,0
DA:225,0
DA:226,0
DA:227,0
LF:83
LH:60
BRDA:175,0,0,0
BRDA:175,0,1,0
BRDA:182,1,0,0
BRDA:182,1,1,0
BRF:4
BRH:0
end_of_record
TN:
SF:src/health/health.service.ts
FN:13,(anonymous_2)
FN:21,(anonymous_3)
FN:28,(anonymous_4)
FN:29,(anonymous_5)
FN:35,(anonymous_6)
FN:43,(anonymous_7)
FN:51,(anonymous_8)
FN:52,(anonymous_9)
FN:58,(anonymous_10)
FN:65,(anonymous_11)
FN:72,(anonymous_12)
FN:79,(anonymous_13)
FN:86,(anonymous_14)
FN:93,(anonymous_15)
FN:109,(anonymous_16)
FN:130,(anonymous_17)
FNF:16
FNH:14
FNDA:5,(anonymous_2)
FNDA:5,(anonymous_3)
FNDA:1,(anonymous_4)
FNDA:1,(anonymous_5)
FNDA:2,(anonymous_6)
FNDA:0,(anonymous_7)
FNDA:2,(anonymous_8)
FNDA:4,(anonymous_9)
FNDA:7,(anonymous_10)
FNDA:2,(anonymous_11)
FNDA:2,(anonymous_12)
FNDA:2,(anonymous_13)
FNDA:4,(anonymous_14)
FNDA:2,(anonymous_15)
FNDA:2,(anonymous_16)
FNDA:0,(anonymous_17)
DA:1,5
DA:2,5
DA:8,5
DA:10,5
DA:11,5
DA:13,5
DA:14,5
DA:15,5
DA:23,5
DA:24,5
DA:25,5
DA:28,5
DA:29,5
DA:36,2
DA:37,2
DA:44,0
DA:45,0
DA:52,4
DA:59,7
DA:66,2
DA:73,2
DA:80,2
DA:87,4
DA:94,2
DA:110,2
DA:111,2
DA:112,2
DA:113,2
DA:115,2
DA:116,0
DA:118,2
DA:119,0
DA:121,2
DA:122,0
DA:124,2
DA:131,0
LF:36
LH:30
BRDA:66,0,0,2
BRDA:66,0,1,0
BRDA:95,1,0,0
BRDA:95,1,1,2
BRDA:115,2,0,0
BRDA:115,2,1,2
BRDA:118,3,0,0
BRDA:118,3,1,2
BRDA:121,4,0,0
BRDA:121,4,1,2
BRF:10
BRH:5
end_of_record
TN:
SF:src/health/metrics.controller.ts
FN:12,(anonymous_2)
FN:23,(anonymous_3)
FN:34,(anonymous_4)
FN:44,(anonymous_5)
FN:63,(anonymous_6)
FN:73,(anonymous_7)
FN:83,(anonymous_8)
FN:97,(anonymous_9)
FNF:8
FNH:1
FNDA:5,(anonymous_2)
FNDA:0,(anonymous_3)
FNDA:0,(anonymous_4)
FNDA:0,(anonymous_5)
FNDA:0,(anonymous_6)
FNDA:0,(anonymous_7)
FNDA:0,(anonymous_8)
FNDA:0,(anonymous_9)
DA:1,5
DA:2,5
DA:3,5
DA:4,5
DA:11,5
DA:13,5
DA:14,5
DA:23,5
DA:24,0
DA:34,5
DA:35,0
DA:44,5
DA:45,0
DA:63,5
DA:64,0
DA:73,5
DA:74,0
DA:83,5
DA:84,0
DA:85,0
DA:97,5
DA:99,0
DA:100,0
DA:101,0
DA:104,0
DA:105,0
DA:108,0
DA:109,0
DA:112,0
DA:113,0
DA:120,0
DA:121,0
DA:128,0
DA:130,0
LF:34
LH:14
BRF:0
BRH:0
end_of_record
TN:
SF:src/health/metrics.service.ts
FN:15,(anonymous_11)
FN:23,(anonymous_12)
FN:44,(anonymous_13)
FN:52,(anonymous_14)
FN:59,(anonymous_15)
FN:74,(anonymous_16)
FN:90,(anonymous_17)
FN:99,(anonymous_18)
FN:100,(anonymous_19)
FN:119,(anonymous_20)
FN:148,(anonymous_21)
FN:174,(anonymous_22)
FN:200,(anonymous_23)
FN:211,(anonymous_24)
FN:223,(anonymous_25)
FN:258,(anonymous_26)
FNF:16
FNH:2
FNDA:5,(anonymous_11)
FNDA:5,(anonymous_12)
FNDA:0,(anonymous_13)
FNDA:0,(anonymous_14)
FNDA:0,(anonymous_15)
FNDA:0,(anonymous_16)
FNDA:0,(anonymous_17)
FNDA:0,(anonymous_18)
FNDA:0,(anonymous_19)
FNDA:0,(anonymous_20)
FNDA:0,(anonymous_21)
FNDA:0,(anonymous_22)
FNDA:0,(anonymous_23)
FNDA:0,(anonymous_24)
FNDA:0,(anonymous_25)
FNDA:0,(anonymous_26)
DA:1,5
DA:2,5
DA:3,5
DA:9,5
DA:10,5
DA:11,5
DA:12,5
DA:16,5
DA:17,5
DA:25,5
DA:26,5
DA:27,5
DA:28,5
DA:29,5
DA:30,5
DA:33,5
DA:34,5
DA:37,5
DA:38,5
DA:45,0
DA:46,0
DA:53,0
DA:60,0
DA:61,0
DA:64,0
DA:65,0
DA:68,0
DA:75,0
DA:91,0
DA:93,0
DA:94,0
DA:95,0
DA:96,0
DA:99,0
DA:100,0
DA:102,0
DA:113,0
DA:120,0
DA:121,0
DA:123,0
DA:149,0
DA:150,0
DA:152,0
DA:175,0
DA:201,0
DA:202,0
DA:204,0
DA:205,0
DA:212,0
DA:213,0
DA:214,0
DA:216,0
DA:217,0
DA:224,0
DA:227,0
DA:228,0
DA:229,0
DA:233,0
DA:234,0
DA:235,0
DA:239,0
DA:240,0
DA:241,0
DA:242,0
DA:243,0
DA:246,0
DA:247,0
DA:248,0
DA:249,0
DA:250,0
DA:252,0
DA:259,0
DA:260,0
DA:261,0
DA:262,0
LF:75
LH:19
BRDA:44,0,0,0
BRDA:45,1,0,0
BRDA:45,1,1,0
BRDA:60,2,0,0
BRDA:60,2,1,0
BRDA:64,3,0,0
BRDA:64,3,1,0
BRDA:94,4,0,0
BRDA:94,4,1,0
BRDA:177,5,0,0
BRDA:177,5,1,0
BRDA:178,6,0,0
BRDA:178,6,1,0
BRDA:179,7,0,0
BRDA:179,7,1,0
BRDA:183,8,0,0
BRDA:183,8,1,0
BRDA:184,9,0,0
BRDA:184,9,1,0
BRDA:187,10,0,0
BRDA:187,10,1,0
BRDA:188,11,0,0
BRDA:188,11,1,0
BRDA:192,12,0,0
BRDA:192,12,1,0
BRDA:201,13,0,0
BRDA:201,13,1,0
BRDA:202,14,0,0
BRDA:202,14,1,0
BRDA:204,15,0,0
BRDA:204,15,1,0
BRDA:212,16,0,0
BRDA:212,16,1,0
BRDA:213,17,0,0
BRDA:213,17,1,0
BRDA:216,18,0,0
BRDA:216,18,1,0
BRF:37
BRH:0
end_of_record
TN:
SF:src/health/system-health.indicator.ts
FN:14,(anonymous_10)
FN:23,(anonymous_11)
FN:64,(anonymous_12)
FN:86,(anonymous_13)
FN:125,(anonymous_14)
FN:151,(anonymous_15)
FN:186,(anonymous_16)
FN:205,(anonymous_17)
FN:226,(anonymous_18)
FN:243,(anonymous_19)
FN:248,(anonymous_20)
FN:249,(anonymous_21)
FNF:12
FNH:9
FNDA:2,(anonymous_10)
FNDA:20,(anonymous_11)
FNDA:2,(anonymous_12)
FNDA:2,(anonymous_13)
FNDA:0,(anonymous_14)
FNDA:0,(anonymous_15)
FNDA:0,(anonymous_16)
FNDA:4,(anonymous_17)
FNDA:4,(anonymous_18)
FNDA:2,(anonymous_19)
FNDA:2,(anonymous_20)
FNDA:2,(anonymous_21)
DA:1,5
DA:2,5
DA:3,5
DA:4,5
DA:10,5
DA:15,2
DA:16,2
DA:17,2
DA:20,2
DA:21,2
DA:23,2
DA:24,20
DA:25,100
DA:27,20
DA:30,2
DA:31,2
DA:32,2
DA:34,2
DA:36,2
DA:47,2
DA:48,2
DA:50,0
DA:52,0
DA:65,2
DA:66,2
DA:69,2
DA:71,2
DA:87,2
DA:88,0
DA:93,2
DA:95,2
DA:96,2
DA:97,2
DA:99,2
DA:100,2
DA:102,2
DA:109,2
DA:110,2
DA:112,0
DA:115,0
DA:126,0
DA:127,0
DA:130,0
DA:132,0
DA:142,0
DA:143,0
DA:145,0
DA:152,0
DA:153,0
DA:155,0
DA:156,0
DA:157,0
DA:158,0
DA:159,0
DA:170,0
DA:172,0
DA:177,0
DA:178,0
DA:180,0
DA:187,0
DA:206,4
DA:207,4
DA:208,4
DA:209,4
DA:211,4
DA:212,2
DA:214,2
DA:215,0
DA:217,2
DA:218,0
DA:220,2
DA:227,4
DA:228,4
DA:229,4
DA:230,4
DA:232,4
DA:233,4
DA:234,4
DA:236,0
DA:244,2
DA:245,2
DA:246,2
DA:248,2
DA:249,2
DA:250,2
DA:251,2
DA:253,0
DA:258,0
LF:88
LH:58
BRDA:41,0,0,2
BRDA:41,0,1,0
BRDA:42,1,0,2
BRDA:42,1,1,0
BRDA:43,2,0,2
BRDA:43,2,1,0
BRDA:47,3,0,2
BRDA:47,3,1,0
BRDA:55,4,0,0
BRDA:55,4,1,0
BRDA:87,5,0,0
BRDA:87,5,1,2
BRDA:109,6,0,2
BRDA:109,6,1,0
BRDA:117,7,0,0
BRDA:117,7,1,0
BRDA:130,8,0,0
BRDA:130,8,1,0
BRDA:134,9,0,0
BRDA:134,9,1,0
BRDA:135,10,0,0
BRDA:135,10,1,0
BRDA:136,11,0,0
BRDA:136,11,1,0
BRDA:142,12,0,0
BRDA:142,12,1,0
BRDA:156,13,0,0
BRDA:156,13,1,0
BRDA:158,14,0,0
BRDA:158,14,1,0
BRDA:158,15,0,0
BRDA:158,15,1,0
BRDA:177,16,0,0
BRDA:177,16,1,0
BRDA:211,17,0,2
BRDA:211,17,1,2
BRDA:214,18,0,0
BRDA:214,18,1,2
BRDA:217,19,0,0
BRDA:217,19,1,2
BRDA:232,20,0,2
BRDA:232,20,1,2
BRDA:250,21,0,2
BRDA:250,21,1,0
BRF:44
BRH:13
end_of_record
TN:
SF:src/logging/error-logging.filter.ts
FN:18,(anonymous_2)
FN:20,(anonymous_3)
FN:109,(anonymous_4)
FN:154,(anonymous_5)
FN:202,(anonymous_6)
FN:219,(anonymous_7)
FN:228,(anonymous_8)
FN:244,(anonymous_9)
FN:262,(anonymous_10)
FNF:9
FNH:6
FNDA:10,(anonymous_2)
FNDA:83,(anonymous_3)
FNDA:83,(anonymous_4)
FNDA:83,(anonymous_5)
FNDA:0,(anonymous_6)
FNDA:0,(anonymous_7)
FNDA:0,(anonymous_8)
FNDA:7,(anonymous_9)
FNDA:77,(anonymous_10)
DA:1,5
DA:10,5
DA:17,5
DA:18,10
DA:21,83
DA:22,83
DA:23,83
DA:26,83
DA:27,83
DA:28,83
DA:29,83
DA:32,83
DA:44,83
DA:46,7
DA:53,7
DA:54,7
DA:62,7
DA:63,0
DA:69,76
DA:71,76
DA:74,76
DA:75,0
DA:76,0
DA:83,76
DA:84,34
DA:92,0
DA:96,83
DA:110,83
DA:111,83
DA:112,83
DA:113,83
DA:115,0
DA:118,0
DA:120,0
DA:121,0
DA:129,0
DA:130,0
DA:138,0
DA:145,0
DA:155,83
DA:156,83
DA:160,0
DA:161,0
DA:163,0
DA:165,0
DA:168,0
DA:170,0
DA:173,0
DA:175,0
DA:178,0
DA:180,0
DA:185,0
DA:186,0
DA:190,0
DA:192,0
DA:196,0
DA:203,0
DA:219,0
DA:220,0
DA:229,0
DA:236,0
DA:245,7
DA:247,7
DA:261,7
DA:262,77
LF:65
LH:33
BRDA:28,0,0,83
BRDA:28,0,1,83
BRDA:36,1,0,83
BRDA:36,1,1,0
BRDA:40,2,0,83
BRDA:40,2,1,83
BRDA:44,3,0,7
BRDA:44,3,1,76
BRDA:48,4,0,7
BRDA:48,4,1,0
BRDA:58,5,0,7
BRDA:58,5,1,0
BRDA:62,6,0,0
BRDA:62,6,1,7
BRDA:69,7,0,76
BRDA:69,7,1,0
BRDA:74,8,0,0
BRDA:74,8,1,76
BRDA:74,9,0,76
BRDA:74,9,1,1
BRDA:83,10,0,34
BRDA:83,10,1,42
BRDA:83,11,0,76
BRDA:83,11,1,42
BRDA:110,12,0,83
BRDA:110,12,1,0
BRDA:112,13,0,83
BRDA:112,13,1,0
BRDA:118,14,0,0
BRDA:118,14,1,0
BRDA:120,15,0,0
BRDA:120,15,1,0
BRDA:124,16,0,0
BRDA:124,16,1,0
BRDA:129,17,0,0
BRDA:129,17,1,0
BRDA:133,18,0,0
BRDA:133,18,1,0
BRDA:139,19,0,0
BRDA:139,19,1,0
BRDA:140,20,0,0
BRDA:140,20,1,0
BRDA:155,21,0,83
BRDA:155,21,1,0
BRDA:160,22,0,0
BRDA:160,22,1,0
BRDA:161,23,0,0
BRDA:161,23,1,0
BRDA:163,24,0,0
BRDA:163,24,1,0
BRDA:163,25,0,0
BRDA:163,25,1,0
BRDA:168,26,0,0
BRDA:168,26,1,0
BRDA:168,27,0,0
BRDA:168,27,1,0
BRDA:173,28,0,0
BRDA:173,28,1,0
BRDA:173,29,0,0
BRDA:173,29,1,0
BRDA:178,30,0,0
BRDA:178,30,1,0
BRDA:178,31,0,0
BRDA:178,31,1,0
BRDA:185,32,0,0
BRDA:185,32,1,0
BRDA:190,33,0,0
BRDA:190,33,1,0
BRDA:190,34,0,0
BRDA:190,34,1,0
BRDA:220,35,0,0
BRDA:220,35,1,0
BRDA:236,36,0,0
BRDA:236,36,1,0
BRDA:236,36,2,0
BRDA:245,37,0,0
BRDA:245,37,1,7
BRF:77
BRH:22
end_of_record
TN:
SF:src/logging/logging.controller.ts
FN:11,(anonymous_4)
FN:16,(anonymous_5)
FN:34,(anonymous_6)
FN:38,(anonymous_7)
FN:55,(anonymous_8)
FN:73,(anonymous_9)
FN:91,(anonymous_10)
FN:99,(anonymous_11)
FN:112,(anonymous_12)
FN:126,(anonymous_13)
FN:139,(anonymous_14)
FNF:11
FNH:1
FNDA:5,(anonymous_4)
FNDA:0,(anonymous_5)
FNDA:0,(anonymous_6)
FNDA:0,(anonymous_7)
FNDA:0,(anonymous_8)
FNDA:0,(anonymous_9)
FNDA:0,(anonymous_10)
FNDA:0,(anonymous_11)
FNDA:0,(anonymous_12)
FNDA:0,(anonymous_13)
FNDA:0,(anonymous_14)
DA:1,5
DA:2,5
DA:3,5
DA:10,5
DA:11,5
DA:16,5
DA:17,0
DA:19,0
DA:20,0
DA:21,0
DA:22,0
DA:23,0
DA:25,0
DA:34,5
DA:35,0
DA:38,0
DA:40,0
DA:41,0
DA:46,0
DA:55,5
DA:56,0
DA:63,0
DA:73,5
DA:74,0
DA:83,0
DA:91,5
DA:92,0
DA:93,0
DA:99,5
DA:100,0
DA:112,5
DA:113,0
DA:114,0
DA:115,0
DA:116,0
DA:118,0
DA:126,5
DA:127,0
DA:128,0
DA:129,0
DA:131,0
DA:139,5
DA:140,0
DA:142,0
DA:143,0
DA:144,0
DA:146,0
LF:47
LH:14
BRDA:57,0,0,0
BRDA:57,0,1,0
BRDA:59,1,0,0
BRDA:59,1,1,0
BRF:4
BRH:0
end_of_record
TN:
SF:src/logging/logging.service.ts
FN:14,(anonymous_4)
FN:24,(anonymous_5)
FN:31,(anonymous_6)
FN:40,(anonymous_7)
FN:57,(anonymous_8)
FN:66,(anonymous_9)
FN:77,(anonymous_10)
FN:86,(anonymous_11)
FN:96,(anonymous_12)
FN:106,(anonymous_13)
FN:121,(anonymous_14)
FN:137,(anonymous_15)
FN:154,(anonymous_16)
FN:170,(anonymous_17)
FN:186,(anonymous_18)
FN:201,(anonymous_19)
FN:216,(anonymous_20)
FN:225,(anonymous_21)
FN:235,(anonymous_22)
FN:246,(anonymous_23)
FN:249,(anonymous_24)
FNF:21
FNH:7
FNDA:5,(anonymous_4)
FNDA:0,(anonymous_5)
FNDA:0,(anonymous_6)
FNDA:21,(anonymous_7)
FNDA:76,(anonymous_8)
FNDA:0,(anonymous_9)
FNDA:0,(anonymous_10)
FNDA:64,(anonymous_11)
FNDA:7,(anonymous_12)
FNDA:0,(anonymous_13)
FNDA:0,(anonymous_14)
FNDA:34,(anonymous_15)
FNDA:0,(anonymous_16)
FNDA:0,(anonymous_17)
FNDA:0,(anonymous_18)
FNDA:0,(anonymous_19)
FNDA:0,(anonymous_20)
FNDA:168,(anonymous_21)
FNDA:0,(anonymous_22)
FNDA:0,(anonymous_23)
FNDA:0,(anonymous_24)
DA:1,5
DA:2,5
DA:3,5
DA:4,5
DA:10,5
DA:15,5
DA:16,5
DA:18,5
DA:25,0
DA:32,0
DA:41,21
DA:43,21
DA:58,76
DA:67,0
DA:68,0
DA:78,0
DA:87,64
DA:97,7
DA:107,0
DA:122,0
DA:138,34
DA:140,34
DA:155,0
DA:156,0
DA:171,0
DA:172,0
DA:187,0
DA:202,0
DA:217,0
DA:218,0
DA:219,0
DA:226,168
DA:227,0
DA:229,168
DA:237,0
DA:238,0
DA:240,0
DA:247,0
DA:249,0
DA:251,0
DA:252,0
DA:254,0
DA:255,0
DA:257,0
LF:44
LH:17
BRDA:33,0,0,0
BRDA:33,0,1,0
BRDA:41,1,0,0
BRDA:41,1,1,21
BRDA:44,2,0,21
BRDA:44,2,1,0
BRDA:45,3,0,21
BRDA:45,3,1,7
BRDA:59,4,0,76
BRDA:59,4,1,0
BRDA:67,5,0,0
BRDA:67,5,1,0
BRDA:69,6,0,0
BRDA:69,6,1,0
BRDA:79,7,0,0
BRDA:79,7,1,0
BRDA:138,8,0,0
BRDA:138,8,1,34
BRDA:138,9,0,34
BRDA:138,9,1,34
BRDA:155,10,0,0
BRDA:155,10,1,0
BRDA:155,11,0,0
BRDA:155,11,1,0
BRDA:171,12,0,0
BRDA:171,12,1,0
BRDA:226,13,0,0
BRDA:226,13,1,168
BRDA:226,14,0,168
BRDA:226,14,1,0
BRDA:237,15,0,0
BRDA:237,15,1,0
BRDA:247,16,0,0
BRDA:247,16,1,0
BRDA:251,17,0,0
BRDA:251,17,1,0
BRDA:251,18,0,0
BRDA:251,18,1,0
BRDA:254,19,0,0
BRDA:254,19,1,0
BRDA:254,20,0,0
BRDA:254,20,1,0
BRDA:254,20,2,0
BRF:43
BRH:10
end_of_record
TN:
SF:src/logging/morgan.middleware.ts
FN:13,(anonymous_3)
FN:15,(anonymous_4)
FN:20,(anonymous_5)
FN:25,(anonymous_6)
FN:30,(anonymous_7)
FN:43,(anonymous_8)
FN:53,(anonymous_9)
FN:62,(anonymous_10)
FN:70,(anonymous_11)
FN:81,(anonymous_12)
FN:83,(anonymous_13)
FN:91,(anonymous_14)
FN:100,(anonymous_15)
FN:106,(anonymous_16)
FN:131,(anonymous_17)
FN:143,(anonymous_18)
FNF:16
FNH:0
FNDA:0,(anonymous_3)
FNDA:0,(anonymous_4)
FNDA:0,(anonymous_5)
FNDA:0,(anonymous_6)
FNDA:0,(anonymous_7)
FNDA:0,(anonymous_8)
FNDA:0,(anonymous_9)
FNDA:0,(anonymous_10)
FNDA:0,(anonymous_11)
FNDA:0,(anonymous_12)
FNDA:0,(anonymous_13)
FNDA:0,(anonymous_14)
FNDA:0,(anonymous_15)
FNDA:0,(anonymous_16)
FNDA:0,(anonymous_17)
FNDA:0,(anonymous_18)
DA:1,0
DA:3,0
DA:4,0
DA:10,0
DA:13,0
DA:15,0
DA:16,0
DA:20,0
DA:21,0
DA:25,0
DA:26,0
DA:30,0
DA:31,0
DA:32,0
DA:36,0
DA:41,0
DA:45,0
DA:48,0
DA:55,0
DA:56,0
DA:60,0
DA:61,0
DA:62,0
DA:65,0
DA:71,0
DA:78,0
DA:81,0
DA:83,0
DA:84,0
DA:85,0
DA:88,0
DA:89,0
DA:91,0
DA:92,0
DA:93,0
DA:97,0
DA:100,0
DA:101,0
DA:102,0
DA:103,0
DA:106,0
DA:107,0
DA:111,0
DA:129,0
DA:132,0
DA:133,0
DA:134,0
DA:136,0
DA:144,0
LF:49
LH:0
BRDA:16,0,0,0
BRDA:16,0,1,0
BRDA:21,1,0,0
BRDA:21,1,1,0
BRDA:21,1,2,0
BRDA:26,2,0,0
BRDA:26,2,1,0
BRDA:32,3,0,0
BRDA:32,3,1,0
BRDA:36,4,0,0
BRDA:36,4,1,0
BRDA:55,5,0,0
BRDA:55,5,1,0
BRDA:55,6,0,0
BRDA:55,6,1,0
BRDA:60,7,0,0
BRDA:60,7,1,0
BRDA:85,8,0,0
BRDA:85,8,1,0
BRDA:85,9,0,0
BRDA:85,9,1,0
BRDA:92,10,0,0
BRDA:92,10,1,0
BRDA:102,11,0,0
BRDA:102,11,1,0
BRDA:102,12,0,0
BRDA:102,12,1,0
BRDA:107,13,0,0
BRDA:107,13,1,0
BRF:29
BRH:0
end_of_record
TN:
SF:src/logging/request-logging.interceptor.ts
FN:17,(anonymous_2)
FN:19,(anonymous_3)
FN:61,(anonymous_4)
FN:89,(anonymous_5)
FN:123,(anonymous_6)
FN:130,(anonymous_7)
FN:151,(anonymous_8)
FN:158,(anonymous_9)
FN:177,(anonymous_10)
FNF:9
FNH:9
FNDA:10,(anonymous_2)
FNDA:32,(anonymous_3)
FNDA:25,(anonymous_4)
FNDA:7,(anonymous_5)
FNDA:32,(anonymous_6)
FNDA:32,(anonymous_7)
FNDA:1,(anonymous_8)
FNDA:10,(anonymous_9)
FNDA:25,(anonymous_10)
DA:1,5
DA:8,5
DA:9,5
DA:16,5
DA:17,10
DA:20,32
DA:21,0
DA:24,32
DA:25,32
DA:26,32
DA:29,32
DA:33,32
DA:36,32
DA:51,32
DA:59,32
DA:62,25
DA:63,25
DA:66,25
DA:78,25
DA:79,0
DA:90,7
DA:91,7
DA:94,7
DA:101,7
DA:124,32
DA:131,32
DA:134,1
DA:137,1
DA:151,1
DA:152,1
DA:154,1
DA:155,1
DA:158,10
DA:159,0
DA:160,1
DA:161,0
DA:162,1
DA:164,0
DA:168,1
DA:171,1
DA:178,25
DA:180,25
DA:181,25
DA:182,25
DA:184,0
LF:45
LH:39
BRDA:20,0,0,0
BRDA:20,0,1,32
BRDA:29,1,0,32
BRDA:29,1,1,32
BRDA:41,2,0,32
BRDA:41,2,1,0
BRDA:47,3,0,32
BRDA:47,3,1,32
BRDA:78,4,0,0
BRDA:78,4,1,25
BRDA:91,5,0,7
BRDA:91,5,1,0
BRDA:131,6,0,31
BRDA:131,6,1,1
BRDA:152,7,0,0
BRDA:152,7,1,1
BRDA:152,8,0,1
BRDA:152,8,1,1
BRDA:158,9,0,0
BRDA:158,9,1,1
BRDA:160,10,0,0
BRDA:160,10,1,1
BRDA:162,11,0,0
BRDA:162,11,1,1
BRDA:162,12,0,1
BRDA:162,12,1,1
BRDA:178,13,0,0
BRDA:178,13,1,25
BRF:28
BRH:19
end_of_record
TN:
SF:src/logging/winston.config.ts
FN:8,(anonymous_10)
FN:151,(anonymous_11)
FNF:2
FNH:1
FNDA:5,(anonymous_10)
FNDA:0,(anonymous_11)
DA:1,5
DA:2,5
DA:3,5
DA:8,5
DA:9,5
DA:10,5
DA:13,5
DA:21,5
DA:31,5
DA:34,5
DA:42,5
DA:44,0
DA:58,0
DA:72,0
DA:86,0
DA:101,5
DA:102,0
DA:115,5
DA:127,5
DA:151,5
DA:152,0
DA:155,0
DA:157,0
LF:23
LH:15
BRDA:9,0,0,5
BRDA:9,0,1,5
BRDA:9,1,0,0
BRDA:9,1,1,5
BRDA:10,2,0,5
BRDA:10,2,1,5
BRDA:42,3,0,0
BRDA:42,3,1,5
BRDA:42,4,0,5
BRDA:42,4,1,5
BRDA:101,5,0,0
BRDA:101,5,1,5
BRDA:101,6,0,5
BRDA:101,6,1,5
BRF:14
BRH:11
end_of_record
TN:
SF:src/permissions/permissions.guard.ts
FN:16,(anonymous_2)
FN:21,(anonymous_3)
FNF:2
FNH:1
FNDA:5,(anonymous_2)
FNDA:0,(anonymous_3)
DA:1,5
DA:2,5
DA:3,5
DA:12,5
DA:15,5
DA:17,5
DA:18,5
DA:22,0
DA:27,0
DA:28,0
DA:31,0
DA:32,0
DA:34,0
DA:35,0
DA:40,0
DA:41,0
DA:42,0
DA:43,0
DA:46,0
DA:49,0
DA:50,0
DA:53,0
DA:54,0
DA:56,0
DA:62,0
DA:63,0
DA:68,0
LF:27
LH:7
BRDA:27,0,0,0
BRDA:27,0,1,0
BRDA:34,1,0,0
BRDA:34,1,1,0
BRDA:40,2,0,0
BRDA:40,2,1,0
BRDA:42,3,0,0
BRDA:42,3,1,0
BRDA:49,4,0,0
BRDA:49,4,1,0
BRDA:53,5,0,0
BRDA:53,5,1,0
BRDA:62,6,0,0
BRDA:62,6,1,0
BRF:14
BRH:0
end_of_record
TN:
SF:src/permissions/permissions.service.ts
FN:11,(anonymous_2)
FN:27,(anonymous_3)
FN:47,(anonymous_4)
FN:70,(anonymous_5)
FN:93,(anonymous_6)
FN:112,(anonymous_7)
FN:139,(anonymous_8)
FN:147,(anonymous_9)
FN:155,(anonymous_10)
FN:163,(anonymous_11)
FN:171,(anonymous_12)
FN:178,(anonymous_13)
FN:186,(anonymous_14)
FN:193,(anonymous_15)
FNF:14
FNH:1
FNDA:5,(anonymous_2)
FNDA:0,(anonymous_3)
FNDA:0,(anonymous_4)
FNDA:0,(anonymous_5)
FNDA:0,(anonymous_6)
FNDA:0,(anonymous_7)
FNDA:0,(anonymous_8)
FNDA:0,(anonymous_9)
FNDA:0,(anonymous_10)
FNDA:0,(anonymous_11)
FNDA:0,(anonymous_12)
FNDA:0,(anonymous_13)
FNDA:0,(anonymous_14)
FNDA:0,(anonymous_15)
DA:1,5
DA:2,5
DA:3,5
DA:6,5
DA:7,5
DA:11,5
DA:12,5
DA:13,5
DA:16,5
DA:24,5
DA:32,0
DA:33,0
DA:39,0
DA:40,0
DA:42,0
DA:43,0
DA:52,0
DA:53,0
DA:63,0
DA:65,0
DA:66,0
DA:75,0
DA:76,0
DA:86,0
DA:88,0
DA:89,0
DA:98,0
DA:99,0
DA:105,0
DA:107,0
DA:108,0
DA:117,0
DA:118,0
DA:119,0
DA:120,0
DA:122,0
DA:131,0
DA:133,0
DA:134,0
DA:144,0
DA:152,0
DA:160,0
DA:168,0
DA:175,0
DA:183,0
DA:190,0
DA:197,0
LF:47
LH:10
BRDA:40,0,0,0
BRDA:40,0,1,0
BRDA:42,1,0,0
BRDA:42,1,1,0
BRDA:65,2,0,0
BRDA:65,2,1,0
BRDA:88,3,0,0
BRDA:88,3,1,0
BRDA:105,4,0,0
BRDA:105,4,1,0
BRDA:107,5,0,0
BRDA:107,5,1,0
BRDA:119,6,0,0
BRDA:119,6,1,0
BRDA:119,7,0,0
BRDA:119,7,1,0
BRDA:128,8,0,0
BRDA:128,8,1,0
BRDA:131,9,0,0
BRDA:131,9,1,0
BRDA:133,10,0,0
BRDA:133,10,1,0
BRF:22
BRH:0
end_of_record
TN:
SF:src/permissions/decorators/check-permission.decorator.ts
FN:4,(anonymous_0)
FNF:1
FNH:1
FNDA:10,(anonymous_0)
DA:1,5
DA:2,5
DA:4,5
DA:5,10
LF:4
LH:4
BRF:0
BRH:0
end_of_record
TN:
SF:src/redis/cache.service.ts
FN:12,(anonymous_4)
FN:17,(anonymous_5)
FN:35,(anonymous_6)
FN:47,(anonymous_7)
FN:59,(anonymous_8)
FN:79,(anonymous_9)
FN:99,(anonymous_10)
FN:114,(anonymous_11)
FN:119,(anonymous_12)
FN:121,(anonymous_13)
FN:128,(anonymous_14)
FN:135,(anonymous_15)
FN:143,(anonymous_16)
FN:156,(anonymous_17)
FN:164,(anonymous_18)
FN:166,(anonymous_19)
FN:170,(anonymous_20)
FN:177,(anonymous_21)
FN:179,(anonymous_22)
FNF:19
FNH:1
FNDA:5,(anonymous_4)
FNDA:0,(anonymous_5)
FNDA:0,(anonymous_6)
FNDA:0,(anonymous_7)
FNDA:0,(anonymous_8)
FNDA:0,(anonymous_9)
FNDA:0,(anonymous_10)
FNDA:0,(anonymous_11)
FNDA:0,(anonymous_12)
FNDA:0,(anonymous_13)
FNDA:0,(anonymous_14)
FNDA:0,(anonymous_15)
FNDA:0,(anonymous_16)
FNDA:0,(anonymous_17)
FNDA:0,(anonymous_18)
FNDA:0,(anonymous_19)
FNDA:0,(anonymous_20)
FNDA:0,(anonymous_21)
FNDA:0,(anonymous_22)
DA:1,5
DA:2,5
DA:9,5
DA:10,5
DA:12,5
DA:18,0
DA:19,0
DA:20,0
DA:21,0
DA:23,0
DA:25,0
DA:27,0
DA:28,0
DA:36,0
DA:37,0
DA:38,0
DA:40,0
DA:48,0
DA:49,0
DA:50,0
DA:52,0
DA:60,0
DA:62,0
DA:63,0
DA:64,0
DA:65,0
DA:66,0
DA:68,0
DA:70,0
DA:72,0
DA:85,0
DA:86,0
DA:87,0
DA:91,0
DA:92,0
DA:93,0
DA:100,0
DA:103,0
DA:105,0
DA:107,0
DA:119,0
DA:120,0
DA:121,0
DA:129,0
DA:136,0
DA:137,0
DA:149,0
DA:150,0
DA:157,0
DA:158,0
DA:165,0
DA:166,0
DA:167,0
DA:169,0
DA:170,0
DA:178,0
DA:179,0
DA:180,0
DA:182,0
DA:184,0
LF:60
LH:5
BRDA:20,0,0,0
BRDA:20,0,1,0
BRDA:38,1,0,0
BRDA:38,1,1,0
BRDA:63,2,0,0
BRDA:63,2,1,0
BRDA:63,3,0,0
BRDA:63,3,1,0
BRDA:65,4,0,0
BRDA:65,4,1,0
BRDA:65,5,0,0
BRDA:65,5,1,0
BRDA:86,6,0,0
BRDA:86,6,1,0
BRF:14
BRH:0
end_of_record
TN:
SF:src/redis/job-queue.service.ts
FN:13,(anonymous_2)
FN:17,(anonymous_3)
FN:29,(anonymous_4)
FN:50,(anonymous_5)
FN:84,(anonymous_6)
FN:97,(anonymous_7)
FN:113,(anonymous_8)
FN:125,(anonymous_9)
FN:150,(anonymous_10)
FN:161,(anonymous_11)
FN:172,(anonymous_12)
FN:186,(anonymous_13)
FN:200,(anonymous_14)
FN:213,(anonymous_15)
FN:226,(anonymous_16)
FN:263,(anonymous_17)
FN:275,(anonymous_18)
FN:288,(anonymous_19)
FN:302,(anonymous_20)
FNF:19
FNH:3
FNDA:5,(anonymous_2)
FNDA:5,(anonymous_3)
FNDA:25,(anonymous_4)
FNDA:0,(anonymous_5)
FNDA:0,(anonymous_6)
FNDA:0,(anonymous_7)
FNDA:0,(anonymous_8)
FNDA:0,(anonymous_9)
FNDA:0,(anonymous_10)
FNDA:0,(anonymous_11)
FNDA:0,(anonymous_12)
FNDA:0,(anonymous_13)
FNDA:0,(anonymous_14)
FNDA:0,(anonymous_15)
FNDA:0,(anonymous_16)
FNDA:0,(anonymous_17)
FNDA:0,(anonymous_18)
FNDA:0,(anonymous_19)
FNDA:0,(anonymous_20)
DA:1,5
DA:3,5
DA:9,5
DA:10,5
DA:11,5
DA:14,5
DA:19,5
DA:20,5
DA:21,5
DA:22,5
DA:23,5
DA:30,25
DA:31,0
DA:34,25
DA:37,25
DA:39,25
DA:40,25
DA:42,0
DA:43,0
DA:56,0
DA:57,0
DA:58,0
DA:61,0
DA:62,0
DA:73,0
DA:74,0
DA:76,0
DA:77,0
DA:91,0
DA:104,0
DA:114,0
DA:115,0
DA:116,0
DA:119,0
DA:131,0
DA:132,0
DA:133,0
DA:136,0
DA:137,0
DA:139,0
DA:140,0
DA:141,0
DA:144,0
DA:151,0
DA:152,0
DA:153,0
DA:154,0
DA:162,0
DA:163,0
DA:164,0
DA:165,0
DA:173,0
DA:174,0
DA:175,0
DA:178,0
DA:179,0
DA:180,0
DA:187,0
DA:188,0
DA:189,0
DA:192,0
DA:193,0
DA:194,0
DA:201,0
DA:202,0
DA:203,0
DA:206,0
DA:207,0
DA:214,0
DA:215,0
DA:216,0
DA:219,0
DA:220,0
DA:227,0
DA:228,0
DA:229,0
DA:239,0
DA:248,0
DA:264,0
DA:265,0
DA:266,0
DA:267,0
DA:269,0
DA:276,0
DA:277,0
DA:278,0
DA:281,0
DA:282,0
DA:289,0
DA:290,0
DA:291,0
DA:294,0
DA:295,0
DA:296,0
DA:303,0
DA:304,0
DA:305,0
DA:307,0
LF:98
LH:16
BRDA:30,0,0,0
BRDA:30,0,1,25
BRDA:57,1,0,0
BRDA:57,1,1,0
BRDA:115,2,0,0
BRDA:115,2,1,0
BRDA:128,3,0,0
BRDA:129,4,0,0
BRDA:132,5,0,0
BRDA:132,5,1,0
BRDA:136,6,0,0
BRDA:136,6,1,0
BRDA:152,7,0,0
BRDA:152,7,1,0
BRDA:163,8,0,0
BRDA:163,8,1,0
BRDA:172,9,0,0
BRDA:174,10,0,0
BRDA:174,10,1,0
BRDA:186,11,0,0
BRDA:188,12,0,0
BRDA:188,12,1,0
BRDA:202,13,0,0
BRDA:202,13,1,0
BRDA:215,14,0,0
BRDA:215,14,1,0
BRDA:228,15,0,0
BRDA:228,15,1,0
BRDA:277,16,0,0
BRDA:277,16,1,0
BRDA:290,17,0,0
BRDA:290,17,1,0
BRF:32
BRH:1
end_of_record
TN:
SF:src/redis/redis.controller.ts
FN:14,(anonymous_4)
FN:23,(anonymous_5)
FN:35,(anonymous_6)
FN:42,(anonymous_7)
FN:54,(anonymous_8)
FN:70,(anonymous_9)
FN:81,(anonymous_10)
FN:91,(anonymous_11)
FN:98,(anonymous_12)
FN:119,(anonymous_13)
FN:129,(anonymous_14)
FNF:11
FNH:1
FNDA:5,(anonymous_4)
FNDA:0,(anonymous_5)
FNDA:0,(anonymous_6)
FNDA:0,(anonymous_7)
FNDA:0,(anonymous_8)
FNDA:0,(anonymous_9)
FNDA:0,(anonymous_10)
FNDA:0,(anonymous_11)
FNDA:0,(anonymous_12)
FNDA:0,(anonymous_13)
FNDA:0,(anonymous_14)
DA:1,5
DA:2,5
DA:3,5
DA:4,5
DA:5,5
DA:6,5
DA:13,5
DA:15,5
DA:16,5
DA:17,5
DA:23,5
DA:24,0
DA:25,0
DA:26,0
DA:35,5
DA:36,0
DA:42,5
DA:43,0
DA:44,0
DA:54,5
DA:58,0
DA:59,0
DA:70,5
DA:71,0
DA:72,0
DA:81,5
DA:82,0
DA:83,0
DA:91,5
DA:92,0
DA:98,5
DA:102,0
DA:108,0
DA:119,5
DA:120,0
DA:129,5
DA:130,0
LF:37
LH:20
BRDA:106,0,0,0
BRDA:106,0,1,0
BRF:2
BRH:0
end_of_record
TN:
SF:src/redis/redis.health.ts
FN:10,(anonymous_2)
FN:17,(anonymous_3)
FN:57,(anonymous_4)
FN:99,(anonymous_5)
FN:146,(anonymous_6)
FN:194,(anonymous_7)
FN:242,(anonymous_8)
FNF:7
FNH:7
FNDA:10,(anonymous_2)
FNDA:6,(anonymous_3)
FNDA:4,(anonymous_4)
FNDA:4,(anonymous_5)
FNDA:2,(anonymous_6)
FNDA:2,(anonymous_7)
FNDA:6,(anonymous_8)
DA:1,5
DA:2,5
DA:3,5
DA:9,5
DA:10,10
DA:11,10
DA:18,6
DA:19,6
DA:22,6
DA:23,6
DA:24,6
DA:26,6
DA:27,0
DA:36,6
DA:38,6
DA:44,0
DA:58,4
DA:59,4
DA:60,4
DA:61,4
DA:64,4
DA:67,4
DA:69,4
DA:70,0
DA:79,4
DA:81,4
DA:86,0
DA:100,4
DA:101,4
DA:104,4
DA:105,4
DA:108,4
DA:110,4
DA:111,0
DA:112,0
DA:113,0
DA:114,0
DA:115,0
DA:116,0
DA:118,0
DA:127,4
DA:133,0
DA:147,2
DA:148,2
DA:149,2
DA:152,2
DA:153,2
DA:154,2
DA:155,2
DA:157,2
DA:158,2
DA:159,2
DA:160,2
DA:163,2
DA:168,2
DA:170,2
DA:181,0
DA:195,2
DA:196,2
DA:197,2
DA:200,2
DA:201,2
DA:203,2
DA:204,2
DA:207,2
DA:208,2
DA:209,0
DA:210,0
DA:211,0
DA:212,0
DA:220,2
DA:229,0
DA:243,6
DA:244,6
DA:245,6
DA:246,6
DA:247,6
LF:77
LH:59
BRDA:26,0,0,0
BRDA:26,0,1,6
BRDA:48,1,0,0
BRDA:48,1,1,0
BRDA:69,2,0,0
BRDA:69,2,1,4
BRDA:90,3,0,0
BRDA:90,3,1,0
BRDA:112,4,0,0
BRDA:112,4,1,0
BRDA:137,5,0,0
BRDA:137,5,1,0
BRDA:157,6,0,2
BRDA:157,6,1,0
BRDA:158,7,0,2
BRDA:158,7,1,0
BRDA:159,8,0,2
BRDA:159,8,1,0
BRDA:160,9,0,2
BRDA:160,9,1,0
BRDA:163,10,0,0
BRDA:163,10,1,2
BRDA:168,11,0,2
BRDA:168,11,1,0
BRDA:171,12,0,2
BRDA:171,12,1,0
BRDA:174,13,0,0
BRDA:174,13,1,2
BRDA:185,14,0,0
BRDA:185,14,1,0
BRDA:203,15,0,2
BRDA:203,15,1,0
BRDA:204,16,0,2
BRDA:204,16,1,0
BRDA:211,17,0,0
BRDA:211,17,1,0
BRDA:233,18,0,0
BRDA:233,18,1,0
BRDA:243,19,0,0
BRDA:243,19,1,6
BRF:40
BRH:13
end_of_record
TN:
SF:src/redis/redis.service.ts
FN:16,(anonymous_3)
FN:18,(anonymous_4)
FN:22,(anonymous_5)
FN:29,(anonymous_6)
FN:35,(anonymous_7)
FN:71,(anonymous_8)
FN:72,(anonymous_9)
FN:76,(anonymous_10)
FN:80,(anonymous_11)
FN:84,(anonymous_12)
FN:88,(anonymous_13)
FN:96,(anonymous_14)
FN:113,(anonymous_15)
FN:123,(anonymous_16)
FN:133,(anonymous_17)
FN:143,(anonymous_18)
FN:150,(anonymous_19)
FN:180,(anonymous_20)
FN:190,(anonymous_21)
FN:201,(anonymous_22)
FNF:20
FNH:11
FNDA:5,(anonymous_3)
FNDA:5,(anonymous_4)
FNDA:4,(anonymous_5)
FNDA:5,(anonymous_6)
FNDA:0,(anonymous_7)
FNDA:15,(anonymous_8)
FNDA:15,(anonymous_9)
FNDA:15,(anonymous_10)
FNDA:0,(anonymous_11)
FNDA:12,(anonymous_12)
FNDA:0,(anonymous_13)
FNDA:4,(anonymous_14)
FNDA:18,(anonymous_15)
FNDA:0,(anonymous_16)
FNDA:0,(anonymous_17)
FNDA:0,(anonymous_18)
FNDA:6,(anonymous_19)
FNDA:0,(anonymous_20)
FNDA:0,(anonymous_21)
FNDA:0,(anonymous_22)
DA:1,5
DA:2,5
DA:3,5
DA:9,5
DA:10,5
DA:14,5
DA:16,5
DA:19,5
DA:23,4
DA:30,5
DA:31,5
DA:35,0
DA:42,5
DA:45,5
DA:46,5
DA:49,5
DA:50,5
DA:51,5
DA:54,5
DA:60,5
DA:61,5
DA:63,0
DA:64,0
DA:72,15
DA:73,15
DA:76,15
DA:77,15
DA:80,15
DA:81,0
DA:84,15
DA:85,12
DA:88,15
DA:89,0
DA:97,4
DA:98,4
DA:103,4
DA:104,4
DA:106,0
DA:114,18
DA:115,0
DA:117,18
DA:124,0
DA:125,0
DA:127,0
DA:134,0
DA:135,0
DA:137,0
DA:144,0
DA:151,6
DA:152,0
DA:155,6
DA:156,6
DA:157,6
DA:160,6
DA:161,6
DA:162,6
DA:164,6
DA:172,0
DA:173,0
DA:181,0
DA:182,0
DA:184,0
DA:191,0
DA:192,0
DA:194,0
DA:195,0
DA:202,0
DA:203,0
DA:205,0
DA:206,0
LF:70
LH:42
BRDA:114,0,0,0
BRDA:114,0,1,18
BRDA:124,1,0,0
BRDA:124,1,1,0
BRDA:134,2,0,0
BRDA:134,2,1,0
BRDA:144,3,0,0
BRDA:144,3,1,0
BRDA:151,4,0,0
BRDA:151,4,1,6
BRDA:166,5,0,6
BRDA:166,5,1,0
BRDA:167,6,0,6
BRDA:167,6,1,0
BRDA:168,7,0,6
BRDA:168,7,1,0
BRDA:181,8,0,0
BRDA:181,8,1,0
BRDA:191,9,0,0
BRDA:191,9,1,0
BRDA:202,10,0,0
BRDA:202,10,1,0
BRF:22
BRH:5
end_of_record
TN:
SF:src/tenants/tenant.controller.ts
FN:35,(anonymous_4)
FN:56,(anonymous_5)
FN:86,(anonymous_6)
FN:104,(anonymous_7)
FN:117,(anonymous_8)
FN:147,(anonymous_9)
FN:171,(anonymous_10)
FN:187,(anonymous_11)
FN:206,(anonymous_12)
FN:219,(anonymous_13)
FN:236,(anonymous_14)
FNF:11
FNH:5
FNDA:7,(anonymous_4)
FNDA:3,(anonymous_5)
FNDA:0,(anonymous_6)
FNDA:0,(anonymous_7)
FNDA:0,(anonymous_8)
FNDA:0,(anonymous_9)
FNDA:0,(anonymous_10)
FNDA:0,(anonymous_11)
FNDA:2,(anonymous_12)
FNDA:1,(anonymous_13)
FNDA:1,(anonymous_14)
DA:1,5
DA:12,5
DA:20,5
DA:21,5
DA:22,5
DA:23,5
DA:24,5
DA:25,5
DA:34,5
DA:35,7
DA:56,5
DA:60,3
DA:86,5
DA:87,0
DA:104,5
DA:106,0
DA:117,5
DA:122,0
DA:127,0
DA:128,0
DA:135,0
DA:147,5
DA:149,0
DA:171,5
DA:173,0
DA:187,5
DA:192,0
DA:206,5
DA:208,2
DA:219,5
DA:224,1
DA:236,5
DA:238,1
LF:33
LH:24
BRDA:127,0,0,0
BRDA:127,0,1,0
BRF:2
BRH:0
end_of_record
TN:
SF:src/tenants/tenant.guard.ts
FN:18,(anonymous_2)
FN:20,(anonymous_3)
FNF:2
FNH:1
FNDA:10,(anonymous_2)
FNDA:0,(anonymous_3)
DA:1,5
DA:7,5
DA:10,5
DA:11,5
DA:17,5
DA:18,10
DA:21,0
DA:24,0
DA:29,0
DA:30,0
DA:34,0
DA:39,0
DA:40,0
DA:41,0
DA:48,0
DA:49,0
DA:52,0
DA:55,0
DA:56,0
DA:62,0
LF:20
LH:6
BRDA:29,0,0,0
BRDA:29,0,1,0
BRDA:29,1,0,0
BRDA:29,1,1,0
BRDA:39,2,0,0
BRDA:39,2,1,0
BRDA:39,3,0,0
BRDA:39,3,1,0
BRDA:40,4,0,0
BRDA:40,4,1,0
BRDA:40,5,0,0
BRDA:40,5,1,0
BRDA:48,6,0,0
BRDA:48,6,1,0
BRDA:48,7,0,0
BRDA:48,7,1,0
BRDA:49,8,0,0
BRDA:49,8,1,0
BRDA:52,9,0,0
BRDA:52,9,1,0
BRDA:55,10,0,0
BRDA:55,10,1,0
BRDA:55,11,0,0
BRDA:55,11,1,0
BRDA:55,11,2,0
BRF:25
BRH:0
end_of_record
TN:
SF:src/tenants/tenant.interceptor.ts
FN:16,(anonymous_2)
FN:18,(anonymous_3)
FNF:2
FNH:2
FNDA:7,(anonymous_2)
FNDA:7,(anonymous_3)
DA:1,5
DA:8,5
DA:15,5
DA:16,7
DA:19,7
DA:22,7
DA:23,7
DA:27,7
DA:28,7
DA:30,7
LF:10
LH:10
BRDA:22,0,0,7
BRDA:22,0,1,0
BRDA:28,1,0,7
BRDA:28,1,1,0
BRF:4
BRH:2
end_of_record
TN:
SF:src/tenants/tenant.middleware.ts
FN:20,(anonymous_1)
FN:52,(anonymous_2)
FN:87,(anonymous_3)
FN:109,(anonymous_4)
FN:131,(anonymous_5)
FN:146,(anonymous_6)
FN:161,(anonymous_7)
FNF:7
FNH:6
FNDA:106,(anonymous_1)
FNDA:106,(anonymous_2)
FNDA:208,(anonymous_3)
FNDA:106,(anonymous_4)
FNDA:102,(anonymous_5)
FNDA:0,(anonymous_6)
FNDA:105,(anonymous_7)
DA:1,5
DA:19,5
DA:22,106
DA:24,106
DA:26,1
DA:27,1
DA:32,105
DA:33,105
DA:42,106
DA:43,0
DA:46,106
DA:54,106
DA:55,0
DA:59,106
DA:60,106
DA:61,3
DA:65,103
DA:66,103
DA:67,102
DA:71,1
DA:72,0
DA:76,1
DA:77,1
DA:78,0
DA:81,1
DA:88,208
DA:89,208
DA:92,208
DA:93,208
DA:96,208
DA:99,208
DA:100,207
DA:103,1
DA:110,106
DA:111,106
DA:114,106
DA:115,106
DA:118,106
DA:121,1
DA:124,105
DA:133,102
DA:139,102
DA:148,0
DA:154,0
DA:163,105
DA:170,105
LF:46
LH:40
BRDA:24,0,0,1
BRDA:24,0,1,105
BRDA:36,1,0,105
BRDA:36,1,1,0
BRDA:37,2,0,105
BRDA:37,2,1,104
BRDA:42,3,0,0
BRDA:42,3,1,106
BRDA:54,4,0,0
BRDA:54,4,1,106
BRDA:54,5,0,106
BRDA:54,5,1,0
BRDA:60,6,0,3
BRDA:60,6,1,103
BRDA:66,7,0,102
BRDA:66,7,1,1
BRDA:66,8,0,103
BRDA:66,8,1,102
BRDA:66,8,2,102
BRDA:71,9,0,0
BRDA:71,9,1,1
BRDA:71,10,0,1
BRDA:71,10,1,0
BRDA:77,11,0,0
BRDA:77,11,1,1
BRDA:89,12,0,0
BRDA:89,12,1,208
BRDA:93,13,0,0
BRDA:93,13,1,208
BRDA:99,14,0,207
BRDA:99,14,1,1
BRDA:100,15,0,207
BRDA:100,15,1,0
BRDA:111,16,0,0
BRDA:111,16,1,106
BRDA:115,17,0,0
BRDA:115,17,1,106
BRDA:118,18,0,1
BRDA:118,18,1,105
BRDA:118,19,0,106
BRDA:118,19,1,105
BRDA:118,19,2,1
BRDA:139,20,0,102
BRDA:139,20,1,102
BRDA:154,21,0,0
BRDA:154,21,1,0
BRDA:170,22,0,105
BRDA:170,22,1,105
BRF:48
BRH:34
end_of_record
TN:
SF:src/tenants/tenant.service.ts
FN:15,(anonymous_4)
FN:24,(anonymous_5)
FN:32,(anonymous_6)
FN:39,(anonymous_7)
FN:46,(anonymous_8)
FN:51,(anonymous_9)
FN:61,(anonymous_10)
FN:66,(anonymous_11)
FN:87,(anonymous_12)
FN:92,(anonymous_13)
FN:113,(anonymous_14)
FN:118,(anonymous_15)
FN:131,(anonymous_16)
FN:136,(anonymous_17)
FN:155,(anonymous_18)
FN:166,(anonymous_19)
FN:180,(anonymous_20)
FN:196,(anonymous_21)
FN:205,(anonymous_22)
FNF:19
FNH:2
FNDA:7,(anonymous_4)
FNDA:7,(anonymous_5)
FNDA:0,(anonymous_6)
FNDA:0,(anonymous_7)
FNDA:0,(anonymous_8)
FNDA:0,(anonymous_9)
FNDA:0,(anonymous_10)
FNDA:0,(anonymous_11)
FNDA:0,(anonymous_12)
FNDA:0,(anonymous_13)
FNDA:0,(anonymous_14)
FNDA:0,(anonymous_15)
FNDA:0,(anonymous_16)
FNDA:0,(anonymous_17)
FNDA:0,(anonymous_18)
FNDA:0,(anonymous_19)
FNDA:0,(anonymous_20)
FNDA:0,(anonymous_21)
FNDA:0,(anonymous_22)
DA:1,5
DA:2,5
DA:3,5
DA:4,5
DA:11,5
DA:12,7
DA:13,7
DA:16,7
DA:18,7
DA:25,7
DA:26,7
DA:33,0
DA:40,0
DA:47,0
DA:50,0
DA:51,0
DA:52,0
DA:55,0
DA:62,0
DA:65,0
DA:66,0
DA:68,0
DA:70,0
DA:71,0
DA:81,0
DA:88,0
DA:91,0
DA:92,0
DA:94,0
DA:96,0
DA:97,0
DA:107,0
DA:114,0
DA:117,0
DA:118,0
DA:120,0
DA:122,0
DA:125,0
DA:132,0
DA:135,0
DA:136,0
DA:138,0
DA:140,0
DA:141,0
DA:148,0
DA:157,0
DA:158,0
DA:160,0
DA:168,0
DA:169,0
DA:170,0
DA:171,0
DA:174,0
DA:185,0
DA:186,0
DA:190,0
DA:199,0
DA:207,0
LF:58
LH:11
BRDA:26,0,0,7
BRDA:26,0,1,0
BRDA:51,1,0,0
BRDA:51,1,1,0
BRDA:68,2,0,0
BRDA:68,2,1,0
BRDA:70,3,0,0
BRDA:70,3,1,0
BRDA:94,4,0,0
BRDA:94,4,1,0
BRDA:96,5,0,0
BRDA:96,5,1,0
BRDA:120,6,0,0
BRDA:120,6,1,0
BRDA:120,7,0,0
BRDA:120,7,1,0
BRDA:138,8,0,0
BRDA:138,8,1,0
BRDA:140,9,0,0
BRDA:140,9,1,0
BRDA:140,10,0,0
BRDA:140,10,1,0
BRDA:157,11,0,0
BRDA:157,11,1,0
BRDA:168,12,0,0
BRDA:168,12,1,0
BRDA:169,13,0,0
BRDA:169,13,1,0
BRDA:171,14,0,0
BRDA:171,14,1,0
BRDA:185,15,0,0
BRDA:185,15,1,0
BRF:32
BRH:1
end_of_record
TN:
SF:src/tenants/decorators/tenant.decorators.ts
FN:7,(anonymous_0)
FN:13,(anonymous_1)
FN:19,(anonymous_2)
FN:29,(anonymous_3)
FN:38,(anonymous_4)
FN:43,(anonymous_5)
FN:49,(anonymous_6)
FNF:7
FNH:4
FNDA:0,(anonymous_0)
FNDA:0,(anonymous_1)
FNDA:3,(anonymous_2)
FNDA:3,(anonymous_3)
FNDA:30,(anonymous_4)
FNDA:5,(anonymous_5)
FNDA:0,(anonymous_6)
DA:1,5
DA:7,5
DA:8,0
DA:13,5
DA:18,5
DA:20,3
DA:21,3
DA:28,5
DA:30,3
DA:31,3
DA:38,30
DA:43,5
DA:44,5
DA:45,5
DA:46,5
DA:49,5
DA:50,0
LF:17
LH:15
BRDA:21,0,0,3
BRDA:21,0,1,0
BRDA:31,1,0,3
BRDA:31,1,1,0
BRDA:43,2,0,5
BRDA:43,2,1,5
BRF:6
BRH:4
end_of_record
TN:
SF:src/types/express.d.ts
FNF:0
FNH:0
LF:0
LH:0
BRF:0
BRH:0
end_of_record
