{"/Users/kentestrada/dev/kent/unimore/manufacturing-execution-system/backend/src/app.controller.ts": {"path":"/Users/kentestrada/dev/kent/unimore/manufacturing-execution-system/backend/src/app.controller.ts","statementMap":{"0":{"start":{"line":1,"column":0},"end":{"line":1,"column":49}},"1":{"start":{"line":2,"column":0},"end":{"line":2,"column":69}},"2":{"start":{"line":3,"column":0},"end":{"line":3,"column":49}},"3":{"start":{"line":4,"column":0},"end":{"line":4,"column":47}},"4":{"start":{"line":5,"column":0},"end":{"line":5,"column":43}},"5":{"start":{"line":6,"column":0},"end":{"line":6,"column":75}},"6":{"start":{"line":10,"column":7},"end":{"line":55,"column":null}},"7":{"start":{"line":11,"column":31},"end":{"line":11,"column":43}},"8":{"start":{"line":26,"column":4},"end":{"line":26,"column":38}},"9":{"start":{"line":49,"column":4},"end":{"line":53,"column":6}},"10":{"start":{"line":10,"column":13},"end":{"line":10,"column":26}},"11":{"start":{"line":25,"column":2},"end":{"line":27,"column":null}},"12":{"start":{"line":48,"column":2},"end":{"line":54,"column":null}},"13":{"start":{"line":10,"column":13},"end":{"line":55,"column":null}}},"fnMap":{"0":{"name":"(anonymous_2)","decl":{"start":{"line":11,"column":2},"end":{"line":11,"column":31}},"loc":{"start":{"line":11,"column":53},"end":{"line":11,"column":57}}},"1":{"name":"(anonymous_3)","decl":{"start":{"line":25,"column":2},"end":{"line":25,"column":10}},"loc":{"start":{"line":25,"column":10},"end":{"line":27,"column":3}}},"2":{"name":"(anonymous_4)","decl":{"start":{"line":48,"column":2},"end":{"line":48,"column":13}},"loc":{"start":{"line":48,"column":13},"end":{"line":54,"column":3}}}},"branchMap":{"0":{"loc":{"start":{"line":11,"column":43},"end":{"line":11,"column":56}},"type":"cond-expr","locations":[{"start":{"line":11,"column":53},"end":{"line":11,"column":56}},{"start":{"line":11,"column":53},"end":{"line":11,"column":56}}]},"1":{"loc":{"start":{"line":11,"column":43},"end":{"line":11,"column":53}},"type":"binary-expr","locations":[{"start":{"line":11,"column":43},"end":{"line":11,"column":56}},{"start":{"line":11,"column":43},"end":{"line":11,"column":53}}]}},"s":{"0":5,"1":5,"2":5,"3":5,"4":5,"5":5,"6":5,"7":5,"8":1,"9":13,"10":5,"11":5,"12":5,"13":5},"f":{"0":5,"1":1,"2":13},"b":{"0":[5,0],"1":[5,5]}}
,"/Users/kentestrada/dev/kent/unimore/manufacturing-execution-system/backend/src/app.service.ts": {"path":"/Users/kentestrada/dev/kent/unimore/manufacturing-execution-system/backend/src/app.service.ts","statementMap":{"0":{"start":{"line":1,"column":0},"end":{"line":1,"column":44}},"1":{"start":{"line":4,"column":7},"end":{"line":8,"column":null}},"2":{"start":{"line":6,"column":4},"end":{"line":6,"column":26}},"3":{"start":{"line":4,"column":13},"end":{"line":4,"column":23}},"4":{"start":{"line":4,"column":13},"end":{"line":8,"column":null}}},"fnMap":{"0":{"name":"(anonymous_1)","decl":{"start":{"line":5,"column":2},"end":{"line":5,"column":10}},"loc":{"start":{"line":5,"column":10},"end":{"line":7,"column":3}}}},"branchMap":{},"s":{"0":5,"1":5,"2":1,"3":5,"4":5},"f":{"0":1},"b":{}}
,"/Users/kentestrada/dev/kent/unimore/manufacturing-execution-system/backend/src/auth/auth-demo.controller.ts": {"path":"/Users/kentestrada/dev/kent/unimore/manufacturing-execution-system/backend/src/auth/auth-demo.controller.ts","statementMap":{"0":{"start":{"line":1,"column":0},"end":{"line":1,"column":73}},"1":{"start":{"line":2,"column":0},"end":{"line":2,"column":71}},"2":{"start":{"line":3,"column":0},"end":{"line":3,"column":65}},"3":{"start":{"line":4,"column":0},"end":{"line":4,"column":66}},"4":{"start":{"line":5,"column":0},"end":{"line":5,"column":62}},"5":{"start":{"line":6,"column":0},"end":{"line":6,"column":72}},"6":{"start":{"line":7,"column":0},"end":{"line":7,"column":50}},"7":{"start":{"line":8,"column":0},"end":{"line":8,"column":62}},"8":{"start":{"line":9,"column":0},"end":{"line":9,"column":87}},"9":{"start":{"line":16,"column":7},"end":{"line":136,"column":null}},"10":{"start":{"line":22,"column":4},"end":{"line":25,"column":6}},"11":{"start":{"line":33,"column":4},"end":{"line":37,"column":6}},"12":{"start":{"line":46,"column":4},"end":{"line":49,"column":6}},"13":{"start":{"line":58,"column":4},"end":{"line":61,"column":6}},"14":{"start":{"line":69,"column":4},"end":{"line":73,"column":6}},"15":{"start":{"line":86,"column":4},"end":{"line":89,"column":6}},"16":{"start":{"line":102,"column":4},"end":{"line":105,"column":6}},"17":{"start":{"line":116,"column":4},"end":{"line":119,"column":6}},"18":{"start":{"line":131,"column":4},"end":{"line":134,"column":6}},"19":{"start":{"line":16,"column":13},"end":{"line":16,"column":31}},"20":{"start":{"line":21,"column":2},"end":{"line":26,"column":null}},"21":{"start":{"line":32,"column":2},"end":{"line":38,"column":null}},"22":{"start":{"line":45,"column":2},"end":{"line":50,"column":null}},"23":{"start":{"line":57,"column":2},"end":{"line":62,"column":null}},"24":{"start":{"line":68,"column":2},"end":{"line":74,"column":null}},"25":{"start":{"line":85,"column":2},"end":{"line":90,"column":null}},"26":{"start":{"line":101,"column":2},"end":{"line":106,"column":null}},"27":{"start":{"line":115,"column":2},"end":{"line":120,"column":null}},"28":{"start":{"line":130,"column":2},"end":{"line":135,"column":null}},"29":{"start":{"line":16,"column":13},"end":{"line":136,"column":null}}},"fnMap":{"0":{"name":"(anonymous_4)","decl":{"start":{"line":21,"column":2},"end":{"line":21,"column":16}},"loc":{"start":{"line":21,"column":16},"end":{"line":26,"column":3}}},"1":{"name":"(anonymous_5)","decl":{"start":{"line":32,"column":2},"end":{"line":32,"column":23}},"loc":{"start":{"line":32,"column":48},"end":{"line":38,"column":3}}},"2":{"name":"(anonymous_6)","decl":{"start":{"line":45,"column":2},"end":{"line":45,"column":19}},"loc":{"start":{"line":45,"column":44},"end":{"line":50,"column":3}}},"3":{"name":"(anonymous_7)","decl":{"start":{"line":57,"column":2},"end":{"line":57,"column":19}},"loc":{"start":{"line":57,"column":44},"end":{"line":62,"column":3}}},"4":{"name":"(anonymous_8)","decl":{"start":{"line":68,"column":2},"end":{"line":68,"column":12}},"loc":{"start":{"line":68,"column":70},"end":{"line":74,"column":3}}},"5":{"name":"(anonymous_9)","decl":{"start":{"line":85,"column":2},"end":{"line":85,"column":11}},"loc":{"start":{"line":85,"column":66},"end":{"line":90,"column":3}}},"6":{"name":"(anonymous_10)","decl":{"start":{"line":101,"column":2},"end":{"line":101,"column":11}},"loc":{"start":{"line":101,"column":66},"end":{"line":106,"column":3}}},"7":{"name":"(anonymous_11)","decl":{"start":{"line":115,"column":2},"end":{"line":115,"column":17}},"loc":{"start":{"line":115,"column":42},"end":{"line":120,"column":3}}},"8":{"name":"(anonymous_12)","decl":{"start":{"line":130,"column":2},"end":{"line":130,"column":15}},"loc":{"start":{"line":130,"column":40},"end":{"line":135,"column":3}}}},"branchMap":{},"s":{"0":5,"1":5,"2":5,"3":5,"4":5,"5":5,"6":5,"7":5,"8":5,"9":5,"10":0,"11":0,"12":0,"13":0,"14":0,"15":0,"16":0,"17":0,"18":0,"19":5,"20":5,"21":5,"22":5,"23":5,"24":5,"25":5,"26":5,"27":5,"28":5,"29":5},"f":{"0":0,"1":0,"2":0,"3":0,"4":0,"5":0,"6":0,"7":0,"8":0},"b":{}}
,"/Users/kentestrada/dev/kent/unimore/manufacturing-execution-system/backend/src/auth/auth.controller.ts": {"path":"/Users/kentestrada/dev/kent/unimore/manufacturing-execution-system/backend/src/auth/auth.controller.ts","statementMap":{"0":{"start":{"line":1,"column":0},"end":{"line":1,"column":69}},"1":{"start":{"line":2,"column":0},"end":{"line":2,"column":71}},"2":{"start":{"line":3,"column":0},"end":{"line":3,"column":76}},"3":{"start":{"line":4,"column":0},"end":{"line":4,"column":45}},"4":{"start":{"line":5,"column":0},"end":{"line":5,"column":73}},"5":{"start":{"line":10,"column":7},"end":{"line":77,"column":null}},"6":{"start":{"line":11,"column":31},"end":{"line":11,"column":44}},"7":{"start":{"line":18,"column":4},"end":{"line":18,"column":51}},"8":{"start":{"line":26,"column":4},"end":{"line":28,"column":6}},"9":{"start":{"line":37,"column":4},"end":{"line":40,"column":6}},"10":{"start":{"line":49,"column":4},"end":{"line":52,"column":6}},"11":{"start":{"line":61,"column":4},"end":{"line":65,"column":6}},"12":{"start":{"line":72,"column":4},"end":{"line":75,"column":6}},"13":{"start":{"line":10,"column":13},"end":{"line":10,"column":27}},"14":{"start":{"line":17,"column":2},"end":{"line":19,"column":null}},"15":{"start":{"line":25,"column":2},"end":{"line":29,"column":null}},"16":{"start":{"line":36,"column":2},"end":{"line":41,"column":null}},"17":{"start":{"line":48,"column":2},"end":{"line":53,"column":null}},"18":{"start":{"line":60,"column":2},"end":{"line":66,"column":null}},"19":{"start":{"line":71,"column":2},"end":{"line":76,"column":null}},"20":{"start":{"line":10,"column":13},"end":{"line":77,"column":null}}},"fnMap":{"0":{"name":"(anonymous_4)","decl":{"start":{"line":11,"column":2},"end":{"line":11,"column":31}},"loc":{"start":{"line":11,"column":55},"end":{"line":11,"column":59}}},"1":{"name":"(anonymous_5)","decl":{"start":{"line":17,"column":2},"end":{"line":17,"column":12}},"loc":{"start":{"line":17,"column":32},"end":{"line":19,"column":3}}},"2":{"name":"(anonymous_6)","decl":{"start":{"line":25,"column":2},"end":{"line":25,"column":10}},"loc":{"start":{"line":25,"column":30},"end":{"line":29,"column":3}}},"3":{"name":"(anonymous_7)","decl":{"start":{"line":36,"column":2},"end":{"line":36,"column":11}},"loc":{"start":{"line":36,"column":31},"end":{"line":41,"column":3}}},"4":{"name":"(anonymous_8)","decl":{"start":{"line":48,"column":2},"end":{"line":48,"column":15}},"loc":{"start":{"line":48,"column":35},"end":{"line":53,"column":3}}},"5":{"name":"(anonymous_9)","decl":{"start":{"line":60,"column":2},"end":{"line":60,"column":12}},"loc":{"start":{"line":60,"column":32},"end":{"line":66,"column":3}}},"6":{"name":"(anonymous_10)","decl":{"start":{"line":71,"column":2},"end":{"line":71,"column":13}},"loc":{"start":{"line":71,"column":13},"end":{"line":76,"column":3}}}},"branchMap":{"0":{"loc":{"start":{"line":11,"column":44},"end":{"line":11,"column":58}},"type":"cond-expr","locations":[{"start":{"line":11,"column":55},"end":{"line":11,"column":58}},{"start":{"line":11,"column":55},"end":{"line":11,"column":58}}]},"1":{"loc":{"start":{"line":11,"column":44},"end":{"line":11,"column":55}},"type":"binary-expr","locations":[{"start":{"line":11,"column":44},"end":{"line":11,"column":58}},{"start":{"line":11,"column":44},"end":{"line":11,"column":55}}]}},"s":{"0":5,"1":5,"2":5,"3":5,"4":5,"5":5,"6":5,"7":0,"8":0,"9":0,"10":0,"11":0,"12":0,"13":5,"14":5,"15":5,"16":5,"17":5,"18":5,"19":5,"20":5},"f":{"0":5,"1":0,"2":0,"3":0,"4":0,"5":0,"6":0},"b":{"0":[5,0],"1":[5,5]}}
,"/Users/kentestrada/dev/kent/unimore/manufacturing-execution-system/backend/src/auth/auth.service.ts": {"path":"/Users/kentestrada/dev/kent/unimore/manufacturing-execution-system/backend/src/auth/auth.service.ts","statementMap":{"0":{"start":{"line":1,"column":0},"end":{"line":1,"column":52}},"1":{"start":{"line":2,"column":0},"end":{"line":2,"column":47}},"2":{"start":{"line":5,"column":24},"end":{"line":42,"column":null}},"3":{"start":{"line":8,"column":31},"end":{"line":8,"column":46}},"4":{"start":{"line":6,"column":19},"end":{"line":6,"column":57}},"5":{"start":{"line":11,"column":4},"end":{"line":11,"column":72}},"6":{"start":{"line":13,"column":4},"end":{"line":23,"column":6}},"7":{"start":{"line":27,"column":23},"end":{"line":27,"column":56}},"8":{"start":{"line":28,"column":26},"end":{"line":28,"column":110}},"9":{"start":{"line":30,"column":4},"end":{"line":30,"column":59}},"10":{"start":{"line":34,"column":18},"end":{"line":34,"column":44}},"11":{"start":{"line":35,"column":4},"end":{"line":35,"column":32}},"12":{"start":{"line":39,"column":22},"end":{"line":39,"column":48}},"13":{"start":{"line":40,"column":4},"end":{"line":40,"column":56}},"14":{"start":{"line":40,"column":30},"end":{"line":40,"column":54}},"15":{"start":{"line":5,"column":13},"end":{"line":5,"column":24}},"16":{"start":{"line":5,"column":13},"end":{"line":42,"column":null}}},"fnMap":{"0":{"name":"(anonymous_2)","decl":{"start":{"line":8,"column":2},"end":{"line":8,"column":31}},"loc":{"start":{"line":8,"column":59},"end":{"line":8,"column":63}}},"1":{"name":"(anonymous_3)","decl":{"start":{"line":10,"column":2},"end":{"line":10,"column":7}},"loc":{"start":{"line":10,"column":33},"end":{"line":24,"column":3}}},"2":{"name":"(anonymous_4)","decl":{"start":{"line":26,"column":2},"end":{"line":26,"column":14}},"loc":{"start":{"line":26,"column":27},"end":{"line":31,"column":3}}},"3":{"name":"(anonymous_5)","decl":{"start":{"line":33,"column":2},"end":{"line":33,"column":9}},"loc":{"start":{"line":33,"column":36},"end":{"line":36,"column":3}}},"4":{"name":"(anonymous_6)","decl":{"start":{"line":38,"column":2},"end":{"line":38,"column":12}},"loc":{"start":{"line":38,"column":42},"end":{"line":41,"column":3}}},"5":{"name":"(anonymous_7)","decl":{"start":{"line":40,"column":22},"end":{"line":40,"column":26}},"loc":{"start":{"line":40,"column":30},"end":{"line":40,"column":54}}}},"branchMap":{"0":{"loc":{"start":{"line":27,"column":23},"end":{"line":27,"column":56}},"type":"binary-expr","locations":[{"start":{"line":27,"column":23},"end":{"line":27,"column":50}},{"start":{"line":27,"column":54},"end":{"line":27,"column":56}}]},"1":{"loc":{"start":{"line":28,"column":26},"end":{"line":28,"column":110}},"type":"binary-expr","locations":[{"start":{"line":28,"column":26},"end":{"line":28,"column":104}},{"start":{"line":28,"column":108},"end":{"line":28,"column":110}}]},"2":{"loc":{"start":{"line":8,"column":46},"end":{"line":8,"column":62}},"type":"cond-expr","locations":[{"start":{"line":8,"column":59},"end":{"line":8,"column":62}},{"start":{"line":8,"column":59},"end":{"line":8,"column":62}}]},"3":{"loc":{"start":{"line":8,"column":46},"end":{"line":8,"column":59}},"type":"binary-expr","locations":[{"start":{"line":8,"column":46},"end":{"line":8,"column":62}},{"start":{"line":8,"column":46},"end":{"line":8,"column":59}}]}},"s":{"0":5,"1":5,"2":5,"3":5,"4":5,"5":0,"6":0,"7":0,"8":0,"9":0,"10":0,"11":0,"12":0,"13":0,"14":0,"15":5,"16":5},"f":{"0":5,"1":0,"2":0,"3":0,"4":0,"5":0},"b":{"0":[0,0],"1":[0,0],"2":[5,0],"3":[5,5]}}
,"/Users/kentestrada/dev/kent/unimore/manufacturing-execution-system/backend/src/auth/decorators/current-user.decorator.ts": {"path":"/Users/kentestrada/dev/kent/unimore/manufacturing-execution-system/backend/src/auth/decorators/current-user.decorator.ts","statementMap":{"0":{"start":{"line":1,"column":0},"end":{"line":1,"column":72}},"1":{"start":{"line":3,"column":13},"end":{"line":10,"column":2}},"2":{"start":{"line":5,"column":20},"end":{"line":5,"column":51}},"3":{"start":{"line":6,"column":17},"end":{"line":6,"column":29}},"4":{"start":{"line":8,"column":4},"end":{"line":8,"column":38}}},"fnMap":{"0":{"name":"(anonymous_0)","decl":{"start":{"line":4,"column":2},"end":{"line":4,"column":3}},"loc":{"start":{"line":4,"column":42},"end":{"line":9,"column":3}}}},"branchMap":{"0":{"loc":{"start":{"line":8,"column":11},"end":{"line":8,"column":37}},"type":"cond-expr","locations":[{"start":{"line":8,"column":18},"end":{"line":8,"column":30}},{"start":{"line":8,"column":33},"end":{"line":8,"column":37}}]}},"s":{"0":5,"1":5,"2":0,"3":0,"4":0},"f":{"0":0},"b":{"0":[0,0]}}
,"/Users/kentestrada/dev/kent/unimore/manufacturing-execution-system/backend/src/auth/decorators/permissions.decorator.ts": {"path":"/Users/kentestrada/dev/kent/unimore/manufacturing-execution-system/backend/src/auth/decorators/permissions.decorator.ts","statementMap":{"0":{"start":{"line":1,"column":0},"end":{"line":1,"column":45}},"1":{"start":{"line":3,"column":13},"end":{"line":3,"column":45}},"2":{"start":{"line":16,"column":34},"end":{"line":17,"column":43}},"3":{"start":{"line":17,"column":2},"end":{"line":17,"column":43}},"4":{"start":{"line":16,"column":13},"end":{"line":16,"column":34}}},"fnMap":{"0":{"name":"(anonymous_0)","decl":{"start":{"line":16,"column":34},"end":{"line":16,"column":35}},"loc":{"start":{"line":17,"column":2},"end":{"line":17,"column":43}}}},"branchMap":{},"s":{"0":5,"1":5,"2":5,"3":10,"4":5},"f":{"0":10},"b":{}}
,"/Users/kentestrada/dev/kent/unimore/manufacturing-execution-system/backend/src/auth/decorators/public.decorator.ts": {"path":"/Users/kentestrada/dev/kent/unimore/manufacturing-execution-system/backend/src/auth/decorators/public.decorator.ts","statementMap":{"0":{"start":{"line":1,"column":0},"end":{"line":1,"column":45}},"1":{"start":{"line":3,"column":13},"end":{"line":3,"column":40}},"2":{"start":{"line":4,"column":30},"end":{"line":4,"column":68}},"3":{"start":{"line":4,"column":36},"end":{"line":4,"column":68}},"4":{"start":{"line":4,"column":13},"end":{"line":4,"column":30}}},"fnMap":{"0":{"name":"(anonymous_0)","decl":{"start":{"line":4,"column":30},"end":{"line":4,"column":33}},"loc":{"start":{"line":4,"column":36},"end":{"line":4,"column":68}}}},"branchMap":{},"s":{"0":5,"1":5,"2":5,"3":0,"4":5},"f":{"0":0},"b":{}}
,"/Users/kentestrada/dev/kent/unimore/manufacturing-execution-system/backend/src/auth/decorators/roles.decorator.ts": {"path":"/Users/kentestrada/dev/kent/unimore/manufacturing-execution-system/backend/src/auth/decorators/roles.decorator.ts","statementMap":{"0":{"start":{"line":1,"column":0},"end":{"line":1,"column":45}},"1":{"start":{"line":3,"column":13},"end":{"line":3,"column":33}},"2":{"start":{"line":4,"column":28},"end":{"line":4,"column":81}},"3":{"start":{"line":4,"column":52},"end":{"line":4,"column":81}},"4":{"start":{"line":4,"column":13},"end":{"line":4,"column":28}}},"fnMap":{"0":{"name":"(anonymous_0)","decl":{"start":{"line":4,"column":28},"end":{"line":4,"column":29}},"loc":{"start":{"line":4,"column":52},"end":{"line":4,"column":81}}}},"branchMap":{},"s":{"0":5,"1":5,"2":5,"3":0,"4":5},"f":{"0":0},"b":{}}
,"/Users/kentestrada/dev/kent/unimore/manufacturing-execution-system/backend/src/auth/decorators/tenant.decorator.ts": {"path":"/Users/kentestrada/dev/kent/unimore/manufacturing-execution-system/backend/src/auth/decorators/tenant.decorator.ts","statementMap":{"0":{"start":{"line":1,"column":0},"end":{"line":1,"column":72}},"1":{"start":{"line":3,"column":13},"end":{"line":11,"column":2}},"2":{"start":{"line":5,"column":20},"end":{"line":5,"column":51}},"3":{"start":{"line":6,"column":17},"end":{"line":6,"column":29}},"4":{"start":{"line":9,"column":4},"end":{"line":9,"column":40}}},"fnMap":{"0":{"name":"(anonymous_0)","decl":{"start":{"line":4,"column":2},"end":{"line":4,"column":3}},"loc":{"start":{"line":4,"column":44},"end":{"line":10,"column":3}}}},"branchMap":{"0":{"loc":{"start":{"line":9,"column":11},"end":{"line":9,"column":39}},"type":"binary-expr","locations":[{"start":{"line":9,"column":11},"end":{"line":9,"column":26}},{"start":{"line":9,"column":30},"end":{"line":9,"column":39}}]}},"s":{"0":5,"1":5,"2":0,"3":0,"4":0},"f":{"0":0},"b":{"0":[0,0]}}
,"/Users/kentestrada/dev/kent/unimore/manufacturing-execution-system/backend/src/auth/guards/combined-auth.guard.ts": {"path":"/Users/kentestrada/dev/kent/unimore/manufacturing-execution-system/backend/src/auth/guards/combined-auth.guard.ts","statementMap":{"0":{"start":{"line":1,"column":0},"end":{"line":1,"column":98}},"1":{"start":{"line":2,"column":0},"end":{"line":2,"column":41}},"2":{"start":{"line":3,"column":0},"end":{"line":3,"column":63}},"3":{"start":{"line":12,"column":7},"end":{"line":48,"column":null}},"4":{"start":{"line":14,"column":21},"end":{"line":14,"column":32}},"5":{"start":{"line":19,"column":21},"end":{"line":21,"column":null}},"6":{"start":{"line":24,"column":4},"end":{"line":26,"column":5}},"7":{"start":{"line":25,"column":6},"end":{"line":25,"column":18}},"8":{"start":{"line":29,"column":20},"end":{"line":29,"column":55}},"9":{"start":{"line":32,"column":4},"end":{"line":36,"column":5}},"10":{"start":{"line":35,"column":6},"end":{"line":35,"column":18}},"11":{"start":{"line":39,"column":17},"end":{"line":39,"column":29}},"12":{"start":{"line":42,"column":4},"end":{"line":44,"column":5}},"13":{"start":{"line":43,"column":6},"end":{"line":43,"column":60}},"14":{"start":{"line":46,"column":4},"end":{"line":46,"column":16}},"15":{"start":{"line":12,"column":13},"end":{"line":12,"column":30}},"16":{"start":{"line":12,"column":13},"end":{"line":48,"column":null}}},"fnMap":{"0":{"name":"(anonymous_2)","decl":{"start":{"line":13,"column":2},"end":{"line":13,"column":null}},"loc":{"start":{"line":14,"column":41},"end":{"line":15,"column":6}}},"1":{"name":"(anonymous_3)","decl":{"start":{"line":17,"column":2},"end":{"line":17,"column":7}},"loc":{"start":{"line":17,"column":45},"end":{"line":47,"column":3}}}},"branchMap":{"0":{"loc":{"start":{"line":24,"column":4},"end":{"line":26,"column":5}},"type":"if","locations":[{"start":{"line":24,"column":4},"end":{"line":26,"column":5}},{"start":{},"end":{}}]},"1":{"loc":{"start":{"line":32,"column":4},"end":{"line":36,"column":5}},"type":"if","locations":[{"start":{"line":32,"column":4},"end":{"line":36,"column":5}},{"start":{},"end":{}}]},"2":{"loc":{"start":{"line":42,"column":4},"end":{"line":44,"column":5}},"type":"if","locations":[{"start":{"line":42,"column":4},"end":{"line":44,"column":5}},{"start":{},"end":{}}]},"3":{"loc":{"start":{"line":42,"column":8},"end":{"line":42,"column":26}},"type":"binary-expr","locations":[{"start":{"line":42,"column":8},"end":{"line":42,"column":13}},{"start":{"line":42,"column":17},"end":{"line":42,"column":26}}]},"4":{"loc":{"start":{"line":14,"column":32},"end":{"line":14,"column":null}},"type":"cond-expr","locations":[{"start":{"line":14,"column":41},"end":{"line":14,"column":null}},{"start":{"line":14,"column":41},"end":{"line":14,"column":null}}]},"5":{"loc":{"start":{"line":14,"column":32},"end":{"line":14,"column":41}},"type":"binary-expr","locations":[{"start":{"line":14,"column":32},"end":{"line":14,"column":null}},{"start":{"line":14,"column":32},"end":{"line":14,"column":41}}]}},"s":{"0":5,"1":5,"2":5,"3":5,"4":5,"5":0,"6":0,"7":0,"8":0,"9":0,"10":0,"11":0,"12":0,"13":0,"14":0,"15":5,"16":5},"f":{"0":5,"1":0},"b":{"0":[0,0],"1":[0,0],"2":[0,0],"3":[0,0],"4":[5,0],"5":[5,5]}}
,"/Users/kentestrada/dev/kent/unimore/manufacturing-execution-system/backend/src/auth/guards/jwt-access.guard.ts": {"path":"/Users/kentestrada/dev/kent/unimore/manufacturing-execution-system/backend/src/auth/guards/jwt-access.guard.ts","statementMap":{"0":{"start":{"line":1,"column":0},"end":{"line":1,"column":62}},"1":{"start":{"line":2,"column":0},"end":{"line":2,"column":41}},"2":{"start":{"line":3,"column":0},"end":{"line":3,"column":45}},"3":{"start":{"line":4,"column":0},"end":{"line":4,"column":63}},"4":{"start":{"line":7,"column":7},"end":{"line":26,"column":null}},"5":{"start":{"line":9,"column":4},"end":{"line":9,"column":12}},"6":{"start":{"line":8,"column":22},"end":{"line":8,"column":33}},"7":{"start":{"line":14,"column":21},"end":{"line":17,"column":6}},"8":{"start":{"line":19,"column":4},"end":{"line":21,"column":5}},"9":{"start":{"line":20,"column":6},"end":{"line":20,"column":18}},"10":{"start":{"line":24,"column":4},"end":{"line":24,"column":38}},"11":{"start":{"line":7,"column":13},"end":{"line":7,"column":27}},"12":{"start":{"line":7,"column":13},"end":{"line":26,"column":null}}},"fnMap":{"0":{"name":"(anonymous_2)","decl":{"start":{"line":8,"column":2},"end":{"line":8,"column":22}},"loc":{"start":{"line":8,"column":42},"end":{"line":10,"column":3}}},"1":{"name":"(anonymous_3)","decl":{"start":{"line":12,"column":11},"end":{"line":12,"column":22}},"loc":{"start":{"line":12,"column":48},"end":{"line":25,"column":3}}}},"branchMap":{"0":{"loc":{"start":{"line":19,"column":4},"end":{"line":21,"column":5}},"type":"if","locations":[{"start":{"line":19,"column":4},"end":{"line":21,"column":5}},{"start":{},"end":{}}]},"1":{"loc":{"start":{"line":8,"column":33},"end":{"line":8,"column":null}},"type":"cond-expr","locations":[{"start":{"line":8,"column":42},"end":{"line":8,"column":null}},{"start":{"line":8,"column":42},"end":{"line":8,"column":null}}]},"2":{"loc":{"start":{"line":8,"column":33},"end":{"line":8,"column":42}},"type":"binary-expr","locations":[{"start":{"line":8,"column":33},"end":{"line":8,"column":null}},{"start":{"line":8,"column":33},"end":{"line":8,"column":42}}]}},"s":{"0":5,"1":5,"2":5,"3":5,"4":5,"5":5,"6":5,"7":0,"8":0,"9":0,"10":0,"11":5,"12":5},"f":{"0":5,"1":0},"b":{"0":[0,0],"1":[5,0],"2":[5,5]}}
,"/Users/kentestrada/dev/kent/unimore/manufacturing-execution-system/backend/src/auth/guards/jwt-auth.guard.ts": {"path":"/Users/kentestrada/dev/kent/unimore/manufacturing-execution-system/backend/src/auth/guards/jwt-auth.guard.ts","statementMap":{"0":{"start":{"line":1,"column":0},"end":{"line":1,"column":75}},"1":{"start":{"line":2,"column":0},"end":{"line":2,"column":41}},"2":{"start":{"line":3,"column":0},"end":{"line":3,"column":63}},"3":{"start":{"line":6,"column":7},"end":{"line":23,"column":null}},"4":{"start":{"line":7,"column":22},"end":{"line":7,"column":33}},"5":{"start":{"line":10,"column":21},"end":{"line":13,"column":6}},"6":{"start":{"line":15,"column":4},"end":{"line":17,"column":5}},"7":{"start":{"line":16,"column":6},"end":{"line":16,"column":18}},"8":{"start":{"line":21,"column":4},"end":{"line":21,"column":16}},"9":{"start":{"line":6,"column":13},"end":{"line":6,"column":25}},"10":{"start":{"line":6,"column":13},"end":{"line":23,"column":null}}},"fnMap":{"0":{"name":"(anonymous_2)","decl":{"start":{"line":7,"column":2},"end":{"line":7,"column":22}},"loc":{"start":{"line":7,"column":42},"end":{"line":7,"column":46}}},"1":{"name":"(anonymous_3)","decl":{"start":{"line":9,"column":2},"end":{"line":9,"column":13}},"loc":{"start":{"line":9,"column":39},"end":{"line":22,"column":3}}}},"branchMap":{"0":{"loc":{"start":{"line":15,"column":4},"end":{"line":17,"column":5}},"type":"if","locations":[{"start":{"line":15,"column":4},"end":{"line":17,"column":5}},{"start":{},"end":{}}]},"1":{"loc":{"start":{"line":7,"column":33},"end":{"line":7,"column":45}},"type":"cond-expr","locations":[{"start":{"line":7,"column":42},"end":{"line":7,"column":45}},{"start":{"line":7,"column":42},"end":{"line":7,"column":45}}]},"2":{"loc":{"start":{"line":7,"column":33},"end":{"line":7,"column":42}},"type":"binary-expr","locations":[{"start":{"line":7,"column":33},"end":{"line":7,"column":45}},{"start":{"line":7,"column":33},"end":{"line":7,"column":42}}]}},"s":{"0":0,"1":0,"2":0,"3":0,"4":0,"5":0,"6":0,"7":0,"8":0,"9":0,"10":0},"f":{"0":0,"1":0},"b":{"0":[0,0],"1":[0,0],"2":[0,0]}}
,"/Users/kentestrada/dev/kent/unimore/manufacturing-execution-system/backend/src/auth/guards/jwt-refresh.guard.ts": {"path":"/Users/kentestrada/dev/kent/unimore/manufacturing-execution-system/backend/src/auth/guards/jwt-refresh.guard.ts","statementMap":{"0":{"start":{"line":1,"column":0},"end":{"line":1,"column":44}},"1":{"start":{"line":2,"column":0},"end":{"line":2,"column":45}},"2":{"start":{"line":5,"column":7},"end":{"line":5,"column":null}},"3":{"start":{"line":5,"column":13},"end":{"line":5,"column":28}},"4":{"start":{"line":5,"column":13},"end":{"line":5,"column":null}}},"fnMap":{},"branchMap":{},"s":{"0":5,"1":5,"2":5,"3":5,"4":5},"f":{},"b":{}}
,"/Users/kentestrada/dev/kent/unimore/manufacturing-execution-system/backend/src/auth/guards/permissions.guard.ts": {"path":"/Users/kentestrada/dev/kent/unimore/manufacturing-execution-system/backend/src/auth/guards/permissions.guard.ts","statementMap":{"0":{"start":{"line":1,"column":0},"end":{"line":1,"column":95}},"1":{"start":{"line":2,"column":0},"end":{"line":2,"column":41}},"2":{"start":{"line":3,"column":0},"end":{"line":3,"column":93}},"3":{"start":{"line":4,"column":0},"end":{"line":4,"column":75}},"4":{"start":{"line":7,"column":7},"end":{"line":73,"column":null}},"5":{"start":{"line":9,"column":12},"end":{"line":9,"column":23}},"6":{"start":{"line":10,"column":12},"end":{"line":10,"column":32}},"7":{"start":{"line":14,"column":32},"end":{"line":16,"column":null}},"8":{"start":{"line":19,"column":4},"end":{"line":21,"column":5}},"9":{"start":{"line":20,"column":6},"end":{"line":20,"column":18}},"10":{"start":{"line":23,"column":20},"end":{"line":23,"column":55}},"11":{"start":{"line":24,"column":17},"end":{"line":24,"column":29}},"12":{"start":{"line":26,"column":4},"end":{"line":28,"column":5}},"13":{"start":{"line":27,"column":6},"end":{"line":27,"column":61}},"14":{"start":{"line":31,"column":4},"end":{"line":39,"column":5}},"15":{"start":{"line":32,"column":28},"end":{"line":32,"column":81}},"16":{"start":{"line":34,"column":6},"end":{"line":38,"column":7}},"17":{"start":{"line":35,"column":8},"end":{"line":37,"column":10}},"18":{"start":{"line":41,"column":4},"end":{"line":41,"column":16}},"19":{"start":{"line":49,"column":19},"end":{"line":49,"column":63}},"20":{"start":{"line":52,"column":21},"end":{"line":52,"column":87}},"21":{"start":{"line":54,"column":4},"end":{"line":56,"column":5}},"22":{"start":{"line":55,"column":6},"end":{"line":55,"column":79}},"23":{"start":{"line":59,"column":4},"end":{"line":67,"column":5}},"24":{"start":{"line":61,"column":29},"end":{"line":61,"column":61}},"25":{"start":{"line":62,"column":6},"end":{"line":66,"column":8}},"26":{"start":{"line":70,"column":19},"end":{"line":70,"column":57}},"27":{"start":{"line":71,"column":4},"end":{"line":71,"column":76}},"28":{"start":{"line":7,"column":13},"end":{"line":7,"column":29}},"29":{"start":{"line":7,"column":13},"end":{"line":73,"column":null}}},"fnMap":{"0":{"name":"(anonymous_2)","decl":{"start":{"line":8,"column":2},"end":{"line":8,"column":null}},"loc":{"start":{"line":10,"column":50},"end":{"line":11,"column":6}}},"1":{"name":"(anonymous_3)","decl":{"start":{"line":13,"column":2},"end":{"line":13,"column":7}},"loc":{"start":{"line":13,"column":45},"end":{"line":42,"column":3}}},"2":{"name":"(anonymous_4)","decl":{"start":{"line":44,"column":10},"end":{"line":44,"column":15}},"loc":{"start":{"line":47,"column":16},"end":{"line":72,"column":3}}}},"branchMap":{"0":{"loc":{"start":{"line":19,"column":4},"end":{"line":21,"column":5}},"type":"if","locations":[{"start":{"line":19,"column":4},"end":{"line":21,"column":5}},{"start":{},"end":{}}]},"1":{"loc":{"start":{"line":19,"column":8},"end":{"line":19,"column":64}},"type":"binary-expr","locations":[{"start":{"line":19,"column":8},"end":{"line":19,"column":28}},{"start":{"line":19,"column":32},"end":{"line":19,"column":64}}]},"2":{"loc":{"start":{"line":26,"column":4},"end":{"line":28,"column":5}},"type":"if","locations":[{"start":{"line":26,"column":4},"end":{"line":28,"column":5}},{"start":{},"end":{}}]},"3":{"loc":{"start":{"line":34,"column":6},"end":{"line":38,"column":7}},"type":"if","locations":[{"start":{"line":34,"column":6},"end":{"line":38,"column":7}},{"start":{},"end":{}}]},"4":{"loc":{"start":{"line":49,"column":27},"end":{"line":49,"column":61}},"type":"binary-expr","locations":[{"start":{"line":49,"column":27},"end":{"line":49,"column":35}},{"start":{"line":49,"column":39},"end":{"line":49,"column":50}},{"start":{"line":49,"column":54},"end":{"line":49,"column":61}}]},"5":{"loc":{"start":{"line":52,"column":21},"end":{"line":52,"column":87}},"type":"binary-expr","locations":[{"start":{"line":52,"column":21},"end":{"line":52,"column":39}},{"start":{"line":52,"column":43},"end":{"line":52,"column":87}}]},"6":{"loc":{"start":{"line":54,"column":4},"end":{"line":56,"column":5}},"type":"if","locations":[{"start":{"line":54,"column":4},"end":{"line":56,"column":5}},{"start":{},"end":{}}]},"7":{"loc":{"start":{"line":54,"column":8},"end":{"line":54,"column":35}},"type":"binary-expr","locations":[{"start":{"line":54,"column":8},"end":{"line":54,"column":19}},{"start":{"line":54,"column":23},"end":{"line":54,"column":35}}]},"8":{"loc":{"start":{"line":55,"column":19},"end":{"line":55,"column":78}},"type":"binary-expr","locations":[{"start":{"line":55,"column":19},"end":{"line":55,"column":34}},{"start":{"line":55,"column":38},"end":{"line":55,"column":78}}]},"9":{"loc":{"start":{"line":59,"column":4},"end":{"line":67,"column":5}},"type":"if","locations":[{"start":{"line":59,"column":4},"end":{"line":67,"column":5}},{"start":{},"end":{}}]},"10":{"loc":{"start":{"line":61,"column":29},"end":{"line":61,"column":61}},"type":"binary-expr","locations":[{"start":{"line":61,"column":29},"end":{"line":61,"column":48}},{"start":{"line":61,"column":52},"end":{"line":61,"column":61}}]},"11":{"loc":{"start":{"line":9,"column":23},"end":{"line":9,"column":null}},"type":"cond-expr","locations":[{"start":{"line":9,"column":32},"end":{"line":9,"column":null}},{"start":{"line":9,"column":32},"end":{"line":9,"column":null}}]},"12":{"loc":{"start":{"line":9,"column":23},"end":{"line":9,"column":32}},"type":"binary-expr","locations":[{"start":{"line":9,"column":23},"end":{"line":9,"column":null}},{"start":{"line":9,"column":23},"end":{"line":9,"column":32}}]},"13":{"loc":{"start":{"line":9,"column":32},"end":{"line":10,"column":null}},"type":"cond-expr","locations":[{"start":{"line":10,"column":50},"end":{"line":10,"column":null}},{"start":{"line":10,"column":50},"end":{"line":10,"column":null}}]},"14":{"loc":{"start":{"line":9,"column":32},"end":{"line":10,"column":50}},"type":"binary-expr","locations":[{"start":{"line":9,"column":32},"end":{"line":10,"column":null}},{"start":{"line":10,"column":32},"end":{"line":10,"column":50}}]}},"s":{"0":5,"1":5,"2":5,"3":5,"4":5,"5":10,"6":10,"7":0,"8":0,"9":0,"10":0,"11":0,"12":0,"13":0,"14":0,"15":0,"16":0,"17":0,"18":0,"19":0,"20":0,"21":0,"22":0,"23":0,"24":0,"25":0,"26":0,"27":0,"28":5,"29":5},"f":{"0":10,"1":0,"2":0},"b":{"0":[0,0],"1":[0,0],"2":[0,0],"3":[0,0],"4":[0,0,0],"5":[0,0],"6":[0,0],"7":[0,0],"8":[0,0],"9":[0,0],"10":[0,0],"11":[5,0],"12":[5,5],"13":[5,0],"14":[5,5]}}
,"/Users/kentestrada/dev/kent/unimore/manufacturing-execution-system/backend/src/auth/guards/roles.guard.ts": {"path":"/Users/kentestrada/dev/kent/unimore/manufacturing-execution-system/backend/src/auth/guards/roles.guard.ts","statementMap":{"0":{"start":{"line":1,"column":0},"end":{"line":1,"column":75}},"1":{"start":{"line":2,"column":0},"end":{"line":2,"column":41}},"2":{"start":{"line":3,"column":0},"end":{"line":3,"column":58}},"3":{"start":{"line":4,"column":0},"end":{"line":4,"column":46}},"4":{"start":{"line":7,"column":7},"end":{"line":32,"column":null}},"5":{"start":{"line":9,"column":12},"end":{"line":9,"column":23}},"6":{"start":{"line":10,"column":12},"end":{"line":10,"column":25}},"7":{"start":{"line":14,"column":26},"end":{"line":17,"column":6}},"8":{"start":{"line":19,"column":4},"end":{"line":21,"column":5}},"9":{"start":{"line":20,"column":6},"end":{"line":20,"column":18}},"10":{"start":{"line":23,"column":20},"end":{"line":23,"column":55}},"11":{"start":{"line":24,"column":17},"end":{"line":24,"column":29}},"12":{"start":{"line":26,"column":4},"end":{"line":28,"column":5}},"13":{"start":{"line":27,"column":6},"end":{"line":27,"column":19}},"14":{"start":{"line":30,"column":4},"end":{"line":30,"column":60}},"15":{"start":{"line":7,"column":13},"end":{"line":7,"column":23}},"16":{"start":{"line":7,"column":13},"end":{"line":32,"column":null}}},"fnMap":{"0":{"name":"(anonymous_2)","decl":{"start":{"line":8,"column":2},"end":{"line":8,"column":null}},"loc":{"start":{"line":10,"column":36},"end":{"line":11,"column":6}}},"1":{"name":"(anonymous_3)","decl":{"start":{"line":13,"column":2},"end":{"line":13,"column":13}},"loc":{"start":{"line":13,"column":39},"end":{"line":31,"column":3}}}},"branchMap":{"0":{"loc":{"start":{"line":19,"column":4},"end":{"line":21,"column":5}},"type":"if","locations":[{"start":{"line":19,"column":4},"end":{"line":21,"column":5}},{"start":{},"end":{}}]},"1":{"loc":{"start":{"line":26,"column":4},"end":{"line":28,"column":5}},"type":"if","locations":[{"start":{"line":26,"column":4},"end":{"line":28,"column":5}},{"start":{},"end":{}}]},"2":{"loc":{"start":{"line":9,"column":23},"end":{"line":9,"column":null}},"type":"cond-expr","locations":[{"start":{"line":9,"column":32},"end":{"line":9,"column":null}},{"start":{"line":9,"column":32},"end":{"line":9,"column":null}}]},"3":{"loc":{"start":{"line":9,"column":23},"end":{"line":9,"column":32}},"type":"binary-expr","locations":[{"start":{"line":9,"column":23},"end":{"line":9,"column":null}},{"start":{"line":9,"column":23},"end":{"line":9,"column":32}}]},"4":{"loc":{"start":{"line":9,"column":32},"end":{"line":10,"column":null}},"type":"cond-expr","locations":[{"start":{"line":10,"column":36},"end":{"line":10,"column":null}},{"start":{"line":10,"column":36},"end":{"line":10,"column":null}}]},"5":{"loc":{"start":{"line":9,"column":32},"end":{"line":10,"column":36}},"type":"binary-expr","locations":[{"start":{"line":9,"column":32},"end":{"line":10,"column":null}},{"start":{"line":10,"column":25},"end":{"line":10,"column":36}}]}},"s":{"0":5,"1":5,"2":5,"3":5,"4":5,"5":10,"6":10,"7":0,"8":0,"9":0,"10":0,"11":0,"12":0,"13":0,"14":0,"15":5,"16":5},"f":{"0":10,"1":0},"b":{"0":[0,0],"1":[0,0],"2":[5,0],"3":[5,5],"4":[5,0],"5":[5,5]}}
,"/Users/kentestrada/dev/kent/unimore/manufacturing-execution-system/backend/src/auth/strategies/jwt.strategy.ts": {"path":"/Users/kentestrada/dev/kent/unimore/manufacturing-execution-system/backend/src/auth/strategies/jwt.strategy.ts","statementMap":{"0":{"start":{"line":1,"column":0},"end":{"line":1,"column":67}},"1":{"start":{"line":2,"column":0},"end":{"line":2,"column":47}},"2":{"start":{"line":3,"column":0},"end":{"line":3,"column":52}},"3":{"start":{"line":4,"column":0},"end":{"line":4,"column":52}},"4":{"start":{"line":5,"column":0},"end":{"line":5,"column":46}},"5":{"start":{"line":8,"column":7},"end":{"line":37,"column":null}},"6":{"start":{"line":14,"column":4},"end":{"line":20,"column":7}},"7":{"start":{"line":11,"column":21},"end":{"line":11,"column":36}},"8":{"start":{"line":12,"column":21},"end":{"line":12,"column":34}},"9":{"start":{"line":24,"column":4},"end":{"line":26,"column":5}},"10":{"start":{"line":25,"column":6},"end":{"line":25,"column":63}},"11":{"start":{"line":29,"column":17},"end":{"line":29,"column":61}},"12":{"start":{"line":31,"column":4},"end":{"line":33,"column":5}},"13":{"start":{"line":32,"column":6},"end":{"line":32,"column":64}},"14":{"start":{"line":35,"column":4},"end":{"line":35,"column":16}},"15":{"start":{"line":8,"column":13},"end":{"line":8,"column":24}},"16":{"start":{"line":8,"column":13},"end":{"line":37,"column":null}}},"fnMap":{"0":{"name":"(anonymous_2)","decl":{"start":{"line":9,"column":2},"end":{"line":9,"column":null}},"loc":{"start":{"line":12,"column":45},"end":{"line":21,"column":3}}},"1":{"name":"(anonymous_3)","decl":{"start":{"line":23,"column":2},"end":{"line":23,"column":7}},"loc":{"start":{"line":23,"column":29},"end":{"line":36,"column":3}}}},"branchMap":{"0":{"loc":{"start":{"line":24,"column":4},"end":{"line":26,"column":5}},"type":"if","locations":[{"start":{"line":24,"column":4},"end":{"line":26,"column":5}},{"start":{},"end":{}}]},"1":{"loc":{"start":{"line":31,"column":4},"end":{"line":33,"column":5}},"type":"if","locations":[{"start":{"line":31,"column":4},"end":{"line":33,"column":5}},{"start":{},"end":{}}]},"2":{"loc":{"start":{"line":11,"column":36},"end":{"line":11,"column":null}},"type":"cond-expr","locations":[{"start":{"line":11,"column":49},"end":{"line":11,"column":null}},{"start":{"line":11,"column":49},"end":{"line":11,"column":null}}]},"3":{"loc":{"start":{"line":11,"column":36},"end":{"line":11,"column":49}},"type":"binary-expr","locations":[{"start":{"line":11,"column":36},"end":{"line":11,"column":null}},{"start":{"line":11,"column":36},"end":{"line":11,"column":49}}]},"4":{"loc":{"start":{"line":11,"column":49},"end":{"line":12,"column":null}},"type":"cond-expr","locations":[{"start":{"line":12,"column":45},"end":{"line":12,"column":null}},{"start":{"line":12,"column":45},"end":{"line":12,"column":null}}]},"5":{"loc":{"start":{"line":11,"column":49},"end":{"line":12,"column":45}},"type":"binary-expr","locations":[{"start":{"line":11,"column":49},"end":{"line":12,"column":null}},{"start":{"line":12,"column":34},"end":{"line":12,"column":45}}]}},"s":{"0":5,"1":5,"2":5,"3":5,"4":5,"5":5,"6":5,"7":5,"8":5,"9":0,"10":0,"11":0,"12":0,"13":0,"14":0,"15":5,"16":5},"f":{"0":5,"1":0},"b":{"0":[0,0],"1":[0,0],"2":[5,0],"3":[5,5],"4":[5,0],"5":[5,5]}}
,"/Users/kentestrada/dev/kent/unimore/manufacturing-execution-system/backend/src/auth/strategies/refresh.strategy.ts": {"path":"/Users/kentestrada/dev/kent/unimore/manufacturing-execution-system/backend/src/auth/strategies/refresh.strategy.ts","statementMap":{"0":{"start":{"line":1,"column":0},"end":{"line":1,"column":67}},"1":{"start":{"line":2,"column":0},"end":{"line":2,"column":47}},"2":{"start":{"line":3,"column":0},"end":{"line":3,"column":52}},"3":{"start":{"line":4,"column":0},"end":{"line":4,"column":52}},"4":{"start":{"line":8,"column":7},"end":{"line":31,"column":null}},"5":{"start":{"line":11,"column":4},"end":{"line":16,"column":7}},"6":{"start":{"line":10,"column":31},"end":{"line":10,"column":46}},"7":{"start":{"line":20,"column":25},"end":{"line":20,"column":79}},"8":{"start":{"line":22,"column":4},"end":{"line":24,"column":5}},"9":{"start":{"line":23,"column":6},"end":{"line":23,"column":65}},"10":{"start":{"line":26,"column":4},"end":{"line":29,"column":6}},"11":{"start":{"line":8,"column":13},"end":{"line":8,"column":28}},"12":{"start":{"line":8,"column":13},"end":{"line":31,"column":null}}},"fnMap":{"0":{"name":"(anonymous_2)","decl":{"start":{"line":10,"column":2},"end":{"line":10,"column":31}},"loc":{"start":{"line":10,"column":59},"end":{"line":17,"column":3}}},"1":{"name":"(anonymous_3)","decl":{"start":{"line":19,"column":2},"end":{"line":19,"column":7}},"loc":{"start":{"line":19,"column":43},"end":{"line":30,"column":3}}}},"branchMap":{"0":{"loc":{"start":{"line":22,"column":4},"end":{"line":24,"column":5}},"type":"if","locations":[{"start":{"line":22,"column":4},"end":{"line":24,"column":5}},{"start":{},"end":{}}]},"1":{"loc":{"start":{"line":10,"column":46},"end":{"line":10,"column":null}},"type":"cond-expr","locations":[{"start":{"line":10,"column":59},"end":{"line":10,"column":null}},{"start":{"line":10,"column":59},"end":{"line":10,"column":null}}]},"2":{"loc":{"start":{"line":10,"column":46},"end":{"line":10,"column":59}},"type":"binary-expr","locations":[{"start":{"line":10,"column":46},"end":{"line":10,"column":null}},{"start":{"line":10,"column":46},"end":{"line":10,"column":59}}]}},"s":{"0":5,"1":5,"2":5,"3":5,"4":5,"5":5,"6":5,"7":0,"8":0,"9":0,"10":0,"11":5,"12":5},"f":{"0":5,"1":0},"b":{"0":[0,0],"1":[5,0],"2":[5,5]}}
,"/Users/kentestrada/dev/kent/unimore/manufacturing-execution-system/backend/src/common/constants.ts": {"path":"/Users/kentestrada/dev/kent/unimore/manufacturing-execution-system/backend/src/common/constants.ts","statementMap":{"0":{"start":{"line":6,"column":13},"end":{"line":6,"column":49}},"1":{"start":{"line":7,"column":13},"end":{"line":7,"column":39}},"2":{"start":{"line":8,"column":13},"end":{"line":8,"column":37}},"3":{"start":{"line":9,"column":13},"end":{"line":9,"column":33}},"4":{"start":{"line":12,"column":13},"end":{"line":12,"column":35}},"5":{"start":{"line":13,"column":13},"end":{"line":13,"column":30}},"6":{"start":{"line":16,"column":13},"end":{"line":16,"column":36}},"7":{"start":{"line":17,"column":13},"end":{"line":17,"column":33}},"8":{"start":{"line":20,"column":13},"end":{"line":20,"column":33}},"9":{"start":{"line":21,"column":13},"end":{"line":21,"column":34}},"10":{"start":{"line":24,"column":13},"end":{"line":31,"column":11}},"11":{"start":{"line":34,"column":13},"end":{"line":44,"column":11}},"12":{"start":{"line":47,"column":13},"end":{"line":54,"column":11}},"13":{"start":{"line":57,"column":13},"end":{"line":66,"column":11}},"14":{"start":{"line":69,"column":13},"end":{"line":77,"column":11}},"15":{"start":{"line":80,"column":13},"end":{"line":86,"column":11}}},"fnMap":{},"branchMap":{},"s":{"0":5,"1":5,"2":5,"3":5,"4":5,"5":5,"6":5,"7":5,"8":5,"9":5,"10":5,"11":5,"12":5,"13":5,"14":5,"15":5},"f":{},"b":{}}
,"/Users/kentestrada/dev/kent/unimore/manufacturing-execution-system/backend/src/common/decorators/audit-context.decorator.ts": {"path":"/Users/kentestrada/dev/kent/unimore/manufacturing-execution-system/backend/src/common/decorators/audit-context.decorator.ts","statementMap":{"0":{"start":{"line":43,"column":0},"end":{"line":43,"column":16}},"1":{"start":{"line":1,"column":0},"end":{"line":1,"column":72}},"2":{"start":{"line":2,"column":0},"end":{"line":2,"column":47}},"3":{"start":{"line":8,"column":13},"end":{"line":24,"column":2}},"4":{"start":{"line":10,"column":20},"end":{"line":10,"column":51}},"5":{"start":{"line":11,"column":17},"end":{"line":11,"column":29}},"6":{"start":{"line":13,"column":4},"end":{"line":22,"column":6}},"7":{"start":{"line":44,"column":2},"end":{"line":67,"column":4}},"8":{"start":{"line":45,"column":19},"end":{"line":45,"column":35}},"9":{"start":{"line":47,"column":4},"end":{"line":64,"column":6}},"10":{"start":{"line":49,"column":22},"end":{"line":49,"column":68}},"11":{"start":{"line":49,"column":39},"end":{"line":49,"column":67}},"12":{"start":{"line":51,"column":6},"end":{"line":54,"column":7}},"13":{"start":{"line":53,"column":9},"end":{"line":53,"column":51}},"14":{"start":{"line":56,"column":6},"end":{"line":63,"column":7}},"15":{"start":{"line":58,"column":23},"end":{"line":58,"column":53}},"16":{"start":{"line":59,"column":8},"end":{"line":59,"column":22}},"17":{"start":{"line":62,"column":8},"end":{"line":62,"column":48}},"18":{"start":{"line":66,"column":4},"end":{"line":66,"column":22}}},"fnMap":{"0":{"name":"(anonymous_0)","decl":{"start":{"line":9,"column":2},"end":{"line":9,"column":3}},"loc":{"start":{"line":9,"column":44},"end":{"line":23,"column":3}}},"1":{"name":"WithAuditContext","decl":{"start":{"line":43,"column":16},"end":{"line":43,"column":32}},"loc":{"start":{"line":43,"column":32},"end":{"line":68,"column":1}}},"2":{"name":"(anonymous_2)","decl":{"start":{"line":44,"column":9},"end":{"line":44,"column":19}},"loc":{"start":{"line":44,"column":86},"end":{"line":67,"column":3}}},"3":{"name":"(anonymous_3)","decl":{"start":{"line":47,"column":23},"end":{"line":47,"column":28}},"loc":{"start":{"line":47,"column":53},"end":{"line":64,"column":5}}},"4":{"name":"(anonymous_4)","decl":{"start":{"line":49,"column":32},"end":{"line":49,"column":35}},"loc":{"start":{"line":49,"column":39},"end":{"line":49,"column":67}}}},"branchMap":{"0":{"loc":{"start":{"line":14,"column":14},"end":{"line":14,"column":35}},"type":"binary-expr","locations":[{"start":{"line":14,"column":14},"end":{"line":14,"column":22}},{"start":{"line":14,"column":26},"end":{"line":14,"column":35}}]},"1":{"loc":{"start":{"line":15,"column":16},"end":{"line":15,"column":64}},"type":"binary-expr","locations":[{"start":{"line":15,"column":16},"end":{"line":15,"column":30}},{"start":{"line":15,"column":34},"end":{"line":15,"column":64}}]},"2":{"loc":{"start":{"line":16,"column":16},"end":{"line":16,"column":45}},"type":"binary-expr","locations":[{"start":{"line":16,"column":16},"end":{"line":16,"column":30}},{"start":{"line":16,"column":34},"end":{"line":16,"column":45}}]},"3":{"loc":{"start":{"line":17,"column":13},"end":{"line":17,"column":30}},"type":"binary-expr","locations":[{"start":{"line":17,"column":13},"end":{"line":17,"column":24}},{"start":{"line":17,"column":28},"end":{"line":17,"column":30}}]},"4":{"loc":{"start":{"line":49,"column":39},"end":{"line":49,"column":67}},"type":"binary-expr","locations":[{"start":{"line":49,"column":39},"end":{"line":49,"column":50}},{"start":{"line":49,"column":54},"end":{"line":49,"column":67}}]},"5":{"loc":{"start":{"line":51,"column":6},"end":{"line":54,"column":7}},"type":"if","locations":[{"start":{"line":51,"column":6},"end":{"line":54,"column":7}},{"start":{},"end":{}}]}},"s":{"0":0,"1":0,"2":0,"3":0,"4":0,"5":0,"6":0,"7":0,"8":0,"9":0,"10":0,"11":0,"12":0,"13":0,"14":0,"15":0,"16":0,"17":0,"18":0},"f":{"0":0,"1":0,"2":0,"3":0,"4":0},"b":{"0":[0,0],"1":[0,0],"2":[0,0],"3":[0,0],"4":[0,0],"5":[0,0]}}
,"/Users/kentestrada/dev/kent/unimore/manufacturing-execution-system/backend/src/common/decorators/rate-limit.decorator.ts": {"path":"/Users/kentestrada/dev/kent/unimore/manufacturing-execution-system/backend/src/common/decorators/rate-limit.decorator.ts","statementMap":{"0":{"start":{"line":1,"column":0},"end":{"line":1,"column":45}},"1":{"start":{"line":9,"column":13},"end":{"line":9,"column":42}},"2":{"start":{"line":10,"column":13},"end":{"line":10,"column":51}},"3":{"start":{"line":16,"column":25},"end":{"line":17,"column":38}},"4":{"start":{"line":17,"column":2},"end":{"line":17,"column":38}},"5":{"start":{"line":16,"column":13},"end":{"line":16,"column":25}},"6":{"start":{"line":22,"column":29},"end":{"line":22,"column":73}},"7":{"start":{"line":22,"column":35},"end":{"line":22,"column":73}},"8":{"start":{"line":22,"column":13},"end":{"line":22,"column":29}},"9":{"start":{"line":27,"column":29},"end":{"line":31,"column":4}},"10":{"start":{"line":28,"column":2},"end":{"line":31,"column":4}},"11":{"start":{"line":27,"column":13},"end":{"line":27,"column":29}},"12":{"start":{"line":36,"column":28},"end":{"line":40,"column":4}},"13":{"start":{"line":37,"column":2},"end":{"line":40,"column":4}},"14":{"start":{"line":36,"column":13},"end":{"line":36,"column":28}},"15":{"start":{"line":45,"column":31},"end":{"line":49,"column":4}},"16":{"start":{"line":46,"column":2},"end":{"line":49,"column":4}},"17":{"start":{"line":45,"column":13},"end":{"line":45,"column":31}},"18":{"start":{"line":54,"column":31},"end":{"line":58,"column":4}},"19":{"start":{"line":55,"column":2},"end":{"line":58,"column":4}},"20":{"start":{"line":54,"column":13},"end":{"line":54,"column":31}},"21":{"start":{"line":63,"column":31},"end":{"line":67,"column":4}},"22":{"start":{"line":64,"column":2},"end":{"line":67,"column":4}},"23":{"start":{"line":63,"column":13},"end":{"line":63,"column":31}}},"fnMap":{"0":{"name":"(anonymous_0)","decl":{"start":{"line":16,"column":25},"end":{"line":16,"column":26}},"loc":{"start":{"line":17,"column":2},"end":{"line":17,"column":38}}},"1":{"name":"(anonymous_1)","decl":{"start":{"line":22,"column":29},"end":{"line":22,"column":32}},"loc":{"start":{"line":22,"column":35},"end":{"line":22,"column":73}}},"2":{"name":"(anonymous_2)","decl":{"start":{"line":27,"column":29},"end":{"line":27,"column":32}},"loc":{"start":{"line":28,"column":2},"end":{"line":31,"column":4}}},"3":{"name":"(anonymous_3)","decl":{"start":{"line":36,"column":28},"end":{"line":36,"column":31}},"loc":{"start":{"line":37,"column":2},"end":{"line":40,"column":4}}},"4":{"name":"(anonymous_4)","decl":{"start":{"line":45,"column":31},"end":{"line":45,"column":34}},"loc":{"start":{"line":46,"column":2},"end":{"line":49,"column":4}}},"5":{"name":"(anonymous_5)","decl":{"start":{"line":54,"column":31},"end":{"line":54,"column":34}},"loc":{"start":{"line":55,"column":2},"end":{"line":58,"column":4}}},"6":{"name":"(anonymous_6)","decl":{"start":{"line":63,"column":31},"end":{"line":63,"column":34}},"loc":{"start":{"line":64,"column":2},"end":{"line":67,"column":4}}}},"branchMap":{},"s":{"0":5,"1":5,"2":5,"3":5,"4":10,"5":5,"6":5,"7":0,"8":5,"9":5,"10":0,"11":5,"12":5,"13":5,"14":5,"15":5,"16":0,"17":5,"18":5,"19":0,"20":5,"21":5,"22":5,"23":5},"f":{"0":10,"1":0,"2":0,"3":5,"4":0,"5":0,"6":5},"b":{}}
,"/Users/kentestrada/dev/kent/unimore/manufacturing-execution-system/backend/src/common/filters/all-exceptions.filter.ts": {"path":"/Users/kentestrada/dev/kent/unimore/manufacturing-execution-system/backend/src/common/filters/all-exceptions.filter.ts","statementMap":{"0":{"start":{"line":1,"column":0},"end":{"line":1,"column":null}},"1":{"start":{"line":10,"column":0},"end":{"line":10,"column":47}},"2":{"start":{"line":16,"column":32},"end":{"line":258,"column":null}},"3":{"start":{"line":20,"column":31},"end":{"line":20,"column":46}},"4":{"start":{"line":17,"column":19},"end":{"line":17,"column":65}},"5":{"start":{"line":21,"column":4},"end":{"line":21,"column":77}},"6":{"start":{"line":25,"column":16},"end":{"line":25,"column":35}},"7":{"start":{"line":26,"column":21},"end":{"line":26,"column":48}},"8":{"start":{"line":27,"column":20},"end":{"line":27,"column":45}},"9":{"start":{"line":30,"column":19},"end":{"line":30,"column":44}},"10":{"start":{"line":33,"column":26},"end":{"line":33,"column":75}},"11":{"start":{"line":36,"column":4},"end":{"line":36,"column":46}},"12":{"start":{"line":39,"column":4},"end":{"line":39,"column":48}},"13":{"start":{"line":46,"column":4},"end":{"line":48,"column":5}},"14":{"start":{"line":47,"column":6},"end":{"line":47,"column":35}},"15":{"start":{"line":51,"column":4},"end":{"line":53,"column":5}},"16":{"start":{"line":52,"column":6},"end":{"line":52,"column":36}},"17":{"start":{"line":55,"column":4},"end":{"line":57,"column":5}},"18":{"start":{"line":56,"column":6},"end":{"line":56,"column":37}},"19":{"start":{"line":59,"column":4},"end":{"line":61,"column":5}},"20":{"start":{"line":60,"column":6},"end":{"line":60,"column":34}},"21":{"start":{"line":63,"column":4},"end":{"line":65,"column":5}},"22":{"start":{"line":64,"column":6},"end":{"line":64,"column":34}},"23":{"start":{"line":67,"column":4},"end":{"line":69,"column":5}},"24":{"start":{"line":68,"column":6},"end":{"line":68,"column":33}},"25":{"start":{"line":71,"column":4},"end":{"line":73,"column":5}},"26":{"start":{"line":72,"column":6},"end":{"line":72,"column":40}},"27":{"start":{"line":75,"column":4},"end":{"line":75,"column":44}},"28":{"start":{"line":86,"column":22},"end":{"line":86,"column":46}},"29":{"start":{"line":87,"column":17},"end":{"line":87,"column":28}},"30":{"start":{"line":88,"column":19},"end":{"line":88,"column":33}},"31":{"start":{"line":89,"column":22},"end":{"line":89,"column":63}},"32":{"start":{"line":92,"column":31},"end":{"line":98,"column":6}},"33":{"start":{"line":101,"column":4},"end":{"line":122,"column":5}},"34":{"start":{"line":102,"column":23},"end":{"line":102,"column":46}},"35":{"start":{"line":104,"column":6},"end":{"line":108,"column":7}},"36":{"start":{"line":105,"column":8},"end":{"line":105,"column":47}},"37":{"start":{"line":107,"column":8},"end":{"line":107,"column":41}},"38":{"start":{"line":110,"column":6},"end":{"line":110,"column":43}},"39":{"start":{"line":111,"column":11},"end":{"line":122,"column":5}},"40":{"start":{"line":112,"column":6},"end":{"line":112,"column":48}},"41":{"start":{"line":113,"column":6},"end":{"line":113,"column":43}},"42":{"start":{"line":116,"column":6},"end":{"line":118,"column":7}},"43":{"start":{"line":117,"column":8},"end":{"line":117,"column":46}},"44":{"start":{"line":120,"column":6},"end":{"line":120,"column":54}},"45":{"start":{"line":121,"column":6},"end":{"line":121,"column":50}},"46":{"start":{"line":125,"column":4},"end":{"line":133,"column":5}},"47":{"start":{"line":126,"column":6},"end":{"line":132,"column":8}},"48":{"start":{"line":135,"column":4},"end":{"line":135,"column":25}},"49":{"start":{"line":142,"column":20},"end":{"line":142,"column":51}},"50":{"start":{"line":143,"column":20},"end":{"line":152,"column":6}},"51":{"start":{"line":154,"column":4},"end":{"line":160,"column":5}},"52":{"start":{"line":155,"column":6},"end":{"line":155,"column":93}},"53":{"start":{"line":156,"column":11},"end":{"line":160,"column":5}},"54":{"start":{"line":157,"column":6},"end":{"line":157,"column":41}},"55":{"start":{"line":159,"column":6},"end":{"line":159,"column":40}},"56":{"start":{"line":167,"column":4},"end":{"line":175,"column":5}},"57":{"start":{"line":168,"column":23},"end":{"line":168,"column":46}},"58":{"start":{"line":169,"column":6},"end":{"line":173,"column":7}},"59":{"start":{"line":170,"column":8},"end":{"line":172,"column":41}},"60":{"start":{"line":174,"column":6},"end":{"line":174,"column":31}},"61":{"start":{"line":177,"column":4},"end":{"line":179,"column":5}},"62":{"start":{"line":178,"column":6},"end":{"line":178,"column":31}},"63":{"start":{"line":181,"column":4},"end":{"line":181,"column":36}},"64":{"start":{"line":188,"column":4},"end":{"line":193,"column":6}},"65":{"start":{"line":200,"column":4},"end":{"line":206,"column":6}},"66":{"start":{"line":213,"column":4},"end":{"line":219,"column":6}},"67":{"start":{"line":226,"column":4},"end":{"line":231,"column":6}},"68":{"start":{"line":238,"column":4},"end":{"line":244,"column":6}},"69":{"start":{"line":251,"column":4},"end":{"line":256,"column":6}},"70":{"start":{"line":16,"column":13},"end":{"line":16,"column":32}},"71":{"start":{"line":16,"column":13},"end":{"line":258,"column":null}}},"fnMap":{"0":{"name":"(anonymous_2)","decl":{"start":{"line":20,"column":2},"end":{"line":20,"column":31}},"loc":{"start":{"line":20,"column":59},"end":{"line":22,"column":3}}},"1":{"name":"(anonymous_3)","decl":{"start":{"line":24,"column":2},"end":{"line":24,"column":7}},"loc":{"start":{"line":24,"column":47},"end":{"line":40,"column":3}}},"2":{"name":"(anonymous_4)","decl":{"start":{"line":45,"column":10},"end":{"line":45,"column":19}},"loc":{"start":{"line":45,"column":38},"end":{"line":76,"column":3}}},"3":{"name":"(anonymous_5)","decl":{"start":{"line":81,"column":10},"end":{"line":81,"column":26}},"loc":{"start":{"line":84,"column":20},"end":{"line":136,"column":3}}},"4":{"name":"(anonymous_6)","decl":{"start":{"line":141,"column":10},"end":{"line":141,"column":18}},"loc":{"start":{"line":141,"column":71},"end":{"line":161,"column":3}}},"5":{"name":"(anonymous_7)","decl":{"start":{"line":166,"column":10},"end":{"line":166,"column":25}},"loc":{"start":{"line":166,"column":44},"end":{"line":182,"column":3}}},"6":{"name":"(anonymous_8)","decl":{"start":{"line":187,"column":10},"end":{"line":187,"column":27}},"loc":{"start":{"line":187,"column":46},"end":{"line":194,"column":3}}},"7":{"name":"(anonymous_9)","decl":{"start":{"line":199,"column":10},"end":{"line":199,"column":31}},"loc":{"start":{"line":199,"column":50},"end":{"line":207,"column":3}}},"8":{"name":"(anonymous_10)","decl":{"start":{"line":212,"column":10},"end":{"line":212,"column":30}},"loc":{"start":{"line":212,"column":49},"end":{"line":220,"column":3}}},"9":{"name":"(anonymous_11)","decl":{"start":{"line":225,"column":10},"end":{"line":225,"column":25}},"loc":{"start":{"line":225,"column":44},"end":{"line":232,"column":3}}},"10":{"name":"(anonymous_12)","decl":{"start":{"line":237,"column":10},"end":{"line":237,"column":25}},"loc":{"start":{"line":237,"column":44},"end":{"line":245,"column":3}}},"11":{"name":"(anonymous_13)","decl":{"start":{"line":250,"column":10},"end":{"line":250,"column":24}},"loc":{"start":{"line":250,"column":43},"end":{"line":257,"column":3}}}},"branchMap":{"0":{"loc":{"start":{"line":46,"column":4},"end":{"line":48,"column":5}},"type":"if","locations":[{"start":{"line":46,"column":4},"end":{"line":48,"column":5}},{"start":{},"end":{}}]},"1":{"loc":{"start":{"line":51,"column":4},"end":{"line":53,"column":5}},"type":"if","locations":[{"start":{"line":51,"column":4},"end":{"line":53,"column":5}},{"start":{},"end":{}}]},"2":{"loc":{"start":{"line":55,"column":4},"end":{"line":57,"column":5}},"type":"if","locations":[{"start":{"line":55,"column":4},"end":{"line":57,"column":5}},{"start":{},"end":{}}]},"3":{"loc":{"start":{"line":59,"column":4},"end":{"line":61,"column":5}},"type":"if","locations":[{"start":{"line":59,"column":4},"end":{"line":61,"column":5}},{"start":{},"end":{}}]},"4":{"loc":{"start":{"line":63,"column":4},"end":{"line":65,"column":5}},"type":"if","locations":[{"start":{"line":63,"column":4},"end":{"line":65,"column":5}},{"start":{},"end":{}}]},"5":{"loc":{"start":{"line":67,"column":4},"end":{"line":69,"column":5}},"type":"if","locations":[{"start":{"line":67,"column":4},"end":{"line":69,"column":5}},{"start":{},"end":{}}]},"6":{"loc":{"start":{"line":71,"column":4},"end":{"line":73,"column":5}},"type":"if","locations":[{"start":{"line":71,"column":4},"end":{"line":73,"column":5}},{"start":{},"end":{}}]},"7":{"loc":{"start":{"line":101,"column":4},"end":{"line":122,"column":5}},"type":"if","locations":[{"start":{"line":101,"column":4},"end":{"line":122,"column":5}},{"start":{"line":111,"column":11},"end":{"line":122,"column":5}}]},"8":{"loc":{"start":{"line":104,"column":6},"end":{"line":108,"column":7}},"type":"if","locations":[{"start":{"line":104,"column":6},"end":{"line":108,"column":7}},{"start":{"line":106,"column":13},"end":{"line":108,"column":7}}]},"9":{"loc":{"start":{"line":111,"column":11},"end":{"line":122,"column":5}},"type":"if","locations":[{"start":{"line":111,"column":11},"end":{"line":122,"column":5}},{"start":{"line":119,"column":11},"end":{"line":122,"column":5}}]},"10":{"loc":{"start":{"line":116,"column":6},"end":{"line":118,"column":7}},"type":"if","locations":[{"start":{"line":116,"column":6},"end":{"line":118,"column":7}},{"start":{},"end":{}}]},"11":{"loc":{"start":{"line":125,"column":4},"end":{"line":133,"column":5}},"type":"if","locations":[{"start":{"line":125,"column":4},"end":{"line":133,"column":5}},{"start":{},"end":{}}]},"12":{"loc":{"start":{"line":154,"column":4},"end":{"line":160,"column":5}},"type":"if","locations":[{"start":{"line":154,"column":4},"end":{"line":160,"column":5}},{"start":{"line":156,"column":11},"end":{"line":160,"column":5}}]},"13":{"loc":{"start":{"line":155,"column":33},"end":{"line":155,"column":82}},"type":"cond-expr","locations":[{"start":{"line":155,"column":62},"end":{"line":155,"column":77}},{"start":{"line":155,"column":80},"end":{"line":155,"column":82}}]},"14":{"loc":{"start":{"line":156,"column":11},"end":{"line":160,"column":5}},"type":"if","locations":[{"start":{"line":156,"column":11},"end":{"line":160,"column":5}},{"start":{"line":158,"column":11},"end":{"line":160,"column":5}}]},"15":{"loc":{"start":{"line":167,"column":4},"end":{"line":175,"column":5}},"type":"if","locations":[{"start":{"line":167,"column":4},"end":{"line":175,"column":5}},{"start":{},"end":{}}]},"16":{"loc":{"start":{"line":169,"column":6},"end":{"line":173,"column":7}},"type":"if","locations":[{"start":{"line":169,"column":6},"end":{"line":173,"column":7}},{"start":{},"end":{}}]},"17":{"loc":{"start":{"line":169,"column":10},"end":{"line":169,"column":63}},"type":"binary-expr","locations":[{"start":{"line":169,"column":10},"end":{"line":169,"column":38}},{"start":{"line":169,"column":42},"end":{"line":169,"column":63}}]},"18":{"loc":{"start":{"line":170,"column":15},"end":{"line":172,"column":40}},"type":"cond-expr","locations":[{"start":{"line":171,"column":12},"end":{"line":171,"column":39}},{"start":{"line":172,"column":13},"end":{"line":172,"column":40}}]},"19":{"loc":{"start":{"line":177,"column":4},"end":{"line":179,"column":5}},"type":"if","locations":[{"start":{"line":177,"column":4},"end":{"line":179,"column":5}},{"start":{},"end":{}}]},"20":{"loc":{"start":{"line":189,"column":6},"end":{"line":192,"column":49}},"type":"binary-expr","locations":[{"start":{"line":189,"column":6},"end":{"line":189,"column":32}},{"start":{"line":190,"column":7},"end":{"line":190,"column":43}},{"start":{"line":191,"column":8},"end":{"line":191,"column":43}},{"start":{"line":192,"column":8},"end":{"line":192,"column":48}}]},"21":{"loc":{"start":{"line":201,"column":6},"end":{"line":205,"column":67}},"type":"binary-expr","locations":[{"start":{"line":201,"column":6},"end":{"line":201,"column":32}},{"start":{"line":202,"column":7},"end":{"line":202,"column":49}},{"start":{"line":203,"column":8},"end":{"line":203,"column":48}},{"start":{"line":204,"column":8},"end":{"line":204,"column":64}},{"start":{"line":205,"column":8},"end":{"line":205,"column":66}}]},"22":{"loc":{"start":{"line":214,"column":6},"end":{"line":218,"column":63}},"type":"binary-expr","locations":[{"start":{"line":214,"column":6},"end":{"line":214,"column":32}},{"start":{"line":215,"column":7},"end":{"line":215,"column":46}},{"start":{"line":216,"column":8},"end":{"line":216,"column":47}},{"start":{"line":217,"column":8},"end":{"line":217,"column":61}},{"start":{"line":218,"column":8},"end":{"line":218,"column":62}}]},"23":{"loc":{"start":{"line":227,"column":6},"end":{"line":230,"column":62}},"type":"binary-expr","locations":[{"start":{"line":227,"column":6},"end":{"line":227,"column":32}},{"start":{"line":228,"column":7},"end":{"line":228,"column":45}},{"start":{"line":229,"column":8},"end":{"line":229,"column":48}},{"start":{"line":230,"column":8},"end":{"line":230,"column":61}}]},"24":{"loc":{"start":{"line":239,"column":6},"end":{"line":243,"column":62}},"type":"binary-expr","locations":[{"start":{"line":239,"column":6},"end":{"line":239,"column":32}},{"start":{"line":240,"column":7},"end":{"line":240,"column":45}},{"start":{"line":241,"column":8},"end":{"line":241,"column":42}},{"start":{"line":242,"column":8},"end":{"line":242,"column":66}},{"start":{"line":243,"column":8},"end":{"line":243,"column":61}}]},"25":{"loc":{"start":{"line":252,"column":6},"end":{"line":255,"column":60}},"type":"binary-expr","locations":[{"start":{"line":252,"column":6},"end":{"line":252,"column":32}},{"start":{"line":253,"column":7},"end":{"line":253,"column":40}},{"start":{"line":254,"column":8},"end":{"line":254,"column":52}},{"start":{"line":255,"column":8},"end":{"line":255,"column":59}}]},"26":{"loc":{"start":{"line":20,"column":46},"end":{"line":20,"column":null}},"type":"cond-expr","locations":[{"start":{"line":20,"column":59},"end":{"line":20,"column":null}},{"start":{"line":20,"column":59},"end":{"line":20,"column":null}}]},"27":{"loc":{"start":{"line":20,"column":46},"end":{"line":20,"column":59}},"type":"binary-expr","locations":[{"start":{"line":20,"column":46},"end":{"line":20,"column":null}},{"start":{"line":20,"column":46},"end":{"line":20,"column":59}}]}},"s":{"0":5,"1":5,"2":5,"3":5,"4":5,"5":5,"6":0,"7":0,"8":0,"9":0,"10":0,"11":0,"12":0,"13":0,"14":0,"15":0,"16":0,"17":0,"18":0,"19":0,"20":0,"21":0,"22":0,"23":0,"24":0,"25":0,"26":0,"27":0,"28":0,"29":0,"30":0,"31":0,"32":0,"33":0,"34":0,"35":0,"36":0,"37":0,"38":0,"39":0,"40":0,"41":0,"42":0,"43":0,"44":0,"45":0,"46":0,"47":0,"48":0,"49":0,"50":0,"51":0,"52":0,"53":0,"54":0,"55":0,"56":0,"57":0,"58":0,"59":0,"60":0,"61":0,"62":0,"63":0,"64":0,"65":0,"66":0,"67":0,"68":0,"69":0,"70":5,"71":5},"f":{"0":5,"1":0,"2":0,"3":0,"4":0,"5":0,"6":0,"7":0,"8":0,"9":0,"10":0,"11":0},"b":{"0":[0,0],"1":[0,0],"2":[0,0],"3":[0,0],"4":[0,0],"5":[0,0],"6":[0,0],"7":[0,0],"8":[0,0],"9":[0,0],"10":[0,0],"11":[0,0],"12":[0,0],"13":[0,0],"14":[0,0],"15":[0,0],"16":[0,0],"17":[0,0],"18":[0,0],"19":[0,0],"20":[0,0,0,0],"21":[0,0,0,0,0],"22":[0,0,0,0,0],"23":[0,0,0,0],"24":[0,0,0,0,0],"25":[0,0,0,0],"26":[5,0],"27":[5,5]}}
,"/Users/kentestrada/dev/kent/unimore/manufacturing-execution-system/backend/src/common/filters/http-exception.filter.ts": {"path":"/Users/kentestrada/dev/kent/unimore/manufacturing-execution-system/backend/src/common/filters/http-exception.filter.ts","statementMap":{"0":{"start":{"line":1,"column":0},"end":{"line":1,"column":null}},"1":{"start":{"line":14,"column":32},"end":{"line":92,"column":null}},"2":{"start":{"line":15,"column":19},"end":{"line":15,"column":65}},"3":{"start":{"line":18,"column":16},"end":{"line":18,"column":35}},"4":{"start":{"line":19,"column":21},"end":{"line":19,"column":48}},"5":{"start":{"line":20,"column":20},"end":{"line":20,"column":45}},"6":{"start":{"line":21,"column":19},"end":{"line":21,"column":40}},"7":{"start":{"line":22,"column":30},"end":{"line":22,"column":53}},"8":{"start":{"line":25,"column":31},"end":{"line":31,"column":6}},"9":{"start":{"line":34,"column":4},"end":{"line":50,"column":5}},"10":{"start":{"line":35,"column":6},"end":{"line":35,"column":48}},"11":{"start":{"line":36,"column":11},"end":{"line":50,"column":5}},"12":{"start":{"line":38,"column":6},"end":{"line":38,"column":54}},"13":{"start":{"line":41,"column":6},"end":{"line":43,"column":7}},"14":{"start":{"line":42,"column":8},"end":{"line":42,"column":73}},"15":{"start":{"line":46,"column":6},"end":{"line":49,"column":7}},"16":{"start":{"line":47,"column":8},"end":{"line":47,"column":53}},"17":{"start":{"line":48,"column":8},"end":{"line":48,"column":52}},"18":{"start":{"line":53,"column":4},"end":{"line":53,"column":64}},"19":{"start":{"line":56,"column":4},"end":{"line":56,"column":53}},"20":{"start":{"line":59,"column":4},"end":{"line":59,"column":48}},"21":{"start":{"line":70,"column":20},"end":{"line":79,"column":6}},"22":{"start":{"line":81,"column":19},"end":{"line":81,"column":40}},"23":{"start":{"line":82,"column":20},"end":{"line":82,"column":65}},"24":{"start":{"line":84,"column":4},"end":{"line":90,"column":5}},"25":{"start":{"line":85,"column":6},"end":{"line":85,"column":59}},"26":{"start":{"line":86,"column":11},"end":{"line":90,"column":5}},"27":{"start":{"line":87,"column":6},"end":{"line":87,"column":41}},"28":{"start":{"line":89,"column":6},"end":{"line":89,"column":40}},"29":{"start":{"line":14,"column":13},"end":{"line":14,"column":32}},"30":{"start":{"line":14,"column":13},"end":{"line":92,"column":null}}},"fnMap":{"0":{"name":"(anonymous_1)","decl":{"start":{"line":14,"column":7},"end":{"line":14,"column":13}},"loc":{"start":{"line":14,"column":7},"end":{"line":92,"column":1}}},"1":{"name":"(anonymous_2)","decl":{"start":{"line":17,"column":2},"end":{"line":17,"column":7}},"loc":{"start":{"line":17,"column":53},"end":{"line":60,"column":3}}},"2":{"name":"(anonymous_3)","decl":{"start":{"line":65,"column":10},"end":{"line":65,"column":18}},"loc":{"start":{"line":68,"column":22},"end":{"line":91,"column":3}}}},"branchMap":{"0":{"loc":{"start":{"line":34,"column":4},"end":{"line":50,"column":5}},"type":"if","locations":[{"start":{"line":34,"column":4},"end":{"line":50,"column":5}},{"start":{"line":36,"column":11},"end":{"line":50,"column":5}}]},"1":{"loc":{"start":{"line":36,"column":11},"end":{"line":50,"column":5}},"type":"if","locations":[{"start":{"line":36,"column":11},"end":{"line":50,"column":5}},{"start":{},"end":{}}]},"2":{"loc":{"start":{"line":41,"column":6},"end":{"line":43,"column":7}},"type":"if","locations":[{"start":{"line":41,"column":6},"end":{"line":43,"column":7}},{"start":{},"end":{}}]},"3":{"loc":{"start":{"line":42,"column":32},"end":{"line":42,"column":72}},"type":"binary-expr","locations":[{"start":{"line":42,"column":32},"end":{"line":42,"column":49}},{"start":{"line":42,"column":53},"end":{"line":42,"column":72}}]},"4":{"loc":{"start":{"line":46,"column":6},"end":{"line":49,"column":7}},"type":"if","locations":[{"start":{"line":46,"column":6},"end":{"line":49,"column":7}},{"start":{},"end":{}}]},"5":{"loc":{"start":{"line":53,"column":26},"end":{"line":53,"column":63}},"type":"binary-expr","locations":[{"start":{"line":53,"column":26},"end":{"line":53,"column":45}},{"start":{"line":53,"column":49},"end":{"line":53,"column":63}}]},"6":{"loc":{"start":{"line":84,"column":4},"end":{"line":90,"column":5}},"type":"if","locations":[{"start":{"line":84,"column":4},"end":{"line":90,"column":5}},{"start":{"line":86,"column":11},"end":{"line":90,"column":5}}]},"7":{"loc":{"start":{"line":86,"column":11},"end":{"line":90,"column":5}},"type":"if","locations":[{"start":{"line":86,"column":11},"end":{"line":90,"column":5}},{"start":{"line":88,"column":11},"end":{"line":90,"column":5}}]}},"s":{"0":5,"1":5,"2":5,"3":0,"4":0,"5":0,"6":0,"7":0,"8":0,"9":0,"10":0,"11":0,"12":0,"13":0,"14":0,"15":0,"16":0,"17":0,"18":0,"19":0,"20":0,"21":0,"22":0,"23":0,"24":0,"25":0,"26":0,"27":0,"28":0,"29":5,"30":5},"f":{"0":5,"1":0,"2":0},"b":{"0":[0,0],"1":[0,0],"2":[0,0],"3":[0,0],"4":[0,0],"5":[0,0],"6":[0,0],"7":[0,0]}}
,"/Users/kentestrada/dev/kent/unimore/manufacturing-execution-system/backend/src/common/filters/validation-exception.filter.ts": {"path":"/Users/kentestrada/dev/kent/unimore/manufacturing-execution-system/backend/src/common/filters/validation-exception.filter.ts","statementMap":{"0":{"start":{"line":1,"column":0},"end":{"line":1,"column":null}},"1":{"start":{"line":14,"column":38},"end":{"line":91,"column":null}},"2":{"start":{"line":15,"column":19},"end":{"line":15,"column":71}},"3":{"start":{"line":18,"column":16},"end":{"line":18,"column":35}},"4":{"start":{"line":19,"column":21},"end":{"line":19,"column":48}},"5":{"start":{"line":20,"column":20},"end":{"line":20,"column":45}},"6":{"start":{"line":21,"column":19},"end":{"line":21,"column":40}},"7":{"start":{"line":22,"column":30},"end":{"line":22,"column":60}},"8":{"start":{"line":25,"column":31},"end":{"line":32,"column":6}},"9":{"start":{"line":35,"column":4},"end":{"line":45,"column":5}},"10":{"start":{"line":36,"column":6},"end":{"line":42,"column":7}},"11":{"start":{"line":38,"column":8},"end":{"line":38,"column":52}},"12":{"start":{"line":39,"column":8},"end":{"line":39,"column":86}},"13":{"start":{"line":41,"column":8},"end":{"line":41,"column":58}},"14":{"start":{"line":44,"column":6},"end":{"line":44,"column":50}},"15":{"start":{"line":48,"column":4},"end":{"line":55,"column":7}},"16":{"start":{"line":58,"column":4},"end":{"line":58,"column":48}},"17":{"start":{"line":65,"column":45},"end":{"line":65,"column":47}},"18":{"start":{"line":67,"column":4},"end":{"line":87,"column":7}},"19":{"start":{"line":70,"column":20},"end":{"line":70,"column":62}},"20":{"start":{"line":72,"column":6},"end":{"line":86,"column":7}},"21":{"start":{"line":73,"column":33},"end":{"line":73,"column":38}},"22":{"start":{"line":74,"column":8},"end":{"line":76,"column":9}},"23":{"start":{"line":75,"column":10},"end":{"line":75,"column":29}},"24":{"start":{"line":77,"column":8},"end":{"line":79,"column":9}},"25":{"start":{"line":78,"column":10},"end":{"line":78,"column":37}},"26":{"start":{"line":82,"column":8},"end":{"line":84,"column":9}},"27":{"start":{"line":83,"column":10},"end":{"line":83,"column":30}},"28":{"start":{"line":85,"column":8},"end":{"line":85,"column":37}},"29":{"start":{"line":89,"column":4},"end":{"line":89,"column":18}},"30":{"start":{"line":14,"column":13},"end":{"line":14,"column":38}},"31":{"start":{"line":14,"column":13},"end":{"line":91,"column":null}}},"fnMap":{"0":{"name":"(anonymous_1)","decl":{"start":{"line":14,"column":7},"end":{"line":14,"column":13}},"loc":{"start":{"line":14,"column":7},"end":{"line":91,"column":1}}},"1":{"name":"(anonymous_2)","decl":{"start":{"line":17,"column":2},"end":{"line":17,"column":7}},"loc":{"start":{"line":17,"column":59},"end":{"line":59,"column":3}}},"2":{"name":"(anonymous_3)","decl":{"start":{"line":64,"column":10},"end":{"line":64,"column":32}},"loc":{"start":{"line":64,"column":51},"end":{"line":90,"column":3}}},"3":{"name":"(anonymous_4)","decl":{"start":{"line":67,"column":21},"end":{"line":67,"column":22}},"loc":{"start":{"line":67,"column":33},"end":{"line":87,"column":5}}}},"branchMap":{"0":{"loc":{"start":{"line":35,"column":4},"end":{"line":45,"column":5}},"type":"if","locations":[{"start":{"line":35,"column":4},"end":{"line":45,"column":5}},{"start":{"line":43,"column":11},"end":{"line":45,"column":5}}]},"1":{"loc":{"start":{"line":36,"column":6},"end":{"line":42,"column":7}},"type":"if","locations":[{"start":{"line":36,"column":6},"end":{"line":42,"column":7}},{"start":{"line":40,"column":13},"end":{"line":42,"column":7}}]},"2":{"loc":{"start":{"line":72,"column":6},"end":{"line":86,"column":7}},"type":"if","locations":[{"start":{"line":72,"column":6},"end":{"line":86,"column":7}},{"start":{"line":80,"column":13},"end":{"line":86,"column":7}}]},"3":{"loc":{"start":{"line":74,"column":8},"end":{"line":76,"column":9}},"type":"if","locations":[{"start":{"line":74,"column":8},"end":{"line":76,"column":9}},{"start":{},"end":{}}]},"4":{"loc":{"start":{"line":74,"column":12},"end":{"line":74,"column":35}},"type":"binary-expr","locations":[{"start":{"line":74,"column":12},"end":{"line":74,"column":17}},{"start":{"line":74,"column":21},"end":{"line":74,"column":35}}]},"5":{"loc":{"start":{"line":77,"column":8},"end":{"line":79,"column":9}},"type":"if","locations":[{"start":{"line":77,"column":8},"end":{"line":79,"column":9}},{"start":{},"end":{}}]},"6":{"loc":{"start":{"line":77,"column":12},"end":{"line":77,"column":26}},"type":"binary-expr","locations":[{"start":{"line":77,"column":12},"end":{"line":77,"column":17}},{"start":{"line":77,"column":21},"end":{"line":77,"column":26}}]},"7":{"loc":{"start":{"line":82,"column":8},"end":{"line":84,"column":9}},"type":"if","locations":[{"start":{"line":82,"column":8},"end":{"line":84,"column":9}},{"start":{},"end":{}}]}},"s":{"0":5,"1":5,"2":5,"3":0,"4":0,"5":0,"6":0,"7":0,"8":0,"9":0,"10":0,"11":0,"12":0,"13":0,"14":0,"15":0,"16":0,"17":0,"18":0,"19":0,"20":0,"21":0,"22":0,"23":0,"24":0,"25":0,"26":0,"27":0,"28":0,"29":0,"30":5,"31":5},"f":{"0":5,"1":0,"2":0,"3":0},"b":{"0":[0,0],"1":[0,0],"2":[0,0],"3":[0,0],"4":[0,0],"5":[0,0],"6":[0,0],"7":[0,0]}}
,"/Users/kentestrada/dev/kent/unimore/manufacturing-execution-system/backend/src/common/guards/rate-limit.guard.ts": {"path":"/Users/kentestrada/dev/kent/unimore/manufacturing-execution-system/backend/src/common/guards/rate-limit.guard.ts","statementMap":{"0":{"start":{"line":1,"column":0},"end":{"line":1,"column":null}},"1":{"start":{"line":8,"column":0},"end":{"line":8,"column":41}},"2":{"start":{"line":9,"column":0},"end":{"line":9,"column":69}},"3":{"start":{"line":10,"column":0},"end":{"line":10,"column":107}},"4":{"start":{"line":16,"column":7},"end":{"line":117,"column":null}},"5":{"start":{"line":22,"column":4},"end":{"line":22,"column":46}},"6":{"start":{"line":29,"column":20},"end":{"line":29,"column":55}},"7":{"start":{"line":30,"column":21},"end":{"line":30,"column":57}},"8":{"start":{"line":33,"column":26},"end":{"line":35,"column":null}},"9":{"start":{"line":38,"column":4},"end":{"line":40,"column":5}},"10":{"start":{"line":39,"column":6},"end":{"line":39,"column":18}},"11":{"start":{"line":43,"column":29},"end":{"line":45,"column":null}},"12":{"start":{"line":49,"column":4},"end":{"line":51,"column":5}},"13":{"start":{"line":50,"column":6},"end":{"line":50,"column":18}},"14":{"start":{"line":54,"column":4},"end":{"line":68,"column":5}},"15":{"start":{"line":55,"column":29},"end":{"line":55,"column":45}},"16":{"start":{"line":58,"column":6},"end":{"line":67,"column":7}},"17":{"start":{"line":60,"column":30},"end":{"line":60,"column":46}},"18":{"start":{"line":62,"column":8},"end":{"line":66,"column":11}},"19":{"start":{"line":70,"column":4},"end":{"line":90,"column":5}},"20":{"start":{"line":71,"column":25},"end":{"line":71,"column":57}},"21":{"start":{"line":74,"column":6},"end":{"line":74,"column":59}},"22":{"start":{"line":76,"column":6},"end":{"line":76,"column":24}},"23":{"start":{"line":79,"column":6},"end":{"line":79,"column":59}},"24":{"start":{"line":81,"column":6},"end":{"line":89,"column":8}},"25":{"start":{"line":98,"column":15},"end":{"line":98,"column":67}},"26":{"start":{"line":99,"column":19},"end":{"line":99,"column":63}},"27":{"start":{"line":100,"column":21},"end":{"line":100,"column":78}},"28":{"start":{"line":102,"column":4},"end":{"line":102,"column":58}},"29":{"start":{"line":109,"column":25},"end":{"line":109,"column":46}},"30":{"start":{"line":110,"column":18},"end":{"line":110,"column":67}},"31":{"start":{"line":111,"column":16},"end":{"line":111,"column":60}},"32":{"start":{"line":113,"column":4},"end":{"line":113,"column":51}},"33":{"start":{"line":114,"column":4},"end":{"line":114,"column":47}},"34":{"start":{"line":115,"column":4},"end":{"line":115,"column":93}},"35":{"start":{"line":16,"column":13},"end":{"line":16,"column":27}},"36":{"start":{"line":16,"column":13},"end":{"line":117,"column":null}},"37":{"start":{"line":123,"column":7},"end":{"line":127,"column":null}},"38":{"start":{"line":125,"column":4},"end":{"line":125,"column":81}},"39":{"start":{"line":123,"column":13},"end":{"line":123,"column":29}},"40":{"star
[...]
:"binary-expr","locations":[{"start":{"line":100,"column":13},"end":{"line":100,"column":21}},{"start":{"line":100,"column":25},"end":{"line":100,"column":29}}]},"16":{"loc":{"start":{"line":111,"column":4},"end":{"line":111,"column":27}},"type":"if","locations":[{"start":{"line":111,"column":4},"end":{"line":111,"column":27}},{"start":{},"end":{}}]},"17":{"loc":{"start":{"line":115,"column":4},"end":{"line":115,"column":31}},"type":"if","locations":[{"start":{"line":115,"column":4},"end":{"line":115,"column":31}},{"start":{},"end":{}}]},"18":{"loc":{"start":{"line":118,"column":4},"end":{"line":122,"column":5}},"type":"if","locations":[{"start":{"line":118,"column":4},"end":{"line":122,"column":5}},{"start":{},"end":{}}]},"19":{"loc":{"start":{"line":118,"column":8},"end":{"line":120,"column":36}},"type":"binary-expr","locations":[{"start":{"line":118,"column":8},"end":{"line":118,"column":39}},{"start":{"line":119,"column":8},"end":{"line":119,"column":39}},{"start":{"line":120,"column":8},"end":{"line":120,"column":36}}]},"20":{"loc":{"start":{"line":139,"column":11},"end":{"line":139,"column":47}},"type":"binary-expr","locations":[{"start":{"line":139,"column":11},"end":{"line":139,"column":34}},{"start":{"line":139,"column":38},"end":{"line":139,"column":47}}]},"21":{"loc":{"start":{"line":154,"column":11},"end":{"line":154,"column":41}},"type":"binary-expr","locations":[{"start":{"line":154,"column":11},"end":{"line":154,"column":28}},{"start":{"line":154,"column":32},"end":{"line":154,"column":41}}]},"22":{"loc":{"start":{"line":170,"column":11},"end":{"line":170,"column":44}},"type":"binary-expr","locations":[{"start":{"line":170,"column":11},"end":{"line":170,"column":32}},{"start":{"line":170,"column":36},"end":{"line":170,"column":44}}]}},"s":{"0":5,"1":5,"2":106,"3":106,"4":1,"5":1,"6":105,"7":105,"8":106,"9":0,"10":106,"11":106,"12":0,"13":106,"14":106,"15":3,"16":103,"17":103,"18":102,"19":1,"20":0,"21":1,"22":1,"23":0,"24":1,"25":208,"26":208,"27":0,"28":208,"29":208,"30":0,"31":208,"32":208,"33":207,"34":1,"35":106,"36":106,"37":0,"38":106,"39":106,"40":0,"41":106,"42":1,"43":105,"44":102,"45":102,"46":0,"47":0,"48":105,"49":105,"50":5,"51":5},"f":{"0":106,"1":106,"2":208,"3":106,"4":102,"5":0,"6":105},"b":{"0":[1,105],"1":[105,0],"2":[105,104],"3":[0,106],"4":[0,106],"5":[106,0],"6":[3,103],"7":[102,1],"8":[103,102,102],"9":[0,1],"10":[1,0],"11":[0,1],"12":[0,208],"13":[0,208],"14":[207,1],"15":[207,0],"16":[0,106],"17":[0,106],"18":[1,105],"19":[106,105,1],"20":[102,102],"21":[0,0],"22":[105,105]}}
,"/Users/kentestrada/dev/kent/unimore/manufacturing-execution-system/backend/src/tenants/tenant.service.ts": {"path":"/Users/kentestrada/dev/kent/unimore/manufacturing-execution-system/backend/src/tenants/tenant.service.ts","statementMap":{"0":{"start":{"line":1,"column":0},"end":{"line":1,"column":51}},"1":{"start":{"line":2,"column":0},"end":{"line":2,"column":47}},"2":{"start":{"line":3,"column":0},"end":{"line":3,"column":54}},"3":{"start":{"line":4,"column":0},"end":{"line":4,"column":40}},"4":{"start":{"line":11,"column":7},"end":{"line":216,"column":null}},"5":{"start":{"line":16,"column":44},"end":{"line":16,"column":59}},"6":{"start":{"line":18,"column":21},"end":{"line":18,"column":36}},"7":{"start":{"line":12,"column":10},"end":{"line":12,"column":39}},"8":{"start":{"line":13,"column":10},"end":{"line":13,"column":33}},"9":{"start":{"line":25,"column":4},"end":{"line":25,"column":29}},"10":{"start":{"line":26,"column":4},"end":{"line":26,"column":37}},"11":{"start":{"line":33,"column":4},"end":{"line":33,"column":25}},"12":{"start":{"line":40,"column":4},"end":{"line":40,"column":29}},"13":{"start":{"line":47,"column":15},"end":{"line":47,"column":72}},"14":{"start":{"line":50,"column":21},"end":{"line":50,"column":75}},"15":{"start":{"line":51,"column":4},"end":{"line":53,"column":5}},"16":{"start":{"line":51,"column":37},"end":{"line":51,"column":68}},"17":{"start":{"line":52,"column":6},"end":{"line":52,"column":80}},"18":{"start":{"line":55,"column":4},"end":{"line":55,"column":14}},"19":{"start":{"line":62,"column":23},"end":{"line":62,"column":68}},"20":{"start":{"line":65,"column":21},"end":{"line":65,"column":40}},"21":{"start":{"line":66,"column":24},"end":{"line":66,"column":85}},"22":{"start":{"line":66,"column":53},"end":{"line":66,"column":84}},"23":{"start":{"line":68,"column":4},"end":{"line":78,"column":5}},"24":{"start":{"line":70,"column":26},"end":{"line":70,"column":46}},"25":{"start":{"line":71,"column":6},"end":{"line":77,"column":25}},"26":{"start":{"line":81,"column":4},"end":{"line":81,"column":52}},"27":{"start":{"line":88,"column":23},"end":{"line":88,"column":68}},"28":{"start":{"line":91,"column":21},"end":{"line":91,"column":40}},"29":{"start":{"line":92,"column":24},"end":{"line":92,"column":85}},"30":{"start":{"line":92,"column":53},"end":{"line":92,"column":84}},"31":{"start":{"line":94,"column":4},"end":{"line":104,"column":5}},"32":{"start":{"line":96,"column":26},"end":{"line":96,"column":46}},"33":{"start":{"line":97,"column":6},"end":{"line":103,"column":30}},"34":{"start":{"line":107,"column":4},"end":{"line":107,"column":60}},"35":{"start":{"line":114,"column":23},"end":{"line":114,"column":68}},"36":{"start":{"line":117,"column":21},"end":{"line":117,"column":40}},"37":{"start":{"line":118,"column":24},"end":{"line":118,"column":85}},"38":{"start":{"line":118,"column":53},"end":{"line":118,"column":84}},"39":{"start":{"line":120,"column":4},"end":{"line":123,"column":5}},"40":{"start":{"line":122,"column":6},"end":{"line":122,"column":38}},"41":{"start":{"line":125,"column":4},"end":{"line":125,"column":35}},"42":{"start":{"line":132,"column":23},"end":{"line":132,"column":68}},"43":{"start":{"line":135,"column":21},"end":{"line":135,"column":40}},"44":{"start":{"line":136,"column":24},"end":{"line":136,"column":85}},"45":{"start":{"line":136,"column":53},"end":{"line":136,"column":84}},"46":{"start":{"line":138,"column":4},"end":{"line":146,"column":5}},"47":{"start":{"line":140,"column":6},"end":{"line":145,"column":7}},"48":{"start":{"line":141,"column":8},"end":{"line":144,"column":11}},"49":{"start":{"line":148,"column":4},"end":{"line":148,"column":39}},"50":{"start":{"line":157,"column":4},"end":{"line":159,"column":5}},"51":{"start":{"line":158,"column":6},"end":{"line":158,"column":22}},"52":{"start":{"line":160,"column":4},"end":{"line":160,"column":56}},"53":{"start":{"line":168,"column":4},"end":{"line":172,"column":5}},"54":{"start":{"line":169,"column":20},"end":{"line":169,"column":43}},"55":{"start":{"line":170,"column":6},"end":{"line":170,"column":58}},"56":{"start":{"line":171,"column":6},"end":{"line":171,"column":58}},"57":{"start":{"line":174,"column":4},"end":{"line":174,"column":55}},"58":{"start":{"line":185,"column":4},"end":{"line":187,"column":5}},"59":{"start":{"line":186,"column":6},"end":{"line":186,"column":18}},"60":{"start":{"line":190,"column":4},"end":{"line":190,"column":38}},"61":{"start":{"line":199,"column":4},"end":{"line":199,"column":17}},"62":{"start":{"line":207,"column":4},"end":{"line":214,"column":6}},"63":{"start":{"line":11,"column":13},"end":{"line":11,"column":26}},"64":{"start":{"line":11,"column":13},"end":{"line":216,"column":null}}},"fnMap":{"0":{"name":"(anonymous_4)","decl":{"start":{"line":15,"column":2},"end":{"line":15,"column":null}},"loc":{"start":{"line":18,"column":49},"end":{"line":19,"column":6}}},"1":{"name":"(anonymous_5)","decl":{"start":{"line":24,"column":2},"end":{"line":24,"column":11}},"loc":{"start":{"line":24,"column":42},"end":{"line":27,"column":3}}},"2":{"name":"(anonymous_6)","decl":{"start":{"line":32,"column":2},"end":{"line":32,"column":13}},"loc":{"start":{"line":32,"column":13},"end":{"line":34,"column":3}}},"3":{"name":"(anonymous_7)","decl":{"start":{"line":39,"column":2},"end":{"line":39,"column":17}},"loc":{"start":{"line":39,"column":17},"end":{"line":41,"column":3}}},"4":{"name":"(anonymous_8)","decl":{"start":{"line":46,"column":2},"end":{"line":46,"column":20}},"loc":{"start":{"line":46,"column":52},"end":{"line":56,"column":3}}},"5":{"name":"(anonymous_9)","decl":{"start":{"line":51,"column":30},"end":{"line":51,"column":33}},"loc":{"start":{"line":51,"column":37},"end":{"line":51,"column":68}}},"6":{"name":"(anonymous_10)","decl":{"start":{"line":61,"column":2},"end":{"line":61,"column":7}},"loc":{"start":{"line":61,"column":53},"end":{"line":82,"column":3}}},"7":{"name":"(anonymous_11)","decl":{"start":{"line":66,"column":46},"end":{"line":66,"column":49}},"loc":{"start":{"line":66,"column":53},"end":{"line":66,"column":84}}},"8":{"name":"(anonymous_12)","decl":{"start":{"line":87,"column":2},"end":{"line":87,"column":7}},"loc":{"start":{"line":87,"column":56},"end":{"line":108,"column":3}}},"9":{"name":"(anonymous_13)","decl":{"start":{"line":92,"column":46},"end":{"line":92,"column":49}},"loc":{"start":{"line":92,"column":53},"end":{"line":92,"column":84}}},"10":{"name":"(anonymous_14)","decl":{"start":{"line":113,"column":2},"end":{"line":113,"column":7}},"loc":{"start":{"line":113,"column":45},"end":{"line":126,"column":3}}},"11":{"name":"(anonymous_15)","decl":{"start":{"line":118,"column":46},"end":{"line":118,"column":49}},"loc":{"start":{"line":118,"column":53},"end":{"line":118,"column":84}}},"12":{"name":"(anonymous_16)","decl":{"start":{"line":131,"column":2},"end":{"line":131,"column":7}},"loc":{"start":{"line":131,"column":46},"end":{"line":149,"column":3}}},"13":{"name":"(anonymous_17)","decl":{"start":{"line":136,"column":46},"end":{"line":136,"column":49}},"loc":{"start":{"line":136,"column":53},"end":{"line":136,"column":84}}},"14":{"name":"(anonymous_18)","decl":{"start":{"line":155,"column":2},"end":{"line":155,"column":17}},"loc":{"start":{"line":155,"column":17},"end":{"line":161,"column":3}}},"15":{"name":"(anonymous_19)","decl":{"start":{"line":166,"column":2},"end":{"line":166,"column":7}},"loc":{"start":{"line":166,"column":57},"end":{"line":175,"column":3}}},"16":{"name":"(anonymous_20)","decl":{"start":{"line":180,"column":2},"end":{"line":180,"column":7}},"loc":{"start":{"line":180,"column":58},"end":{"line":191,"column":3}}},"17":{"name":"(anonymous_21)","decl":{"start":{"line":196,"column":10},"end":{"line":196,"column":15}},"loc":{"start":{"line":196,"column":43},"end":{"line":200,"column":3}}},"18":{"name":"(anonymous_22)","decl":{"start":{"line":205,"column":2},"end":{"line":205,"column":7}},"loc":{"start":{"line":205,"column":22},"end":{"line":215,"column":3}}}},"branchMap":{"0":{"loc":{"start":{"line":26,"column":24},"end":{"line":26,"column":36}},"type":"binary-expr","locations":[{"start":{"line":26,"column":24},"end":{"line":26,"column":30}},{"start":{"line":26,"column":34},"end":{"line":26,"column":36}}]},"1":{"loc":{"start":{"line":51,"column":4},"end":{"line":53,"column":5}},"type":"if","locations":[{"start":{"line":51,"column":4},"end":{"line":53,"column":5}},{"start":{},"end":{}}]},"2":{"loc":{"start":{"line":68,"column":4},"end":{"line":78,"column":5}},"type":"if","locations":[{"start":{"line":68,"column":4},"end":{"line":78,"column":5}},{"start":{},"end":{}}]},"3":{"loc":{"start":{"line":70,"column":26},"end":{"line":70,"column":46}},"type":"binary-expr","locations":[{"start":{"line":70,"column":26},"end":{"line":70,"column":40}},{"start":{"line":70,"column":44},"end":{"line":70,"column":46}}]},"4":{"loc":{"start":{"line":94,"column":4},"end":{"line":104,"column":5}},"type":"if","locations":[{"start":{"line":94,"column":4},"end":{"line":104,"column":5}},{"start":{},"end":{}}]},"5":{"loc":{"start":{"line":96,"column":26},"end":{"line":96,"column":46}},"type":"binary-expr","locations":[{"start":{"line":96,"column":26},"end":{"line":96,"column":40}},{"start":{"line":96,"column":44},"end":{"line":96,"column":46}}]},"6":{"loc":{"start":{"line":120,"column":4},"end":{"line":123,"column":5}},"type":"if","locations":[{"start":{"line":120,"column":4},"end":{"line":123,"column":5}},{"start":{},"end":{}}]},"7":{"loc":{"start":{"line":120,"column":8},"end":{"line":120,"column":39}},"type":"binary-expr","locations":[{"start":{"line":120,"column":8},"end":{"line":120,"column":19}},{"start":{"line":120,"column":23},"end":{"line":120,"column":39}}]},"8":{"loc":{"start":{"line":138,"column":4},"end":{"line":146,"column":5}},"type":"if","locations":[{"start":{"line":138,"column":4},"end":{"line":146,"column":5}},{"start":{},"end":{}}]},"9":{"loc":{"start":{"line":140,"column":6},"end":{"line":145,"column":7}},"type":"if","locations":[{"start":{"line":140,"column":6},"end":{"line":145,"column":7}},{"start":{},"end":{}}]},"10":{"loc":{"start":{"line":140,"column":10},"end":{"line":140,"column":66}},"type":"binary-expr","locations":[{"start":{"line":140,"column":10},"end":{"line":140,"column":38}},{"start":{"line":140,"column":42},"end":{"line":140,"column":66}}]},"11":{"loc":{"start":{"line":157,"column":4},"end":{"line":159,"column":5}},"type":"if","locations":[{"start":{"line":157,"column":4},"end":{"line":159,"column":5}},{"start":{},"end":{}}]},"12":{"loc":{"start":{"line":168,"column":4},"end":{"line":172,"column":5}},"type":"if","locations":[{"start":{"line":168,"column":4},"end":{"line":172,"column":5}},{"start":{},"end":{}}]},"13":{"loc":{"start":{"line":169,"column":20},"end":{"line":169,"column":43}},"type":"binary-expr","locations":[{"start":{"line":169,"column":20},"end":{"line":169,"column":38}},{"start":{"line":169,"column":42},"end":{"line":169,"column":43}}]},"14":{"loc":{"start":{"line":171,"column":24},"end":{"line":171,"column":40}},"type":"binary-expr","locations":[{"start":{"line":171,"column":24},"end":{"line":171,"column":34}},{"start":{"line":171,"column":38},"end":{"line":171,"column":40}}]},"15":{"loc":{"start":{"line":185,"column":4},"end":{"line":187,"column":5}},"type":"if","locations":[{"start":{"line":185,"column":4},"end":{"line":187,"column":5}},{"start":{},"end":{}}]},"16":{"loc":{"start":{"line":16,"column":59},"end":{"line":16,"column":null}},"type":"cond-expr","locations":[{"start":{"line":16,"column":72},"end":{"line":16,"column":null}},{"start":{"line":16,"column":72},"end":{"line":16,"column":null}}]},"17":{"loc":{"start":{"line":16,"column":59},"end":{"line":16,"column":72}},"type":"binary-expr","locations":[{"start":{"line":16,"column":59},"end":{"line":16,"column":null}},{"start":{"line":16,"column":59},"end":{"line":16,"column":72}}]},"18":{"loc":{"start":{"line":16,"column":72},"end":{"line":18,"column":null}},"type":"cond-expr","locations":[{"start":{"line":18,"column":49},"end":{"line":18,"column":null}},{"start":{"line":18,"column":49},"end":{"line":18,"column":null}}]},"19":{"loc":{"start":{"line":16,"column":72},"end":{"line":18,"column":49}},"type":"binary-expr","locations":[{"start":{"line":16,"column":72},"end":{"line":18,"column":null}},{"start":{"line":18,"column":36},"end":{"line":18,"column":49}}]}},"s":{"0":5,"1":5,"2":5,"3":5,"4":5,"5":7,"6":7,"7":7,"8":7,"9":7,"10":7,"11":0,"12":0,"13":0,"14":0,"15":0,"16":0,"17":0,"18":0,"19":0,"20":0,"21":0,"22":0,"23":0,"24":0,"25":0,"26":0,"27":0,"28":0,"29":0,"30":0,"31":0,"32":0,"33":0,"34":0,"35":0,"36":0,"37":0,"38":0,"39":0,"40":0,"41":0,"42":0,"43":0,"44":0,"45":0,"46":0,"47":0,"48":0,"49":0,"50":0,"51":0,"52":0,"53":0,"54":0,"55":0,"56":0,"57":0,"58":0,"59":0,"60":0,"61":0,"62":0,"63":5,"64":5},"f":{"0":7,"1":7,"2":0,"3":0,"4":0,"5":0,"6":0,"7":0,"8":0,"9":0,"10":0,"11":0,"12":0,"13":0,"14":0,"15":0,"16":0,"17":0,"18":0},"b":{"0":[7,0],"1":[0,0],"2":[0,0],"3":[0,0],"4":[0,0],"5":[0,0],"6":[0,0],"7":[0,0],"8":[0,0],"9":[0,0],"10":[0,0],"11":[0,0],"12":[0,0],"13":[0,0],"14":[0,0],"15":[0,0],"16":[5,0],"17":[5,5],"18":[5,0],"19":[5,5]}}
,"/Users/kentestrada/dev/kent/unimore/manufacturing-execution-system/backend/src/tenants/decorators/tenant.decorators.ts": {"path":"/Users/kentestrada/dev/kent/unimore/manufacturing-execution-system/backend/src/tenants/decorators/tenant.decorators.ts","statementMap":{"0":{"start":{"line":1,"column":0},"end":{"line":1,"column":85}},"1":{"start":{"line":7,"column":30},"end":{"line":8,"column":40}},"2":{"start":{"line":8,"column":2},"end":{"line":8,"column":40}},"3":{"start":{"line":7,"column":13},"end":{"line":7,"column":30}},"4":{"start":{"line":13,"column":29},"end":{"line":13,"column":69}},"5":{"start":{"line":13,"column":35},"end":{"line":13,"column":69}},"6":{"start":{"line":13,"column":13},"end":{"line":13,"column":29}},"7":{"start":{"line":18,"column":13},"end":{"line":23,"column":2}},"8":{"start":{"line":20,"column":20},"end":{"line":20,"column":70}},"9":{"start":{"line":21,"column":4},"end":{"line":21,"column":41}},"10":{"start":{"line":28,"column":13},"end":{"line":33,"column":2}},"11":{"start":{"line":30,"column":20},"end":{"line":30,"column":70}},"12":{"start":{"line":31,"column":4},"end":{"line":31,"column":71}},"13":{"start":{"line":38,"column":27},"end":{"line":38,"column":65}},"14":{"start":{"line":38,"column":33},"end":{"line":38,"column":65}},"15":{"start":{"line":38,"column":13},"end":{"line":38,"column":27}},"16":{"start":{"line":43,"column":0},"end":{"line":43,"column":null}},"17":{"start":{"line":44,"column":2},"end":{"line":44,"column":null}},"18":{"start":{"line":45,"column":2},"end":{"line":45,"column":null}},"19":{"start":{"line":46,"column":2},"end":{"line":46,"column":null}},"20":{"start":{"line":49,"column":31},"end":{"line":50,"column":50}},"21":{"start":{"line":50,"column":2},"end":{"line":50,"column":50}},"22":{"start":{"line":49,"column":13},"end":{"line":49,"column":31}}},"fnMap":{"0":{"name":"(anonymous_0)","decl":{"start":{"line":7,"column":30},"end":{"line":7,"column":31}},"loc":{"start":{"line":8,"column":2},"end":{"line":8,"column":40}}},"1":{"name":"(anonymous_1)","decl":{"start":{"line":13,"column":29},"end":{"line":13,"column":32}},"loc":{"start":{"line":13,"column":35},"end":{"line":13,"column":69}}},"2":{"name":"(anonymous_2)","decl":{"start":{"line":19,"column":2},"end":{"line":19,"column":3}},"loc":{"start":{"line":19,"column":52},"end":{"line":22,"column":3}}},"3":{"name":"(anonymous_3)","decl":{"start":{"line":29,"column":2},"end":{"line":29,"column":3}},"loc":{"start":{"line":29,"column":44},"end":{"line":32,"column":3}}},"4":{"name":"(anonymous_4)","decl":{"start":{"line":38,"column":27},"end":{"line":38,"column":30}},"loc":{"start":{"line":38,"column":33},"end":{"line":38,"column":65}}},"5":{"name":"(anonymous_5)","decl":{"start":{"line":43,"column":0},"end":{"line":43,"column":12}},"loc":{"start":{"line":43,"column":35},"end":{"line":47,"column":1}}},"6":{"name":"(anonymous_6)","decl":{"start":{"line":49,"column":31},"end":{"line":49,"column":32}},"loc":{"start":{"line":50,"column":2},"end":{"line":50,"column":50}}}},"branchMap":{"0":{"loc":{"start":{"line":21,"column":11},"end":{"line":21,"column":40}},"type":"binary-expr","locations":[{"start":{"line":21,"column":11},"end":{"line":21,"column":27}},{"start":{"line":21,"column":31},"end":{"line":21,"column":40}}]},"1":{"loc":{"start":{"line":31,"column":11},"end":{"line":31,"column":70}},"type":"binary-expr","locations":[{"start":{"line":31,"column":11},"end":{"line":31,"column":25}},{"start":{"line":31,"column":29},"end":{"line":31,"column":70}}]},"2":{"loc":{"start":{"line":43,"column":12},"end":{"line":43,"column":null}},"type":"binary-expr","locations":[{"start":{"line":43,"column":12},"end":{"line":43,"column":35}},{"start":{"line":43,"column":35},"end":{"line":43,"column":null}}]}},"s":{"0":5,"1":5,"2":0,"3":5,"4":5,"5":0,"6":5,"7":5,"8":3,"9":3,"10":5,"11":3,"12":3,"13":5,"14":30,"15":5,"16":5,"17":5,"18":5,"19":5,"20":5,"21":0,"22":5},"f":{"0":0,"1":0,"2":3,"3":3,"4":30,"5":5,"6":0},"b":{"0":[3,0],"1":[3,0],"2":[5,5]}}
,"/Users/kentestrada/dev/kent/unimore/manufacturing-execution-system/backend/src/types/express.d.ts": {"path":"/Users/kentestrada/dev/kent/unimore/manufacturing-execution-system/backend/src/types/express.d.ts","statementMap":{},"fnMap":{},"branchMap":{},"s":{},"f":{},"b":{}}
}
